#
# There is insufficient memory for the Java Runtime Environment to continue.
# Native memory allocation (malloc) failed to allocate 1670576 bytes for Chunk::new
# Possible reasons:
#   The system is out of physical RAM or swap space
#   The process is running with CompressedOops enabled, and the Java Heap may be blocking the growth of the native heap
# Possible solutions:
#   Reduce memory load on the system
#   Increase physical memory or swap space
#   Check if swap backing store is full
#   Decrease Java heap size (-Xmx/-Xms)
#   Decrease number of Java threads
#   Decrease Java thread stack sizes (-Xss)
#   Set larger code cache with -XX:ReservedCodeCacheSize=
#   JVM is running with Unscaled Compressed Oops mode in which the Java heap is
#     placed in the first 4GB address space. The Java Heap base address is the
#     maximum limit for the native heap growth. Please use -XX:HeapBaseMinAddress
#     to set the Java Heap base and to place the Java Heap above 4GB virtual address.
# This output file may be truncated or incomplete.
#
#  Out of Memory Error (arena.cpp:189), pid=22700, tid=29744
#
# JRE version: OpenJDK Runtime Environment 21.9 (17.0.3+6) (build 17.0.3+6-LTS)
# Java VM: OpenJDK 64-Bit Server VM 21.9 (17.0.3+6-LTS, mixed mode, sharing, tiered, compressed oops, compressed class ptrs, g1 gc, windows-amd64)
# No core dump will be written. Minidumps are not enabled by default on client versions of Windows
#

---------------  S U M M A R Y ------------

Command Line: --add-opens=java.base/java.util=ALL-UNNAMED --add-opens=java.base/java.lang=ALL-UNNAMED --add-opens=java.base/java.lang.invoke=ALL-UNNAMED --add-opens=java.prefs/java.util.prefs=ALL-UNNAMED --add-opens=java.base/java.nio.charset=ALL-UNNAMED --add-opens=java.base/java.net=ALL-UNNAMED --add-opens=java.base/java.util.concurrent.atomic=ALL-UNNAMED -XX:MaxMetaspaceSize=384m -XX:+HeapDumpOnOutOfMemoryError -Xms256m -Xmx512m -Dfile.encoding=UTF-8 -Duser.country=KR -Duser.language=ko -Duser.variant -javaagent:C:\Users\Playdata\.gradle\wrapper\dists\gradle-8.5-bin\5t9huq95ubn472n8rpzujfbqh\gradle-8.5\lib\agents\gradle-instrumentation-agent-8.5.jar org.gradle.launcher.daemon.bootstrap.GradleDaemon 8.5

Host: 11th Gen Intel(R) Core(TM) i5-1135G7 @ 2.40GHz, 8 cores, 15G,  Windows 11 , 64 bit Build 22621 (10.0.22621.3085)
Time: Wed Mar 13 18:48:35 2024  Windows 11 , 64 bit Build 22621 (10.0.22621.3085) elapsed time: 78.367234 seconds (0d 0h 1m 18s)

---------------  T H R E A D  ---------------

Current thread (0x000001e1b671f2e0):  JavaThread "C2 CompilerThread0" daemon [_thread_in_native, id=29744, stack(0x000000a9ba000000,0x000000a9ba100000)]


Current CompileTask:
C2:  78367 5145       4       org.objectweb.asm.Frame::execute (2318 bytes)

Stack: [0x000000a9ba000000,0x000000a9ba100000]
Native frames: (J=compiled Java code, j=interpreted, Vv=VM code, C=native code)
V  [jvm.dll+0x67720a]
V  [jvm.dll+0x832514]
V  [jvm.dll+0x833cbe]
V  [jvm.dll+0x834323]
V  [jvm.dll+0x245815]
V  [jvm.dll+0xabf1b]
V  [jvm.dll+0xac4ac]
V  [jvm.dll+0x3639b2]
V  [jvm.dll+0x32ded1]
V  [jvm.dll+0x32d37a]
V  [jvm.dll+0x218771]
V  [jvm.dll+0x217b91]
V  [jvm.dll+0x1a400d]
V  [jvm.dll+0x227508]
V  [jvm.dll+0x22565c]
V  [jvm.dll+0x7e7d5c]
V  [jvm.dll+0x7e230a]
V  [jvm.dll+0x676095]
C  [ucrtbase.dll+0x29363]
C  [KERNEL32.DLL+0x1257d]
C  [ntdll.dll+0x5aa58]


---------------  P R O C E S S  ---------------

Threads class SMR info:
_java_thread_list=0x000001e1baf6a430, length=51, elements={
0x000001e19bbe2460, 0x000001e1b66f8710, 0x000001e1b66f92c0, 0x000001e1b6718510,
0x000001e1b671afe0, 0x000001e1b671bb90, 0x000001e1b671e550, 0x000001e1b671f2e0,
0x000001e1b70c00f0, 0x000001e1b676dbc0, 0x000001e1b7149880, 0x000001e1b724ef20,
0x000001e1b8c61420, 0x000001e1b8364400, 0x000001e1b88af8c0, 0x000001e1b772af50,
0x000001e1b772b420, 0x000001e1b7d1f8a0, 0x000001e1b7f20b70, 0x000001e1b7f21040,
0x000001e1b7f21510, 0x000001e1b886d0b0, 0x000001e1b7fe4170, 0x000001e1b7fe37d0,
0x000001e1b7fe54b0, 0x000001e1b7fe5980, 0x000001e1b7fe1fc0, 0x000001e1b7fe4fe0,
0x000001e1b7fe4640, 0x000001e1b7fe2490, 0x000001e1b7fe2960, 0x000001e1b7fe2e30,
0x000001e1b7fe3300, 0x000001e1b7fe3ca0, 0x000001e1bbef21b0, 0x000001e1bbef1810,
0x000001e1bbef3020, 0x000001e1bbef39c0, 0x000001e1b87c28b0, 0x000001e1b87bdbb0,
0x000001e1b87c23e0, 0x000001e1b87c3bf0, 0x000001e1b87bd6e0, 0x000001e1b87c1f10,
0x000001e1b87bea20, 0x000001e1b87bd210, 0x000001e1b87bf890, 0x000001e1b87c10a0,
0x000001e1b87c2d80, 0x000001e1b87beef0, 0x000001e1b87bfd60
}

Java Threads: ( => current thread )
  0x000001e19bbe2460 JavaThread "main" [_thread_blocked, id=16416, stack(0x000000a9b9300000,0x000000a9b9400000)]
  0x000001e1b66f8710 JavaThread "Reference Handler" daemon [_thread_blocked, id=31884, stack(0x000000a9b9a00000,0x000000a9b9b00000)]
  0x000001e1b66f92c0 JavaThread "Finalizer" daemon [_thread_blocked, id=26860, stack(0x000000a9b9b00000,0x000000a9b9c00000)]
  0x000001e1b6718510 JavaThread "Signal Dispatcher" daemon [_thread_blocked, id=35072, stack(0x000000a9b9c00000,0x000000a9b9d00000)]
  0x000001e1b671afe0 JavaThread "Attach Listener" daemon [_thread_blocked, id=33864, stack(0x000000a9b9d00000,0x000000a9b9e00000)]
  0x000001e1b671bb90 JavaThread "Service Thread" daemon [_thread_blocked, id=21308, stack(0x000000a9b9e00000,0x000000a9b9f00000)]
  0x000001e1b671e550 JavaThread "Monitor Deflation Thread" daemon [_thread_blocked, id=25332, stack(0x000000a9b9f00000,0x000000a9ba000000)]
=>0x000001e1b671f2e0 JavaThread "C2 CompilerThread0" daemon [_thread_in_native, id=29744, stack(0x000000a9ba000000,0x000000a9ba100000)]
  0x000001e1b70c00f0 JavaThread "C1 CompilerThread0" daemon [_thread_blocked, id=33212, stack(0x000000a9ba100000,0x000000a9ba200000)]
  0x000001e1b676dbc0 JavaThread "Sweeper thread" daemon [_thread_blocked, id=22604, stack(0x000000a9ba200000,0x000000a9ba300000)]
  0x000001e1b7149880 JavaThread "Common-Cleaner" daemon [_thread_blocked, id=28004, stack(0x000000a9ba300000,0x000000a9ba400000)]
  0x000001e1b724ef20 JavaThread "Notification Thread" daemon [_thread_blocked, id=8168, stack(0x000000a9ba400000,0x000000a9ba500000)]
  0x000001e1b8c61420 JavaThread "Daemon health stats" [_thread_blocked, id=12004, stack(0x000000a9bac00000,0x000000a9bad00000)]
  0x000001e1b8364400 JavaThread "Incoming local TCP Connector on port 61690" [_thread_in_native, id=2008, stack(0x000000a9bad00000,0x000000a9bae00000)]
  0x000001e1b88af8c0 JavaThread "Daemon periodic checks" [_thread_blocked, id=35560, stack(0x000000a9bae00000,0x000000a9baf00000)]
  0x000001e1b772af50 JavaThread "Daemon" [_thread_blocked, id=20536, stack(0x000000a9baf00000,0x000000a9bb000000)]
  0x000001e1b772b420 JavaThread "Handler for socket connection from /127.0.0.1:61690 to /127.0.0.1:61694" [_thread_in_native, id=34948, stack(0x000000a9bb000000,0x000000a9bb100000)]
  0x000001e1b7d1f8a0 JavaThread "Cancel handler" [_thread_blocked, id=15200, stack(0x000000a9bb100000,0x000000a9bb200000)]
  0x000001e1b7f20b70 JavaThread "Daemon worker" [_thread_in_Java, id=27552, stack(0x000000a9bb200000,0x000000a9bb300000)]
  0x000001e1b7f21040 JavaThread "Asynchronous log dispatcher for DefaultDaemonConnection: socket connection from /127.0.0.1:61690 to /127.0.0.1:61694" [_thread_blocked, id=35128, stack(0x000000a9bb300000,0x000000a9bb400000)]
  0x000001e1b7f21510 JavaThread "Stdin handler" [_thread_blocked, id=25728, stack(0x000000a9bb400000,0x000000a9bb500000)]
  0x000001e1b886d0b0 JavaThread "Daemon client event forwarder" [_thread_blocked, id=10524, stack(0x000000a9bb500000,0x000000a9bb600000)]
  0x000001e1b7fe4170 JavaThread "Cache worker for journal cache (C:\Users\Playdata\.gradle\caches\journal-1)" [_thread_blocked, id=23156, stack(0x000000a9ba600000,0x000000a9ba700000)]
  0x000001e1b7fe37d0 JavaThread "File lock request listener" [_thread_in_native, id=30260, stack(0x000000a9bb600000,0x000000a9bb700000)]
  0x000001e1b7fe54b0 JavaThread "File lock release action executor" [_thread_blocked, id=12364, stack(0x000000a9bb700000,0x000000a9bb800000)]
  0x000001e1b7fe5980 JavaThread "Cache worker for file hash cache (C:\Users\Playdata\.gradle\caches\8.5\fileHashes)" [_thread_blocked, id=29472, stack(0x000000a9bb800000,0x000000a9bb900000)]
  0x000001e1b7fe1fc0 JavaThread "File watcher server" daemon [_thread_in_native, id=25296, stack(0x000000a9bba00000,0x000000a9bbb00000)]
  0x000001e1b7fe4fe0 JavaThread "File watcher consumer" daemon [_thread_blocked, id=13092, stack(0x000000a9bbb00000,0x000000a9bbc00000)]
  0x000001e1b7fe4640 JavaThread "Cache worker for checksums cache (C:\innerjoinus\innerjoinus-user-client-source\.gradle\8.5\checksums)" [_thread_blocked, id=35408, stack(0x000000a9bbe00000,0x000000a9bbf00000)]
  0x000001e1b7fe2490 JavaThread "Cache worker for file hash cache (C:\innerjoinus\innerjoinus-user-client-source\.gradle\8.5\fileHashes)" [_thread_blocked, id=15260, stack(0x000000a9bbf00000,0x000000a9bc000000)]
  0x000001e1b7fe2960 JavaThread "Cache worker for cache directory md-supplier (C:\Users\Playdata\.gradle\caches\8.5\md-supplier)" [_thread_blocked, id=12808, stack(0x000000a9bc000000,0x000000a9bc100000)]
  0x000001e1b7fe2e30 JavaThread "Cache worker for cache directory md-rule (C:\Users\Playdata\.gradle\caches\8.5\md-rule)" [_thread_blocked, id=11544, stack(0x000000a9bc100000,0x000000a9bc200000)]
  0x000001e1b7fe3300 JavaThread "Cache worker for file content cache (C:\Users\Playdata\.gradle\caches\8.5\fileContent)" [_thread_blocked, id=32060, stack(0x000000a9bc200000,0x000000a9bc300000)]
  0x000001e1b7fe3ca0 JavaThread "Cache worker for execution history cache (C:\Users\Playdata\.gradle\caches\8.5\executionHistory)" [_thread_blocked, id=11996, stack(0x000000a9bc300000,0x000000a9bc400000)]
  0x000001e1bbef21b0 JavaThread "jar transforms" [_thread_blocked, id=34184, stack(0x000000a9bc400000,0x000000a9bc500000)]
  0x000001e1bbef1810 JavaThread "jar transforms Thread 2" [_thread_blocked, id=13236, stack(0x000000a9bc500000,0x000000a9bc600000)]
  0x000001e1bbef3020 JavaThread "jar transforms Thread 3" [_thread_blocked, id=28008, stack(0x000000a9bc600000,0x000000a9bc700000)]
  0x000001e1bbef39c0 JavaThread "jar transforms Thread 4" [_thread_blocked, id=15812, stack(0x000000a9bc900000,0x000000a9bca00000)]
  0x000001e1b87c28b0 JavaThread "jar transforms Thread 5" [_thread_blocked, id=31264, stack(0x000000a9bca00000,0x000000a9bcb00000)]
  0x000001e1b87bdbb0 JavaThread "jar transforms Thread 6" [_thread_blocked, id=27160, stack(0x000000a9bcb00000,0x000000a9bcc00000)]
  0x000001e1b87c23e0 JavaThread "Cache worker for dependencies-accessors (C:\innerjoinus\innerjoinus-user-client-source\.gradle\8.5\dependencies-accessors)" [_thread_blocked, id=3828, stack(0x000000a9bcd00000,0x000000a9bce00000)]
  0x000001e1b87c3bf0 JavaThread "jar transforms Thread 7" [_thread_blocked, id=5944, stack(0x000000a9b9100000,0x000000a9b9200000)]
  0x000001e1b87bd6e0 JavaThread "Cache worker for Build Output Cleanup Cache (C:\innerjoinus\innerjoinus-user-client-source\.gradle\buildOutputCleanup)" [_thread_blocked, id=1480, stack(0x000000a9b9200000,0x000000a9b9300000)]
  0x000001e1b87c1f10 JavaThread "Unconstrained build operations" [_thread_blocked, id=10980, stack(0x000000a9bcc00000,0x000000a9bcd00000)]
  0x000001e1b87bea20 JavaThread "Unconstrained build operations Thread 2" [_thread_blocked, id=32568, stack(0x000000a9bce00000,0x000000a9bcf00000)]
  0x000001e1b87bd210 JavaThread "Unconstrained build operations Thread 3" [_thread_blocked, id=4936, stack(0x000000a9bcf00000,0x000000a9bd000000)]
  0x000001e1b87bf890 JavaThread "Unconstrained build operations Thread 4" [_thread_blocked, id=26484, stack(0x000000a9bd000000,0x000000a9bd100000)]
  0x000001e1b87c10a0 JavaThread "Unconstrained build operations Thread 5" [_thread_blocked, id=29424, stack(0x000000a9bd100000,0x000000a9bd200000)]
  0x000001e1b87c2d80 JavaThread "Unconstrained build operations Thread 6" [_thread_blocked, id=35064, stack(0x000000a9bd200000,0x000000a9bd300000)]
  0x000001e1b87beef0 JavaThread "Unconstrained build operations Thread 7" [_thread_blocked, id=15436, stack(0x000000a9bd300000,0x000000a9bd400000)]
  0x000001e1b87bfd60 JavaThread "jar transforms Thread 8" [_thread_blocked, id=25584, stack(0x000000a9bd400000,0x000000a9bd500000)]

Other Threads:
  0x000001e1b66f1510 VMThread "VM Thread" [stack: 0x000000a9b9900000,0x000000a9b9a00000] [id=29684]
  0x000001e1b7207d10 WatcherThread [stack: 0x000000a9ba500000,0x000000a9ba600000] [id=23352]
  0x000001e19bc112a0 GCTaskThread "GC Thread#0" [stack: 0x000000a9b9400000,0x000000a9b9500000] [id=34644]
  0x000001e1b7d6e6f0 GCTaskThread "GC Thread#1" [stack: 0x000000a9ba700000,0x000000a9ba800000] [id=2592]
  0x000001e1b7f6cc50 GCTaskThread "GC Thread#2" [stack: 0x000000a9ba800000,0x000000a9ba900000] [id=34884]
  0x000001e1b7f6cf00 GCTaskThread "GC Thread#3" [stack: 0x000000a9ba900000,0x000000a9baa00000] [id=32724]
  0x000001e1b7f6d1b0 GCTaskThread "GC Thread#4" [stack: 0x000000a9baa00000,0x000000a9bab00000] [id=21416]
  0x000001e1b7f6d460 GCTaskThread "GC Thread#5" [stack: 0x000000a9bab00000,0x000000a9bac00000] [id=6320]
  0x000001e1b7748840 GCTaskThread "GC Thread#6" [stack: 0x000000a9bb900000,0x000000a9bba00000] [id=26396]
  0x000001e1baa435a0 GCTaskThread "GC Thread#7" [stack: 0x000000a9bbc00000,0x000000a9bbd00000] [id=3352]
  0x000001e19bc161e0 ConcurrentGCThread "G1 Main Marker" [stack: 0x000000a9b9500000,0x000000a9b9600000] [id=17680]
  0x000001e19bc16bf0 ConcurrentGCThread "G1 Conc#0" [stack: 0x000000a9b9600000,0x000000a9b9700000] [id=34988]
  0x000001e1baa43850 ConcurrentGCThread "G1 Conc#1" [stack: 0x000000a9bbd00000,0x000000a9bbe00000] [id=34356]
  0x000001e19bcae950 ConcurrentGCThread "G1 Refine#0" [stack: 0x000000a9b9700000,0x000000a9b9800000] [id=22284]
  0x000001e1b65b48d0 ConcurrentGCThread "G1 Service" [stack: 0x000000a9b9800000,0x000000a9b9900000] [id=30636]

Threads with active compile tasks:
C2 CompilerThread0    78388 5145       4       org.objectweb.asm.Frame::execute (2318 bytes)

VM state: not at safepoint (normal execution)

VM Mutex/Monitor currently owned by a thread:  ([mutex/lock_event])
[0x000001e19bbdd870] MethodCompileQueue_lock - owner thread: 0x0000000000000000

Heap address: 0x00000000e0000000, size: 512 MB, Compressed Oops mode: 32-bit

CDS archive(s) mapped at: [0x0000000800000000-0x0000000800bc0000-0x0000000800bc0000), size 12320768, SharedBaseAddress: 0x0000000800000000, ArchiveRelocationMode: 0.
Compressed class space mapped at: 0x0000000800c00000-0x0000000814000000, reserved size: 322961408
Narrow klass base: 0x0000000800000000, Narrow klass shift: 0, Narrow klass range: 0x100000000

GC Precious Log:
 CPUs: 8 total, 8 available
 Memory: 16107M
 Large Page Support: Disabled
 NUMA Support: Disabled
 Compressed Oops: Enabled (32-bit)
 Heap Region Size: 1M
 Heap Min Capacity: 256M
 Heap Initial Capacity: 256M
 Heap Max Capacity: 512M
 Pre-touch: Disabled
 Parallel Workers: 8
 Concurrent Workers: 2
 Concurrent Refinement Workers: 8
 Periodic GC: Disabled

Heap:
 garbage-first heap   total 262144K, used 100558K [0x00000000e0000000, 0x0000000100000000)
  region size 1024K, 69 young (70656K), 1 survivors (1024K)
 Metaspace       used 43035K, committed 43520K, reserved 356352K
  class space    used 6024K, committed 6272K, reserved 315392K

Heap Regions: E=young(eden), S=young(survivor), O=old, HS=humongous(starts), HC=humongous(continues), CS=collection set, F=free, OA=open archive, CA=closed archive, TAMS=top-at-mark-start (previous, next)
|   0|0x00000000e0000000, 0x00000000e0100000, 0x00000000e0100000|100%|HS|  |TAMS 0x00000000e0100000, 0x00000000e0000000| Complete 
|   1|0x00000000e0100000, 0x00000000e0200000, 0x00000000e0200000|100%|HC|  |TAMS 0x00000000e0200000, 0x00000000e0100000| Complete 
|   2|0x00000000e0200000, 0x00000000e0300000, 0x00000000e0300000|100%|HC|  |TAMS 0x00000000e0300000, 0x00000000e0200000| Complete 
|   3|0x00000000e0300000, 0x00000000e0400000, 0x00000000e0400000|100%|HC|  |TAMS 0x00000000e0400000, 0x00000000e0300000| Complete 
|   4|0x00000000e0400000, 0x00000000e0500000, 0x00000000e0500000|100%|HS|  |TAMS 0x00000000e0400000, 0x00000000e0400000| Complete 
|   5|0x00000000e0500000, 0x00000000e0600000, 0x00000000e0600000|100%| O|  |TAMS 0x00000000e0600000, 0x00000000e0500000| Untracked 
|   6|0x00000000e0600000, 0x00000000e0700000, 0x00000000e0700000|100%| O|  |TAMS 0x00000000e0700000, 0x00000000e0600000| Untracked 
|   7|0x00000000e0700000, 0x00000000e0800000, 0x00000000e0800000|100%| O|  |TAMS 0x00000000e0800000, 0x00000000e0700000| Untracked 
|   8|0x00000000e0800000, 0x00000000e0900000, 0x00000000e0900000|100%| O|  |TAMS 0x00000000e0900000, 0x00000000e0800000| Untracked 
|   9|0x00000000e0900000, 0x00000000e0a00000, 0x00000000e0a00000|100%| O|  |TAMS 0x00000000e0a00000, 0x00000000e0900000| Untracked 
|  10|0x00000000e0a00000, 0x00000000e0b00000, 0x00000000e0b00000|100%| O|  |TAMS 0x00000000e0b00000, 0x00000000e0a00000| Untracked 
|  11|0x00000000e0b00000, 0x00000000e0c00000, 0x00000000e0c00000|100%| O|  |TAMS 0x00000000e0c00000, 0x00000000e0b00000| Untracked 
|  12|0x00000000e0c00000, 0x00000000e0d00000, 0x00000000e0d00000|100%| O|  |TAMS 0x00000000e0d00000, 0x00000000e0c00000| Untracked 
|  13|0x00000000e0d00000, 0x00000000e0e00000, 0x00000000e0e00000|100%| O|  |TAMS 0x00000000e0e00000, 0x00000000e0d00000| Untracked 
|  14|0x00000000e0e00000, 0x00000000e0f00000, 0x00000000e0f00000|100%| O|  |TAMS 0x00000000e0f00000, 0x00000000e0e00000| Untracked 
|  15|0x00000000e0f00000, 0x00000000e1000000, 0x00000000e1000000|100%| O|  |TAMS 0x00000000e1000000, 0x00000000e0f00000| Untracked 
|  16|0x00000000e1000000, 0x00000000e1100000, 0x00000000e1100000|100%| O|  |TAMS 0x00000000e1100000, 0x00000000e1000000| Untracked 
|  17|0x00000000e1100000, 0x00000000e1200000, 0x00000000e1200000|100%| O|  |TAMS 0x00000000e1200000, 0x00000000e1100000| Complete 
|  18|0x00000000e1200000, 0x00000000e1300000, 0x00000000e1300000|100%| O|  |TAMS 0x00000000e1300000, 0x00000000e1200000| Untracked 
|  19|0x00000000e1300000, 0x00000000e1400000, 0x00000000e1400000|100%| O|  |TAMS 0x00000000e1400000, 0x00000000e1300000| Untracked 
|  20|0x00000000e1400000, 0x00000000e1500000, 0x00000000e1500000|100%| O|  |TAMS 0x00000000e1500000, 0x00000000e1400000| Untracked 
|  21|0x00000000e1500000, 0x00000000e1600000, 0x00000000e1600000|100%| O|  |TAMS 0x00000000e1600000, 0x00000000e1500000| Untracked 
|  22|0x00000000e1600000, 0x00000000e1700000, 0x00000000e1700000|100%| O|  |TAMS 0x00000000e1700000, 0x00000000e1600000| Untracked 
|  23|0x00000000e1700000, 0x00000000e1800000, 0x00000000e1800000|100%| O|  |TAMS 0x00000000e1800000, 0x00000000e1700000| Untracked 
|  24|0x00000000e1800000, 0x00000000e1900000, 0x00000000e1900000|100%| O|  |TAMS 0x00000000e1900000, 0x00000000e1800000| Untracked 
|  25|0x00000000e1900000, 0x00000000e1a00000, 0x00000000e1a00000|100%| O|  |TAMS 0x00000000e1a00000, 0x00000000e1900000| Untracked 
|  26|0x00000000e1a00000, 0x00000000e1b00000, 0x00000000e1b00000|100%| O|  |TAMS 0x00000000e1b00000, 0x00000000e1a00000| Untracked 
|  27|0x00000000e1b00000, 0x00000000e1c00000, 0x00000000e1c00000|100%| O|  |TAMS 0x00000000e1c00000, 0x00000000e1b00000| Untracked 
|  28|0x00000000e1c00000, 0x00000000e1d00000, 0x00000000e1d00000|100%| O|  |TAMS 0x00000000e1d00000, 0x00000000e1c00000| Untracked 
|  29|0x00000000e1d00000, 0x00000000e1e00000, 0x00000000e1e00000|100%| O|  |TAMS 0x00000000e1e00000, 0x00000000e1d00000| Untracked 
|  30|0x00000000e1e00000, 0x00000000e1ecdc00, 0x00000000e1f00000| 80%| O|  |TAMS 0x00000000e1ecdc00, 0x00000000e1e00000| Untracked 
|  31|0x00000000e1f00000, 0x00000000e2000000, 0x00000000e2000000|100%|HS|  |TAMS 0x00000000e1f00000, 0x00000000e1f00000| Complete 
|  32|0x00000000e2000000, 0x00000000e2000000, 0x00000000e2100000|  0%| F|  |TAMS 0x00000000e2000000, 0x00000000e2000000| Untracked 
|  33|0x00000000e2100000, 0x00000000e2100000, 0x00000000e2200000|  0%| F|  |TAMS 0x00000000e2100000, 0x00000000e2100000| Untracked 
|  34|0x00000000e2200000, 0x00000000e2200000, 0x00000000e2300000|  0%| F|  |TAMS 0x00000000e2200000, 0x00000000e2200000| Untracked 
|  35|0x00000000e2300000, 0x00000000e2300000, 0x00000000e2400000|  0%| F|  |TAMS 0x00000000e2300000, 0x00000000e2300000| Untracked 
|  36|0x00000000e2400000, 0x00000000e2400000, 0x00000000e2500000|  0%| F|  |TAMS 0x00000000e2400000, 0x00000000e2400000| Untracked 
|  37|0x00000000e2500000, 0x00000000e2500000, 0x00000000e2600000|  0%| F|  |TAMS 0x00000000e2500000, 0x00000000e2500000| Untracked 
|  38|0x00000000e2600000, 0x00000000e2600000, 0x00000000e2700000|  0%| F|  |TAMS 0x00000000e2600000, 0x00000000e2600000| Untracked 
|  39|0x00000000e2700000, 0x00000000e2700000, 0x00000000e2800000|  0%| F|  |TAMS 0x00000000e2700000, 0x00000000e2700000| Untracked 
|  40|0x00000000e2800000, 0x00000000e2800000, 0x00000000e2900000|  0%| F|  |TAMS 0x00000000e2800000, 0x00000000e2800000| Untracked 
|  41|0x00000000e2900000, 0x00000000e2900000, 0x00000000e2a00000|  0%| F|  |TAMS 0x00000000e2900000, 0x00000000e2900000| Untracked 
|  42|0x00000000e2a00000, 0x00000000e2a00000, 0x00000000e2b00000|  0%| F|  |TAMS 0x00000000e2a00000, 0x00000000e2a00000| Untracked 
|  43|0x00000000e2b00000, 0x00000000e2b00000, 0x00000000e2c00000|  0%| F|  |TAMS 0x00000000e2b00000, 0x00000000e2b00000| Untracked 
|  44|0x00000000e2c00000, 0x00000000e2c00000, 0x00000000e2d00000|  0%| F|  |TAMS 0x00000000e2c00000, 0x00000000e2c00000| Untracked 
|  45|0x00000000e2d00000, 0x00000000e2d00000, 0x00000000e2e00000|  0%| F|  |TAMS 0x00000000e2d00000, 0x00000000e2d00000| Untracked 
|  46|0x00000000e2e00000, 0x00000000e2e00000, 0x00000000e2f00000|  0%| F|  |TAMS 0x00000000e2e00000, 0x00000000e2e00000| Untracked 
|  47|0x00000000e2f00000, 0x00000000e2f00000, 0x00000000e3000000|  0%| F|  |TAMS 0x00000000e2f00000, 0x00000000e2f00000| Untracked 
|  48|0x00000000e3000000, 0x00000000e3000000, 0x00000000e3100000|  0%| F|  |TAMS 0x00000000e3000000, 0x00000000e3000000| Untracked 
|  49|0x00000000e3100000, 0x00000000e3100000, 0x00000000e3200000|  0%| F|  |TAMS 0x00000000e3100000, 0x00000000e3100000| Untracked 
|  50|0x00000000e3200000, 0x00000000e3200000, 0x00000000e3300000|  0%| F|  |TAMS 0x00000000e3200000, 0x00000000e3200000| Untracked 
|  51|0x00000000e3300000, 0x00000000e3300000, 0x00000000e3400000|  0%| F|  |TAMS 0x00000000e3300000, 0x00000000e3300000| Untracked 
|  52|0x00000000e3400000, 0x00000000e3400000, 0x00000000e3500000|  0%| F|  |TAMS 0x00000000e3400000, 0x00000000e3400000| Untracked 
|  53|0x00000000e3500000, 0x00000000e3500000, 0x00000000e3600000|  0%| F|  |TAMS 0x00000000e3500000, 0x00000000e3500000| Untracked 
|  54|0x00000000e3600000, 0x00000000e3600000, 0x00000000e3700000|  0%| F|  |TAMS 0x00000000e3600000, 0x00000000e3600000| Untracked 
|  55|0x00000000e3700000, 0x00000000e3700000, 0x00000000e3800000|  0%| F|  |TAMS 0x00000000e3700000, 0x00000000e3700000| Untracked 
|  56|0x00000000e3800000, 0x00000000e3800000, 0x00000000e3900000|  0%| F|  |TAMS 0x00000000e3800000, 0x00000000e3800000| Untracked 
|  57|0x00000000e3900000, 0x00000000e3900000, 0x00000000e3a00000|  0%| F|  |TAMS 0x00000000e3900000, 0x00000000e3900000| Untracked 
|  58|0x00000000e3a00000, 0x00000000e3a00000, 0x00000000e3b00000|  0%| F|  |TAMS 0x00000000e3a00000, 0x00000000e3a00000| Untracked 
|  59|0x00000000e3b00000, 0x00000000e3b00000, 0x00000000e3c00000|  0%| F|  |TAMS 0x00000000e3b00000, 0x00000000e3b00000| Untracked 
|  60|0x00000000e3c00000, 0x00000000e3c00000, 0x00000000e3d00000|  0%| F|  |TAMS 0x00000000e3c00000, 0x00000000e3c00000| Untracked 
|  61|0x00000000e3d00000, 0x00000000e3d00000, 0x00000000e3e00000|  0%| F|  |TAMS 0x00000000e3d00000, 0x00000000e3d00000| Untracked 
|  62|0x00000000e3e00000, 0x00000000e3e00000, 0x00000000e3f00000|  0%| F|  |TAMS 0x00000000e3e00000, 0x00000000e3e00000| Untracked 
|  63|0x00000000e3f00000, 0x00000000e3f00000, 0x00000000e4000000|  0%| F|  |TAMS 0x00000000e3f00000, 0x00000000e3f00000| Untracked 
|  64|0x00000000e4000000, 0x00000000e4000000, 0x00000000e4100000|  0%| F|  |TAMS 0x00000000e4000000, 0x00000000e4000000| Untracked 
|  65|0x00000000e4100000, 0x00000000e4100000, 0x00000000e4200000|  0%| F|  |TAMS 0x00000000e4100000, 0x00000000e4100000| Untracked 
|  66|0x00000000e4200000, 0x00000000e4200000, 0x00000000e4300000|  0%| F|  |TAMS 0x00000000e4200000, 0x00000000e4200000| Untracked 
|  67|0x00000000e4300000, 0x00000000e4300000, 0x00000000e4400000|  0%| F|  |TAMS 0x00000000e4300000, 0x00000000e4300000| Untracked 
|  68|0x00000000e4400000, 0x00000000e4400000, 0x00000000e4500000|  0%| F|  |TAMS 0x00000000e4400000, 0x00000000e4400000| Untracked 
|  69|0x00000000e4500000, 0x00000000e4500000, 0x00000000e4600000|  0%| F|  |TAMS 0x00000000e4500000, 0x00000000e4500000| Untracked 
|  70|0x00000000e4600000, 0x00000000e4600000, 0x00000000e4700000|  0%| F|  |TAMS 0x00000000e4600000, 0x00000000e4600000| Untracked 
|  71|0x00000000e4700000, 0x00000000e4700000, 0x00000000e4800000|  0%| F|  |TAMS 0x00000000e4700000, 0x00000000e4700000| Untracked 
|  72|0x00000000e4800000, 0x00000000e4800000, 0x00000000e4900000|  0%| F|  |TAMS 0x00000000e4800000, 0x00000000e4800000| Untracked 
|  73|0x00000000e4900000, 0x00000000e4900000, 0x00000000e4a00000|  0%| F|  |TAMS 0x00000000e4900000, 0x00000000e4900000| Untracked 
|  74|0x00000000e4a00000, 0x00000000e4a00000, 0x00000000e4b00000|  0%| F|  |TAMS 0x00000000e4a00000, 0x00000000e4a00000| Untracked 
|  75|0x00000000e4b00000, 0x00000000e4b00000, 0x00000000e4c00000|  0%| F|  |TAMS 0x00000000e4b00000, 0x00000000e4b00000| Untracked 
|  76|0x00000000e4c00000, 0x00000000e4c00000, 0x00000000e4d00000|  0%| F|  |TAMS 0x00000000e4c00000, 0x00000000e4c00000| Untracked 
|  77|0x00000000e4d00000, 0x00000000e4d00000, 0x00000000e4e00000|  0%| F|  |TAMS 0x00000000e4d00000, 0x00000000e4d00000| Untracked 
|  78|0x00000000e4e00000, 0x00000000e4e00000, 0x00000000e4f00000|  0%| F|  |TAMS 0x00000000e4e00000, 0x00000000e4e00000| Untracked 
|  79|0x00000000e4f00000, 0x00000000e4f00000, 0x00000000e5000000|  0%| F|  |TAMS 0x00000000e4f00000, 0x00000000e4f00000| Untracked 
|  80|0x00000000e5000000, 0x00000000e5000000, 0x00000000e5100000|  0%| F|  |TAMS 0x00000000e5000000, 0x00000000e5000000| Untracked 
|  81|0x00000000e5100000, 0x00000000e5100000, 0x00000000e5200000|  0%| F|  |TAMS 0x00000000e5100000, 0x00000000e5100000| Untracked 
|  82|0x00000000e5200000, 0x00000000e5200000, 0x00000000e5300000|  0%| F|  |TAMS 0x00000000e5200000, 0x00000000e5200000| Untracked 
|  83|0x00000000e5300000, 0x00000000e5300000, 0x00000000e5400000|  0%| F|  |TAMS 0x00000000e5300000, 0x00000000e5300000| Untracked 
|  84|0x00000000e5400000, 0x00000000e5400000, 0x00000000e5500000|  0%| F|  |TAMS 0x00000000e5400000, 0x00000000e5400000| Untracked 
|  85|0x00000000e5500000, 0x00000000e5500000, 0x00000000e5600000|  0%| F|  |TAMS 0x00000000e5500000, 0x00000000e5500000| Untracked 
|  86|0x00000000e5600000, 0x00000000e5600000, 0x00000000e5700000|  0%| F|  |TAMS 0x00000000e5600000, 0x00000000e5600000| Untracked 
|  87|0x00000000e5700000, 0x00000000e5700000, 0x00000000e5800000|  0%| F|  |TAMS 0x00000000e5700000, 0x00000000e5700000| Untracked 
|  88|0x00000000e5800000, 0x00000000e5800000, 0x00000000e5900000|  0%| F|  |TAMS 0x00000000e5800000, 0x00000000e5800000| Untracked 
|  89|0x00000000e5900000, 0x00000000e5900000, 0x00000000e5a00000|  0%| F|  |TAMS 0x00000000e5900000, 0x00000000e5900000| Untracked 
|  90|0x00000000e5a00000, 0x00000000e5a00000, 0x00000000e5b00000|  0%| F|  |TAMS 0x00000000e5a00000, 0x00000000e5a00000| Untracked 
|  91|0x00000000e5b00000, 0x00000000e5b00000, 0x00000000e5c00000|  0%| F|  |TAMS 0x00000000e5b00000, 0x00000000e5b00000| Untracked 
|  92|0x00000000e5c00000, 0x00000000e5c00000, 0x00000000e5d00000|  0%| F|  |TAMS 0x00000000e5c00000, 0x00000000e5c00000| Untracked 
|  93|0x00000000e5d00000, 0x00000000e5d00000, 0x00000000e5e00000|  0%| F|  |TAMS 0x00000000e5d00000, 0x00000000e5d00000| Untracked 
|  94|0x00000000e5e00000, 0x00000000e5e00000, 0x00000000e5f00000|  0%| F|  |TAMS 0x00000000e5e00000, 0x00000000e5e00000| Untracked 
|  95|0x00000000e5f00000, 0x00000000e5f00000, 0x00000000e6000000|  0%| F|  |TAMS 0x00000000e5f00000, 0x00000000e5f00000| Untracked 
|  96|0x00000000e6000000, 0x00000000e6000000, 0x00000000e6100000|  0%| F|  |TAMS 0x00000000e6000000, 0x00000000e6000000| Untracked 
|  97|0x00000000e6100000, 0x00000000e6100000, 0x00000000e6200000|  0%| F|  |TAMS 0x00000000e6100000, 0x00000000e6100000| Untracked 
|  98|0x00000000e6200000, 0x00000000e6200000, 0x00000000e6300000|  0%| F|  |TAMS 0x00000000e6200000, 0x00000000e6200000| Untracked 
|  99|0x00000000e6300000, 0x00000000e6300000, 0x00000000e6400000|  0%| F|  |TAMS 0x00000000e6300000, 0x00000000e6300000| Untracked 
| 100|0x00000000e6400000, 0x00000000e6400000, 0x00000000e6500000|  0%| F|  |TAMS 0x00000000e6400000, 0x00000000e6400000| Untracked 
| 101|0x00000000e6500000, 0x00000000e6500000, 0x00000000e6600000|  0%| F|  |TAMS 0x00000000e6500000, 0x00000000e6500000| Untracked 
| 102|0x00000000e6600000, 0x00000000e6600000, 0x00000000e6700000|  0%| F|  |TAMS 0x00000000e6600000, 0x00000000e6600000| Untracked 
| 103|0x00000000e6700000, 0x00000000e6700000, 0x00000000e6800000|  0%| F|  |TAMS 0x00000000e6700000, 0x00000000e6700000| Untracked 
| 104|0x00000000e6800000, 0x00000000e6800000, 0x00000000e6900000|  0%| F|  |TAMS 0x00000000e6800000, 0x00000000e6800000| Untracked 
| 105|0x00000000e6900000, 0x00000000e6900000, 0x00000000e6a00000|  0%| F|  |TAMS 0x00000000e6900000, 0x00000000e6900000| Untracked 
| 106|0x00000000e6a00000, 0x00000000e6a00000, 0x00000000e6b00000|  0%| F|  |TAMS 0x00000000e6a00000, 0x00000000e6a00000| Untracked 
| 107|0x00000000e6b00000, 0x00000000e6b00000, 0x00000000e6c00000|  0%| F|  |TAMS 0x00000000e6b00000, 0x00000000e6b00000| Untracked 
| 108|0x00000000e6c00000, 0x00000000e6c00000, 0x00000000e6d00000|  0%| F|  |TAMS 0x00000000e6c00000, 0x00000000e6c00000| Untracked 
| 109|0x00000000e6d00000, 0x00000000e6d00000, 0x00000000e6e00000|  0%| F|  |TAMS 0x00000000e6d00000, 0x00000000e6d00000| Untracked 
| 110|0x00000000e6e00000, 0x00000000e6e00000, 0x00000000e6f00000|  0%| F|  |TAMS 0x00000000e6e00000, 0x00000000e6e00000| Untracked 
| 111|0x00000000e6f00000, 0x00000000e6f00000, 0x00000000e7000000|  0%| F|  |TAMS 0x00000000e6f00000, 0x00000000e6f00000| Untracked 
| 112|0x00000000e7000000, 0x00000000e7000000, 0x00000000e7100000|  0%| F|  |TAMS 0x00000000e7000000, 0x00000000e7000000| Untracked 
| 113|0x00000000e7100000, 0x00000000e7100000, 0x00000000e7200000|  0%| F|  |TAMS 0x00000000e7100000, 0x00000000e7100000| Untracked 
| 114|0x00000000e7200000, 0x00000000e7200000, 0x00000000e7300000|  0%| F|  |TAMS 0x00000000e7200000, 0x00000000e7200000| Untracked 
| 115|0x00000000e7300000, 0x00000000e7300000, 0x00000000e7400000|  0%| F|  |TAMS 0x00000000e7300000, 0x00000000e7300000| Untracked 
| 116|0x00000000e7400000, 0x00000000e7400000, 0x00000000e7500000|  0%| F|  |TAMS 0x00000000e7400000, 0x00000000e7400000| Untracked 
| 117|0x00000000e7500000, 0x00000000e7500000, 0x00000000e7600000|  0%| F|  |TAMS 0x00000000e7500000, 0x00000000e7500000| Untracked 
| 118|0x00000000e7600000, 0x00000000e7600000, 0x00000000e7700000|  0%| F|  |TAMS 0x00000000e7600000, 0x00000000e7600000| Untracked 
| 119|0x00000000e7700000, 0x00000000e7700000, 0x00000000e7800000|  0%| F|  |TAMS 0x00000000e7700000, 0x00000000e7700000| Untracked 
| 120|0x00000000e7800000, 0x00000000e7800000, 0x00000000e7900000|  0%| F|  |TAMS 0x00000000e7800000, 0x00000000e7800000| Untracked 
| 121|0x00000000e7900000, 0x00000000e7900000, 0x00000000e7a00000|  0%| F|  |TAMS 0x00000000e7900000, 0x00000000e7900000| Untracked 
| 122|0x00000000e7a00000, 0x00000000e7a00000, 0x00000000e7b00000|  0%| F|  |TAMS 0x00000000e7a00000, 0x00000000e7a00000| Untracked 
| 123|0x00000000e7b00000, 0x00000000e7b00000, 0x00000000e7c00000|  0%| F|  |TAMS 0x00000000e7b00000, 0x00000000e7b00000| Untracked 
| 124|0x00000000e7c00000, 0x00000000e7c00000, 0x00000000e7d00000|  0%| F|  |TAMS 0x00000000e7c00000, 0x00000000e7c00000| Untracked 
| 125|0x00000000e7d00000, 0x00000000e7d00000, 0x00000000e7e00000|  0%| F|  |TAMS 0x00000000e7d00000, 0x00000000e7d00000| Untracked 
| 126|0x00000000e7e00000, 0x00000000e7e00000, 0x00000000e7f00000|  0%| F|  |TAMS 0x00000000e7e00000, 0x00000000e7e00000| Untracked 
| 127|0x00000000e7f00000, 0x00000000e7f00000, 0x00000000e8000000|  0%| F|  |TAMS 0x00000000e7f00000, 0x00000000e7f00000| Untracked 
| 128|0x00000000e8000000, 0x00000000e8000000, 0x00000000e8100000|  0%| F|  |TAMS 0x00000000e8000000, 0x00000000e8000000| Untracked 
| 129|0x00000000e8100000, 0x00000000e8100000, 0x00000000e8200000|  0%| F|  |TAMS 0x00000000e8100000, 0x00000000e8100000| Untracked 
| 130|0x00000000e8200000, 0x00000000e8200000, 0x00000000e8300000|  0%| F|  |TAMS 0x00000000e8200000, 0x00000000e8200000| Untracked 
| 131|0x00000000e8300000, 0x00000000e8300000, 0x00000000e8400000|  0%| F|  |TAMS 0x00000000e8300000, 0x00000000e8300000| Untracked 
| 132|0x00000000e8400000, 0x00000000e8400000, 0x00000000e8500000|  0%| F|  |TAMS 0x00000000e8400000, 0x00000000e8400000| Untracked 
| 133|0x00000000e8500000, 0x00000000e8500000, 0x00000000e8600000|  0%| F|  |TAMS 0x00000000e8500000, 0x00000000e8500000| Untracked 
| 134|0x00000000e8600000, 0x00000000e8600000, 0x00000000e8700000|  0%| F|  |TAMS 0x00000000e8600000, 0x00000000e8600000| Untracked 
| 135|0x00000000e8700000, 0x00000000e8700000, 0x00000000e8800000|  0%| F|  |TAMS 0x00000000e8700000, 0x00000000e8700000| Untracked 
| 136|0x00000000e8800000, 0x00000000e8800000, 0x00000000e8900000|  0%| F|  |TAMS 0x00000000e8800000, 0x00000000e8800000| Untracked 
| 137|0x00000000e8900000, 0x00000000e8900000, 0x00000000e8a00000|  0%| F|  |TAMS 0x00000000e8900000, 0x00000000e8900000| Untracked 
| 138|0x00000000e8a00000, 0x00000000e8a00000, 0x00000000e8b00000|  0%| F|  |TAMS 0x00000000e8a00000, 0x00000000e8a00000| Untracked 
| 139|0x00000000e8b00000, 0x00000000e8b00000, 0x00000000e8c00000|  0%| F|  |TAMS 0x00000000e8b00000, 0x00000000e8b00000| Untracked 
| 140|0x00000000e8c00000, 0x00000000e8c00000, 0x00000000e8d00000|  0%| F|  |TAMS 0x00000000e8c00000, 0x00000000e8c00000| Untracked 
| 141|0x00000000e8d00000, 0x00000000e8d00000, 0x00000000e8e00000|  0%| F|  |TAMS 0x00000000e8d00000, 0x00000000e8d00000| Untracked 
| 142|0x00000000e8e00000, 0x00000000e8e00000, 0x00000000e8f00000|  0%| F|  |TAMS 0x00000000e8e00000, 0x00000000e8e00000| Untracked 
| 143|0x00000000e8f00000, 0x00000000e8f00000, 0x00000000e9000000|  0%| F|  |TAMS 0x00000000e8f00000, 0x00000000e8f00000| Untracked 
| 144|0x00000000e9000000, 0x00000000e9000000, 0x00000000e9100000|  0%| F|  |TAMS 0x00000000e9000000, 0x00000000e9000000| Untracked 
| 145|0x00000000e9100000, 0x00000000e9100000, 0x00000000e9200000|  0%| F|  |TAMS 0x00000000e9100000, 0x00000000e9100000| Untracked 
| 146|0x00000000e9200000, 0x00000000e9200000, 0x00000000e9300000|  0%| F|  |TAMS 0x00000000e9200000, 0x00000000e9200000| Untracked 
| 147|0x00000000e9300000, 0x00000000e9300000, 0x00000000e9400000|  0%| F|  |TAMS 0x00000000e9300000, 0x00000000e9300000| Untracked 
| 148|0x00000000e9400000, 0x00000000e9400000, 0x00000000e9500000|  0%| F|  |TAMS 0x00000000e9400000, 0x00000000e9400000| Untracked 
| 149|0x00000000e9500000, 0x00000000e9500000, 0x00000000e9600000|  0%| F|  |TAMS 0x00000000e9500000, 0x00000000e9500000| Untracked 
| 150|0x00000000e9600000, 0x00000000e9600000, 0x00000000e9700000|  0%| F|  |TAMS 0x00000000e9600000, 0x00000000e9600000| Untracked 
| 151|0x00000000e9700000, 0x00000000e9700000, 0x00000000e9800000|  0%| F|  |TAMS 0x00000000e9700000, 0x00000000e9700000| Untracked 
| 152|0x00000000e9800000, 0x00000000e9800000, 0x00000000e9900000|  0%| F|  |TAMS 0x00000000e9800000, 0x00000000e9800000| Untracked 
| 153|0x00000000e9900000, 0x00000000e9900000, 0x00000000e9a00000|  0%| F|  |TAMS 0x00000000e9900000, 0x00000000e9900000| Untracked 
| 154|0x00000000e9a00000, 0x00000000e9a00000, 0x00000000e9b00000|  0%| F|  |TAMS 0x00000000e9a00000, 0x00000000e9a00000| Untracked 
| 155|0x00000000e9b00000, 0x00000000e9b00000, 0x00000000e9c00000|  0%| F|  |TAMS 0x00000000e9b00000, 0x00000000e9b00000| Untracked 
| 156|0x00000000e9c00000, 0x00000000e9c00000, 0x00000000e9d00000|  0%| F|  |TAMS 0x00000000e9c00000, 0x00000000e9c00000| Untracked 
| 157|0x00000000e9d00000, 0x00000000e9d00000, 0x00000000e9e00000|  0%| F|  |TAMS 0x00000000e9d00000, 0x00000000e9d00000| Untracked 
| 158|0x00000000e9e00000, 0x00000000e9e00000, 0x00000000e9f00000|  0%| F|  |TAMS 0x00000000e9e00000, 0x00000000e9e00000| Untracked 
| 159|0x00000000e9f00000, 0x00000000e9f00000, 0x00000000ea000000|  0%| F|  |TAMS 0x00000000e9f00000, 0x00000000e9f00000| Untracked 
| 160|0x00000000ea000000, 0x00000000ea000000, 0x00000000ea100000|  0%| F|  |TAMS 0x00000000ea000000, 0x00000000ea000000| Untracked 
| 161|0x00000000ea100000, 0x00000000ea100000, 0x00000000ea200000|  0%| F|  |TAMS 0x00000000ea100000, 0x00000000ea100000| Untracked 
| 162|0x00000000ea200000, 0x00000000ea200000, 0x00000000ea300000|  0%| F|  |TAMS 0x00000000ea200000, 0x00000000ea200000| Untracked 
| 163|0x00000000ea300000, 0x00000000ea300000, 0x00000000ea400000|  0%| F|  |TAMS 0x00000000ea300000, 0x00000000ea300000| Untracked 
| 164|0x00000000ea400000, 0x00000000ea400000, 0x00000000ea500000|  0%| F|  |TAMS 0x00000000ea400000, 0x00000000ea400000| Untracked 
| 165|0x00000000ea500000, 0x00000000ea500000, 0x00000000ea600000|  0%| F|  |TAMS 0x00000000ea500000, 0x00000000ea500000| Untracked 
| 166|0x00000000ea600000, 0x00000000ea600000, 0x00000000ea700000|  0%| F|  |TAMS 0x00000000ea600000, 0x00000000ea600000| Untracked 
| 167|0x00000000ea700000, 0x00000000ea700000, 0x00000000ea800000|  0%| F|  |TAMS 0x00000000ea700000, 0x00000000ea700000| Untracked 
| 168|0x00000000ea800000, 0x00000000ea800000, 0x00000000ea900000|  0%| F|  |TAMS 0x00000000ea800000, 0x00000000ea800000| Untracked 
| 169|0x00000000ea900000, 0x00000000ea900000, 0x00000000eaa00000|  0%| F|  |TAMS 0x00000000ea900000, 0x00000000ea900000| Untracked 
| 170|0x00000000eaa00000, 0x00000000eaa00000, 0x00000000eab00000|  0%| F|  |TAMS 0x00000000eaa00000, 0x00000000eaa00000| Untracked 
| 171|0x00000000eab00000, 0x00000000eab00000, 0x00000000eac00000|  0%| F|  |TAMS 0x00000000eab00000, 0x00000000eab00000| Untracked 
| 172|0x00000000eac00000, 0x00000000eac00000, 0x00000000ead00000|  0%| F|  |TAMS 0x00000000eac00000, 0x00000000eac00000| Untracked 
| 173|0x00000000ead00000, 0x00000000ead00000, 0x00000000eae00000|  0%| F|  |TAMS 0x00000000ead00000, 0x00000000ead00000| Untracked 
| 174|0x00000000eae00000, 0x00000000eae00000, 0x00000000eaf00000|  0%| F|  |TAMS 0x00000000eae00000, 0x00000000eae00000| Untracked 
| 175|0x00000000eaf00000, 0x00000000eaf00000, 0x00000000eb000000|  0%| F|  |TAMS 0x00000000eaf00000, 0x00000000eaf00000| Untracked 
| 176|0x00000000eb000000, 0x00000000eb000000, 0x00000000eb100000|  0%| F|  |TAMS 0x00000000eb000000, 0x00000000eb000000| Untracked 
| 177|0x00000000eb100000, 0x00000000eb100000, 0x00000000eb200000|  0%| F|  |TAMS 0x00000000eb100000, 0x00000000eb100000| Untracked 
| 178|0x00000000eb200000, 0x00000000eb200000, 0x00000000eb300000|  0%| F|  |TAMS 0x00000000eb200000, 0x00000000eb200000| Untracked 
| 179|0x00000000eb300000, 0x00000000eb300000, 0x00000000eb400000|  0%| F|  |TAMS 0x00000000eb300000, 0x00000000eb300000| Untracked 
| 180|0x00000000eb400000, 0x00000000eb400000, 0x00000000eb500000|  0%| F|  |TAMS 0x00000000eb400000, 0x00000000eb400000| Untracked 
| 181|0x00000000eb500000, 0x00000000eb500000, 0x00000000eb600000|  0%| F|  |TAMS 0x00000000eb500000, 0x00000000eb500000| Untracked 
| 182|0x00000000eb600000, 0x00000000eb600000, 0x00000000eb700000|  0%| F|  |TAMS 0x00000000eb600000, 0x00000000eb600000| Untracked 
| 183|0x00000000eb700000, 0x00000000eb700000, 0x00000000eb800000|  0%| F|  |TAMS 0x00000000eb700000, 0x00000000eb700000| Untracked 
| 184|0x00000000eb800000, 0x00000000eb800000, 0x00000000eb900000|  0%| F|  |TAMS 0x00000000eb800000, 0x00000000eb800000| Untracked 
| 185|0x00000000eb900000, 0x00000000eb900000, 0x00000000eba00000|  0%| F|  |TAMS 0x00000000eb900000, 0x00000000eb900000| Untracked 
| 186|0x00000000eba00000, 0x00000000eba00000, 0x00000000ebb00000|  0%| F|  |TAMS 0x00000000eba00000, 0x00000000eba00000| Untracked 
| 187|0x00000000ebb00000, 0x00000000ebb80800, 0x00000000ebc00000| 50%| E|  |TAMS 0x00000000ebb00000, 0x00000000ebb00000| Complete 
| 188|0x00000000ebc00000, 0x00000000ebd00000, 0x00000000ebd00000|100%| E|CS|TAMS 0x00000000ebc00000, 0x00000000ebc00000| Complete 
| 189|0x00000000ebd00000, 0x00000000ebe00000, 0x00000000ebe00000|100%| E|CS|TAMS 0x00000000ebd00000, 0x00000000ebd00000| Complete 
| 190|0x00000000ebe00000, 0x00000000ebf00000, 0x00000000ebf00000|100%| E|CS|TAMS 0x00000000ebe00000, 0x00000000ebe00000| Complete 
| 191|0x00000000ebf00000, 0x00000000ec000000, 0x00000000ec000000|100%| E|CS|TAMS 0x00000000ebf00000, 0x00000000ebf00000| Complete 
| 192|0x00000000ec000000, 0x00000000ec100000, 0x00000000ec100000|100%| E|CS|TAMS 0x00000000ec000000, 0x00000000ec000000| Complete 
| 193|0x00000000ec100000, 0x00000000ec200000, 0x00000000ec200000|100%| E|CS|TAMS 0x00000000ec100000, 0x00000000ec100000| Complete 
| 194|0x00000000ec200000, 0x00000000ec300000, 0x00000000ec300000|100%| E|CS|TAMS 0x00000000ec200000, 0x00000000ec200000| Complete 
| 195|0x00000000ec300000, 0x00000000ec400000, 0x00000000ec400000|100%| E|CS|TAMS 0x00000000ec300000, 0x00000000ec300000| Complete 
| 196|0x00000000ec400000, 0x00000000ec500000, 0x00000000ec500000|100%| E|CS|TAMS 0x00000000ec400000, 0x00000000ec400000| Complete 
| 197|0x00000000ec500000, 0x00000000ec600000, 0x00000000ec600000|100%| E|CS|TAMS 0x00000000ec500000, 0x00000000ec500000| Complete 
| 198|0x00000000ec600000, 0x00000000ec700000, 0x00000000ec700000|100%| E|CS|TAMS 0x00000000ec600000, 0x00000000ec600000| Complete 
| 199|0x00000000ec700000, 0x00000000ec800000, 0x00000000ec800000|100%| E|CS|TAMS 0x00000000ec700000, 0x00000000ec700000| Complete 
| 200|0x00000000ec800000, 0x00000000ec900000, 0x00000000ec900000|100%| E|CS|TAMS 0x00000000ec800000, 0x00000000ec800000| Complete 
| 201|0x00000000ec900000, 0x00000000eca00000, 0x00000000eca00000|100%| E|CS|TAMS 0x00000000ec900000, 0x00000000ec900000| Complete 
| 202|0x00000000eca00000, 0x00000000ecb00000, 0x00000000ecb00000|100%| E|CS|TAMS 0x00000000eca00000, 0x00000000eca00000| Complete 
| 203|0x00000000ecb00000, 0x00000000ecc00000, 0x00000000ecc00000|100%| E|CS|TAMS 0x00000000ecb00000, 0x00000000ecb00000| Complete 
| 204|0x00000000ecc00000, 0x00000000ecd00000, 0x00000000ecd00000|100%| E|CS|TAMS 0x00000000ecc00000, 0x00000000ecc00000| Complete 
| 205|0x00000000ecd00000, 0x00000000ece00000, 0x00000000ece00000|100%| E|CS|TAMS 0x00000000ecd00000, 0x00000000ecd00000| Complete 
| 206|0x00000000ece00000, 0x00000000ecf00000, 0x00000000ecf00000|100%| E|CS|TAMS 0x00000000ece00000, 0x00000000ece00000| Complete 
| 207|0x00000000ecf00000, 0x00000000ed000000, 0x00000000ed000000|100%| E|CS|TAMS 0x00000000ecf00000, 0x00000000ecf00000| Complete 
| 208|0x00000000ed000000, 0x00000000ed100000, 0x00000000ed100000|100%| E|CS|TAMS 0x00000000ed000000, 0x00000000ed000000| Complete 
| 209|0x00000000ed100000, 0x00000000ed200000, 0x00000000ed200000|100%| E|CS|TAMS 0x00000000ed100000, 0x00000000ed100000| Complete 
| 210|0x00000000ed200000, 0x00000000ed300000, 0x00000000ed300000|100%| E|CS|TAMS 0x00000000ed200000, 0x00000000ed200000| Complete 
| 211|0x00000000ed300000, 0x00000000ed400000, 0x00000000ed400000|100%| E|CS|TAMS 0x00000000ed300000, 0x00000000ed300000| Complete 
| 212|0x00000000ed400000, 0x00000000ed500000, 0x00000000ed500000|100%| E|CS|TAMS 0x00000000ed400000, 0x00000000ed400000| Complete 
| 213|0x00000000ed500000, 0x00000000ed600000, 0x00000000ed600000|100%| E|CS|TAMS 0x00000000ed500000, 0x00000000ed500000| Complete 
| 214|0x00000000ed600000, 0x00000000ed700000, 0x00000000ed700000|100%| E|CS|TAMS 0x00000000ed600000, 0x00000000ed600000| Complete 
| 215|0x00000000ed700000, 0x00000000ed800000, 0x00000000ed800000|100%| E|CS|TAMS 0x00000000ed700000, 0x00000000ed700000| Complete 
| 216|0x00000000ed800000, 0x00000000ed900000, 0x00000000ed900000|100%| E|CS|TAMS 0x00000000ed800000, 0x00000000ed800000| Complete 
| 217|0x00000000ed900000, 0x00000000eda00000, 0x00000000eda00000|100%| E|CS|TAMS 0x00000000ed900000, 0x00000000ed900000| Complete 
| 218|0x00000000eda00000, 0x00000000edb00000, 0x00000000edb00000|100%| E|CS|TAMS 0x00000000eda00000, 0x00000000eda00000| Complete 
| 219|0x00000000edb00000, 0x00000000edc00000, 0x00000000edc00000|100%| E|CS|TAMS 0x00000000edb00000, 0x00000000edb00000| Complete 
| 220|0x00000000edc00000, 0x00000000edd00000, 0x00000000edd00000|100%| E|CS|TAMS 0x00000000edc00000, 0x00000000edc00000| Complete 
| 221|0x00000000edd00000, 0x00000000ede00000, 0x00000000ede00000|100%| E|CS|TAMS 0x00000000edd00000, 0x00000000edd00000| Complete 
| 222|0x00000000ede00000, 0x00000000edf00000, 0x00000000edf00000|100%| E|CS|TAMS 0x00000000ede00000, 0x00000000ede00000| Complete 
| 223|0x00000000edf00000, 0x00000000ee000000, 0x00000000ee000000|100%| E|CS|TAMS 0x00000000edf00000, 0x00000000edf00000| Complete 
| 224|0x00000000ee000000, 0x00000000ee100000, 0x00000000ee100000|100%| E|CS|TAMS 0x00000000ee000000, 0x00000000ee000000| Complete 
| 225|0x00000000ee100000, 0x00000000ee200000, 0x00000000ee200000|100%| E|CS|TAMS 0x00000000ee100000, 0x00000000ee100000| Complete 
| 226|0x00000000ee200000, 0x00000000ee300000, 0x00000000ee300000|100%| E|CS|TAMS 0x00000000ee200000, 0x00000000ee200000| Complete 
| 227|0x00000000ee300000, 0x00000000ee400000, 0x00000000ee400000|100%| E|CS|TAMS 0x00000000ee300000, 0x00000000ee300000| Complete 
| 228|0x00000000ee400000, 0x00000000ee500000, 0x00000000ee500000|100%| E|CS|TAMS 0x00000000ee400000, 0x00000000ee400000| Complete 
| 229|0x00000000ee500000, 0x00000000ee600000, 0x00000000ee600000|100%| E|CS|TAMS 0x00000000ee500000, 0x00000000ee500000| Complete 
| 230|0x00000000ee600000, 0x00000000ee700000, 0x00000000ee700000|100%| E|CS|TAMS 0x00000000ee600000, 0x00000000ee600000| Complete 
| 231|0x00000000ee700000, 0x00000000ee800000, 0x00000000ee800000|100%| E|CS|TAMS 0x00000000ee700000, 0x00000000ee700000| Complete 
| 232|0x00000000ee800000, 0x00000000ee900000, 0x00000000ee900000|100%| E|CS|TAMS 0x00000000ee800000, 0x00000000ee800000| Complete 
| 233|0x00000000ee900000, 0x00000000eea00000, 0x00000000eea00000|100%| E|CS|TAMS 0x00000000ee900000, 0x00000000ee900000| Complete 
| 234|0x00000000eea00000, 0x00000000eeb00000, 0x00000000eeb00000|100%| E|CS|TAMS 0x00000000eea00000, 0x00000000eea00000| Complete 
| 235|0x00000000eeb00000, 0x00000000eec00000, 0x00000000eec00000|100%| E|CS|TAMS 0x00000000eeb00000, 0x00000000eeb00000| Complete 
| 236|0x00000000eec00000, 0x00000000eed00000, 0x00000000eed00000|100%| E|CS|TAMS 0x00000000eec00000, 0x00000000eec00000| Complete 
| 237|0x00000000eed00000, 0x00000000eee00000, 0x00000000eee00000|100%| E|CS|TAMS 0x00000000eed00000, 0x00000000eed00000| Complete 
| 238|0x00000000eee00000, 0x00000000eef00000, 0x00000000eef00000|100%| E|CS|TAMS 0x00000000eee00000, 0x00000000eee00000| Complete 
| 239|0x00000000eef00000, 0x00000000ef000000, 0x00000000ef000000|100%| E|CS|TAMS 0x00000000eef00000, 0x00000000eef00000| Complete 
| 240|0x00000000ef000000, 0x00000000ef100000, 0x00000000ef100000|100%| E|CS|TAMS 0x00000000ef000000, 0x00000000ef000000| Complete 
| 241|0x00000000ef100000, 0x00000000ef200000, 0x00000000ef200000|100%| E|CS|TAMS 0x00000000ef100000, 0x00000000ef100000| Complete 
| 242|0x00000000ef200000, 0x00000000ef300000, 0x00000000ef300000|100%| E|CS|TAMS 0x00000000ef200000, 0x00000000ef200000| Complete 
| 243|0x00000000ef300000, 0x00000000ef400000, 0x00000000ef400000|100%| E|CS|TAMS 0x00000000ef300000, 0x00000000ef300000| Complete 
| 244|0x00000000ef400000, 0x00000000ef500000, 0x00000000ef500000|100%| E|CS|TAMS 0x00000000ef400000, 0x00000000ef400000| Complete 
| 245|0x00000000ef500000, 0x00000000ef600000, 0x00000000ef600000|100%| E|CS|TAMS 0x00000000ef500000, 0x00000000ef500000| Complete 
| 246|0x00000000ef600000, 0x00000000ef700000, 0x00000000ef700000|100%| E|CS|TAMS 0x00000000ef600000, 0x00000000ef600000| Complete 
| 247|0x00000000ef700000, 0x00000000ef800000, 0x00000000ef800000|100%| E|CS|TAMS 0x00000000ef700000, 0x00000000ef700000| Complete 
| 248|0x00000000ef800000, 0x00000000ef900000, 0x00000000ef900000|100%| E|  |TAMS 0x00000000ef800000, 0x00000000ef800000| Complete 
| 249|0x00000000ef900000, 0x00000000efa00000, 0x00000000efa00000|100%| E|CS|TAMS 0x00000000ef900000, 0x00000000ef900000| Complete 
| 250|0x00000000efa00000, 0x00000000efb00000, 0x00000000efb00000|100%| E|CS|TAMS 0x00000000efa00000, 0x00000000efa00000| Complete 
| 251|0x00000000efb00000, 0x00000000efc00000, 0x00000000efc00000|100%| E|CS|TAMS 0x00000000efb00000, 0x00000000efb00000| Complete 
| 252|0x00000000efc00000, 0x00000000efd00000, 0x00000000efd00000|100%| E|CS|TAMS 0x00000000efc00000, 0x00000000efc00000| Complete 
| 253|0x00000000efd00000, 0x00000000efe00000, 0x00000000efe00000|100%| E|CS|TAMS 0x00000000efd00000, 0x00000000efd00000| Complete 
| 254|0x00000000efe00000, 0x00000000efe65c08, 0x00000000eff00000| 39%| S|CS|TAMS 0x00000000efe00000, 0x00000000efe00000| Complete 
| 255|0x00000000eff00000, 0x00000000f0000000, 0x00000000f0000000|100%| E|CS|TAMS 0x00000000eff00000, 0x00000000eff00000| Complete 

Card table byte_map: [0x000001e1b2af0000,0x000001e1b2bf0000] _byte_map_base: 0x000001e1b23f0000

Marking Bits (Prev, Next): (CMBitMap*) 0x000001e19bc118b0, (CMBitMap*) 0x000001e19bc118f0
 Prev Bits: [0x000001e1b2cf0000, 0x000001e1b34f0000)
 Next Bits: [0x000001e1b34f0000, 0x000001e1b3cf0000)

Polling page: 0x000001e199ba0000

Metaspace:

Usage:
  Non-class:     36.27 MB used.
      Class:      5.90 MB used.
       Both:     42.17 MB used.

Virtual space:
  Non-class space:       40.00 MB reserved,      36.50 MB ( 91%) committed,  5 nodes.
      Class space:      308.00 MB reserved,       6.12 MB (  2%) committed,  1 nodes.
             Both:      348.00 MB reserved,      42.62 MB ( 12%) committed. 

Chunk freelists:
   Non-Class:  3.51 MB
       Class:  1.85 MB
        Both:  5.36 MB

MaxMetaspaceSize: 384.00 MB
CompressedClassSpaceSize: 308.00 MB
Initial GC threshold: 21.00 MB
Current GC threshold: 59.62 MB
CDS: on
MetaspaceReclaimPolicy: balanced
 - commit_granule_bytes: 65536.
 - commit_granule_words: 8192.
 - virtual_space_node_default_size: 1048576.
 - enlarge_chunks_in_place: 1.
 - new_chunks_are_fully_committed: 0.
 - uncommit_free_chunks: 1.
 - use_allocation_guard: 0.
 - handle_deallocations: 1.


Internal statistics:

num_allocs_failed_limit: 9.
num_arena_births: 480.
num_arena_deaths: 0.
num_vsnodes_births: 6.
num_vsnodes_deaths: 0.
num_space_committed: 682.
num_space_uncommitted: 0.
num_chunks_returned_to_freelist: 9.
num_chunks_taken_from_freelist: 2106.
num_chunk_merges: 9.
num_chunk_splits: 1423.
num_chunks_enlarged: 993.
num_purges: 0.
num_inconsistent_stats: 0.

CodeHeap 'non-profiled nmethods': size=120000Kb used=2924Kb max_used=2924Kb free=117075Kb
 bounds [0x000001e1ab190000, 0x000001e1ab470000, 0x000001e1b26c0000]
CodeHeap 'profiled nmethods': size=120000Kb used=10611Kb max_used=10611Kb free=109388Kb
 bounds [0x000001e1a3c60000, 0x000001e1a46c0000, 0x000001e1ab190000]
CodeHeap 'non-nmethods': size=5760Kb used=2331Kb max_used=2402Kb free=3429Kb
 bounds [0x000001e1a36c0000, 0x000001e1a3930000, 0x000001e1a3c60000]
 total_blobs=6017 nmethods=5185 adapters=743
 compilation: enabled
              stopped_count=0, restarted_count=0
 full_count=0

Compilation events (20 events):
Event: 78.298 Thread 0x000001e1b70c00f0 5178       3       org.gradle.internal.instantiation.generator.AsmBackedClassGenerator$ClassBuilderImpl::access$3800 (4 bytes)
Event: 78.298 Thread 0x000001e1b70c00f0 nmethod 5178 0x000001e1a46a6d90 code [0x000001e1a46a6f20, 0x000001e1a46a7018]
Event: 78.298 Thread 0x000001e1b70c00f0 5179       3       org.gradle.model.internal.asm.MethodVisitorScope::_AUTOBOX (35 bytes)
Event: 78.298 Thread 0x000001e1b70c00f0 nmethod 5179 0x000001e1a46a7090 code [0x000001e1a46a72a0, 0x000001e1a46a7988]
Event: 78.299 Thread 0x000001e1b70c00f0 5180       3       org.gradle.model.internal.asm.AsmClassGeneratorUtils::visitType (414 bytes)
Event: 78.301 Thread 0x000001e1b70c00f0 nmethod 5180 0x000001e1a46a7c10 code [0x000001e1a46a8220, 0x000001e1a46ab438]
Event: 78.307 Thread 0x000001e1b70c00f0 5181       3       org.gradle.internal.instantiation.generator.AsmBackedClassGenerator$ClassBuilderImpl::access$4100 (4 bytes)
Event: 78.307 Thread 0x000001e1b70c00f0 nmethod 5181 0x000001e1a46ac390 code [0x000001e1a46ac520, 0x000001e1a46ac618]
Event: 78.309 Thread 0x000001e1b70c00f0 5182       3       org.gradle.internal.instantiation.generator.AsmBackedClassGenerator$ClassBuilderImpl::access$5400 (4 bytes)
Event: 78.309 Thread 0x000001e1b70c00f0 nmethod 5182 0x000001e1a46ac690 code [0x000001e1a46ac820, 0x000001e1a46ac918]
Event: 78.315 Thread 0x000001e1b70c00f0 5187       3       sun.reflect.generics.reflectiveObjects.LazyReflectiveObjectGenerator::<init> (10 bytes)
Event: 78.316 Thread 0x000001e1b70c00f0 nmethod 5187 0x000001e1a46ac990 code [0x000001e1a46acb20, 0x000001e1a46accd8]
Event: 78.316 Thread 0x000001e1b70c00f0 5188 %     3       org.gradle.internal.instantiation.generator.AbstractClassGenerator::inspectType @ 32 (560 bytes)
Event: 78.319 Thread 0x000001e1b70c00f0 nmethod 5188% 0x000001e1a46acd90 code [0x000001e1a46ad560, 0x000001e1a46b2688]
Event: 78.326 Thread 0x000001e1b70c00f0 5189       3       java.lang.invoke.BoundMethodHandle::bindSingle (7 bytes)
Event: 78.326 Thread 0x000001e1b70c00f0 nmethod 5189 0x000001e1a46b4010 code [0x000001e1a46b41a0, 0x000001e1a46b42a8]
Event: 78.329 Thread 0x000001e1b70c00f0 5190       3       org.gradle.internal.instantiation.generator.AsmBackedClassGenerator$ClassBuilderImpl::access$2600 (4 bytes)
Event: 78.329 Thread 0x000001e1b70c00f0 nmethod 5190 0x000001e1a46b4390 code [0x000001e1a46b4520, 0x000001e1a46b4618]
Event: 78.329 Thread 0x000001e1b70c00f0 5191       3       org.gradle.model.internal.asm.MethodVisitorScope::_IFNULL (9 bytes)
Event: 78.329 Thread 0x000001e1b70c00f0 nmethod 5191 0x000001e1a46b4690 code [0x000001e1a46b4840, 0x000001e1a46b4ac8]

GC Heap History (12 events):
Event: 6.703 GC heap before
{Heap before GC invocations=0 (full 0):
 garbage-first heap   total 262144K, used 26624K [0x00000000e0000000, 0x0000000100000000)
  region size 1024K, 23 young (23552K), 0 survivors (0K)
 Metaspace       used 3023K, committed 3136K, reserved 323584K
  class space    used 385K, committed 448K, reserved 315392K
}
Event: 6.726 GC heap after
{Heap after GC invocations=1 (full 0):
 garbage-first heap   total 262144K, used 10650K [0x00000000e0000000, 0x0000000100000000)
  region size 1024K, 3 young (3072K), 3 survivors (3072K)
 Metaspace       used 3023K, committed 3136K, reserved 323584K
  class space    used 385K, committed 448K, reserved 315392K
}
Event: 9.960 GC heap before
{Heap before GC invocations=1 (full 0):
 garbage-first heap   total 262144K, used 37274K [0x00000000e0000000, 0x0000000100000000)
  region size 1024K, 29 young (29696K), 3 survivors (3072K)
 Metaspace       used 4046K, committed 4224K, reserved 323584K
  class space    used 497K, committed 576K, reserved 315392K
}
Event: 9.963 GC heap after
{Heap after GC invocations=2 (full 0):
 garbage-first heap   total 262144K, used 11512K [0x00000000e0000000, 0x0000000100000000)
  region size 1024K, 1 young (1024K), 1 survivors (1024K)
 Metaspace       used 4046K, committed 4224K, reserved 323584K
  class space    used 497K, committed 576K, reserved 315392K
}
Event: 16.733 GC heap before
{Heap before GC invocations=2 (full 0):
 garbage-first heap   total 262144K, used 131320K [0x00000000e0000000, 0x0000000100000000)
  region size 1024K, 118 young (120832K), 1 survivors (1024K)
 Metaspace       used 21215K, committed 21504K, reserved 339968K
  class space    used 3125K, committed 3264K, reserved 315392K
}
Event: 16.757 GC heap after
{Heap after GC invocations=3 (full 0):
 garbage-first heap   total 262144K, used 22490K [0x00000000e0000000, 0x0000000100000000)
  region size 1024K, 12 young (12288K), 12 survivors (12288K)
 Metaspace       used 21215K, committed 21504K, reserved 339968K
  class space    used 3125K, committed 3264K, reserved 315392K
}
Event: 49.773 GC heap before
{Heap before GC invocations=4 (full 0):
 garbage-first heap   total 262144K, used 144346K [0x00000000e0000000, 0x0000000100000000)
  region size 1024K, 128 young (131072K), 12 survivors (12288K)
 Metaspace       used 35728K, committed 36160K, reserved 348160K
  class space    used 4989K, committed 5184K, reserved 315392K
}
Event: 49.786 GC heap after
{Heap after GC invocations=5 (full 0):
 garbage-first heap   total 262144K, used 31791K [0x00000000e0000000, 0x0000000100000000)
  region size 1024K, 10 young (10240K), 10 survivors (10240K)
 Metaspace       used 35728K, committed 36160K, reserved 348160K
  class space    used 4989K, committed 5184K, reserved 315392K
}
Event: 49.829 GC heap before
{Heap before GC invocations=5 (full 0):
 garbage-first heap   total 262144K, used 32815K [0x00000000e0000000, 0x0000000100000000)
  region size 1024K, 12 young (12288K), 10 survivors (10240K)
 Metaspace       used 36049K, committed 36480K, reserved 348160K
  class space    used 5033K, committed 5248K, reserved 315392K
}
Event: 49.835 GC heap after
{Heap after GC invocations=6 (full 0):
 garbage-first heap   total 262144K, used 31543K [0x00000000e0000000, 0x0000000100000000)
  region size 1024K, 1 young (1024K), 1 survivors (1024K)
 Metaspace       used 36049K, committed 36480K, reserved 348160K
  class space    used 5033K, committed 5248K, reserved 315392K
}
Event: 49.840 GC heap before
{Heap before GC invocations=6 (full 0):
 garbage-first heap   total 262144K, used 31543K [0x00000000e0000000, 0x0000000100000000)
  region size 1024K, 2 young (2048K), 1 survivors (1024K)
 Metaspace       used 36089K, committed 36480K, reserved 348160K
  class space    used 5042K, committed 5248K, reserved 315392K
}
Event: 49.842 GC heap after
{Heap after GC invocations=7 (full 0):
 garbage-first heap   total 262144K, used 30926K [0x00000000e0000000, 0x0000000100000000)
  region size 1024K, 1 young (1024K), 1 survivors (1024K)
 Metaspace       used 36089K, committed 36480K, reserved 348160K
  class space    used 5042K, committed 5248K, reserved 315392K
}

Deoptimization events (20 events):
Event: 71.922 Thread 0x000001e1b87c10a0 DEOPT PACKING pc=0x000001e1ab2c3a58 sp=0x000000a9bd1fe750
Event: 71.922 Thread 0x000001e1b87c10a0 DEOPT UNPACKING pc=0x000001e1a3715c23 sp=0x000000a9bd1fe610 mode 2
Event: 71.933 Thread 0x000001e1b87bea20 Uncommon trap: trap_request=0xffffff45 fr.pc=0x000001e1ab244394 relative=0x0000000000000154
Event: 71.933 Thread 0x000001e1b87bea20 Uncommon trap: reason=unstable_if action=reinterpret pc=0x000001e1ab244394 method=java.util.concurrent.ConcurrentHashMap.addCount(JI)V @ 7 c2
Event: 71.933 Thread 0x000001e1b87bea20 DEOPT PACKING pc=0x000001e1ab244394 sp=0x000000a9bcefea30
Event: 71.933 Thread 0x000001e1b87bea20 DEOPT UNPACKING pc=0x000001e1a3715c23 sp=0x000000a9bcefe990 mode 2
Event: 72.083 Thread 0x000001e1b87bf890 DEOPT PACKING pc=0x000001e1a40e465c sp=0x000000a9bd0fdb10
Event: 72.083 Thread 0x000001e1b87bf890 DEOPT UNPACKING pc=0x000001e1a3716763 sp=0x000000a9bd0fd090 mode 0
Event: 76.707 Thread 0x000001e1b87c3bf0 Uncommon trap: trap_request=0xffffffcc fr.pc=0x000001e1ab45acc4 relative=0x0000000000001424
Event: 76.707 Thread 0x000001e1b87c3bf0 Uncommon trap: reason=intrinsic_or_type_checked_inlining action=make_not_entrant pc=0x000001e1ab45acc4 method=java.util.ArrayList.toArray([Ljava/lang/Object;)[Ljava/lang/Object; @ 36 c2
Event: 76.707 Thread 0x000001e1b87c3bf0 DEOPT PACKING pc=0x000001e1ab45acc4 sp=0x000000a9b91fec50
Event: 76.707 Thread 0x000001e1b87c28b0 Uncommon trap: trap_request=0xffffffcc fr.pc=0x000001e1ab45acc4 relative=0x0000000000001424
Event: 76.707 Thread 0x000001e1b87c3bf0 DEOPT UNPACKING pc=0x000001e1a3715c23 sp=0x000000a9b91feb98 mode 2
Event: 76.707 Thread 0x000001e1b87c28b0 Uncommon trap: reason=intrinsic_or_type_checked_inlining action=make_not_entrant pc=0x000001e1ab45acc4 method=java.util.ArrayList.toArray([Ljava/lang/Object;)[Ljava/lang/Object; @ 36 c2
Event: 76.708 Thread 0x000001e1b87c28b0 DEOPT PACKING pc=0x000001e1ab45acc4 sp=0x000000a9bcafea70
Event: 76.708 Thread 0x000001e1b87c28b0 DEOPT UNPACKING pc=0x000001e1a3715c23 sp=0x000000a9bcafe9b8 mode 2
Event: 76.708 Thread 0x000001e1bbef21b0 DEOPT PACKING pc=0x000001e1a400ebce sp=0x000000a9bc4fe860
Event: 76.708 Thread 0x000001e1bbef21b0 DEOPT UNPACKING pc=0x000001e1a3716763 sp=0x000000a9bc4fdca8 mode 0
Event: 78.146 Thread 0x000001e1b7f20b70 DEOPT PACKING pc=0x000001e1a4068423 sp=0x000000a9bb2f64c0
Event: 78.146 Thread 0x000001e1b7f20b70 DEOPT UNPACKING pc=0x000001e1a3716763 sp=0x000000a9bb2f5930 mode 0

Classes unloaded (0 events):
No events

Classes redefined (0 events):
No events

Internal exceptions (20 events):
Event: 63.964 Thread 0x000001e1b7f20b70 Exception <a 'java/lang/NoSuchMethodError'{0x00000000ed76f9d8}: 'int java.lang.invoke.DirectMethodHandle$Holder.invokeStaticInit(java.lang.Object)'> (0x00000000ed76f9d8) 
thrown [d:\a\1\s\lookaside\java-17-openjdk\src\hotspot\share\interpreter\linkResolver.cpp, line 766]
Event: 64.045 Thread 0x000001e1b7f20b70 Exception <a 'java/lang/NoSuchMethodError'{0x00000000ed62fbd0}: 'java.lang.Object java.lang.invoke.DirectMethodHandle$Holder.newInvokeSpecial(java.lang.Object, java.lang.Object, java.lang.Object, java.lang.Object, java.lang.Object, int)'> (0x00000000ed62fbd0) 
thrown [d:\a\1\s\lookaside\java-17-openjdk\src\hotspot\share\interpreter\linkResolver.cpp, line 766]
Event: 64.048 Thread 0x000001e1b7f20b70 Exception <a 'java/lang/NoSuchMethodError'{0x00000000ed635228}: 'java.lang.Object java.lang.invoke.DirectMethodHandle$Holder.invokeSpecial(java.lang.Object, java.lang.Object, java.lang.Object, java.lang.Object, java.lang.Object, java.lang.Object, int)'> (0x00000000ed635228) 
thrown [d:\a\1\s\lookaside\java-17-openjdk\src\hotspot\share\interpreter\linkResolver.cpp, line 766]
Event: 64.072 Thread 0x000001e1b7f20b70 Exception <a 'java/lang/NoSuchMethodError'{0x00000000ed68ff80}: 'java.lang.Object java.lang.invoke.DirectMethodHandle$Holder.invokeSpecial(java.lang.Object, java.lang.Object, java.lang.Object, java.lang.Object, java.lang.Object, long)'> (0x00000000ed68ff80) 
thrown [d:\a\1\s\lookaside\java-17-openjdk\src\hotspot\share\interpreter\linkResolver.cpp, line 766]
Event: 64.076 Thread 0x000001e1b7f20b70 Exception <a 'java/lang/NoSuchMethodError'{0x00000000ed6bf7a0}: 'void java.lang.invoke.DirectMethodHandle$Holder.invokeStatic(java.lang.Object, java.lang.Object, java.lang.Object, int, java.lang.Object)'> (0x00000000ed6bf7a0) 
thrown [d:\a\1\s\lookaside\java-17-openjdk\src\hotspot\share\interpreter\linkResolver.cpp, line 766]
Event: 64.683 Thread 0x000001e1b7f20b70 Exception <a 'java/lang/NoSuchMethodError'{0x00000000ed06f2c8}: 'java.lang.Object java.lang.invoke.DelegatingMethodHandle$Holder.reinvoke_L(java.lang.Object, java.lang.Object, java.lang.Object, java.lang.Object, java.lang.Object, java.lang.Object, java.lang.Object, java.lang.Object, java.lang.Object, java.lang.Object, java.lang.Object, java.lang.Object, java.lang.Object, java.lang.Object, java.lang.Object, java.lang.Object, java.lang.Object, java.lang.Object, java.lang.Object, java.lang.Object, java.lang.O
Event: 64.684 Thread 0x000001e1b7f20b70 Exception <a 'java/lang/NoSuchMethodError'{0x00000000ed07b678}: 'java.lang.Object java.lang.invoke.Invokers$Holder.invoker(java.lang.Object, java.lang.Object, java.lang.Object, java.lang.Object, java.lang.Object, java.lang.Object, java.lang.Object, java.lang.Object, java.lang.Object, java.lang.Object, java.lang.Object, java.lang.Object, java.lang.Object, java.lang.Object, java.lang.Object, java.lang.Object, java.lang.Object, java.lang.Object, java.lang.Object, java.lang.Object, java.lang.Object, java.lang.
Event: 64.684 Thread 0x000001e1b7f20b70 Exception <a 'java/lang/NoSuchMethodError'{0x00000000ed0f2038}: 'java.lang.Object java.lang.invoke.DelegatingMethodHandle$Holder.delegate(java.lang.Object, java.lang.Object, java.lang.Object, java.lang.Object, java.lang.Object, java.lang.Object, java.lang.Object, java.lang.Object, java.lang.Object, java.lang.Object, java.lang.Object, java.lang.Object, java.lang.Object, java.lang.Object, java.lang.Object, java.lang.Object, java.lang.Object, java.lang.Object, java.lang.Object, java.lang.Object, java.lang.Obj
Event: 64.695 Thread 0x000001e1b7f20b70 Exception <a 'java/lang/NoSuchMethodError'{0x00000000ecf6c478}: 'java.lang.Object java.lang.invoke.DirectMethodHandle$Holder.invokeStatic(java.lang.Object, java.lang.Object, java.lang.Object, java.lang.Object, java.lang.Object, java.lang.Object, java.lang.Object, java.lang.Object, java.lang.Object, java.lang.Object, java.lang.Object, java.lang.Object, java.lang.Object, java.lang.Object, java.lang.Object, java.lang.Object, java.lang.Object)'> (0x00000000ecf6c478) 
thrown [d:\a\1\s\lookaside\java-17-openjdk\
Event: 64.697 Thread 0x000001e1b7f20b70 Exception <a 'java/lang/NoSuchMethodError'{0x00000000ecf96130}: 'java.lang.Object java.lang.invoke.DirectMethodHandle$Holder.invokeStatic(java.lang.Object, java.lang.Object, java.lang.Object, java.lang.Object, java.lang.Object, java.lang.Object, java.lang.Object, java.lang.Object, java.lang.Object, java.lang.Object, java.lang.Object, java.lang.Object, java.lang.Object, java.lang.Object, java.lang.Object, java.lang.Object, java.lang.Object, java.lang.Object)'> (0x00000000ecf96130) 
thrown [d:\a\1\s\lookasid
Event: 64.701 Thread 0x000001e1b7f20b70 Exception <a 'java/lang/NoSuchMethodError'{0x00000000ecfc0ce0}: 'java.lang.Object java.lang.invoke.DirectMethodHandle$Holder.invokeStatic(java.lang.Object, java.lang.Object, java.lang.Object, java.lang.Object, java.lang.Object, java.lang.Object, java.lang.Object, java.lang.Object, java.lang.Object, java.lang.Object, java.lang.Object, java.lang.Object, java.lang.Object, java.lang.Object, java.lang.Object, java.lang.Object, java.lang.Object, java.lang.Object, java.lang.Object)'> (0x00000000ecfc0ce0) 
thrown 
Event: 64.704 Thread 0x000001e1b7f20b70 Exception <a 'java/lang/NoSuchMethodError'{0x00000000ecfec6f0}: 'java.lang.Object java.lang.invoke.DirectMethodHandle$Holder.invokeStatic(java.lang.Object, java.lang.Object, java.lang.Object, java.lang.Object, java.lang.Object, java.lang.Object, java.lang.Object, java.lang.Object, java.lang.Object, java.lang.Object, java.lang.Object, java.lang.Object, java.lang.Object, java.lang.Object, java.lang.Object, java.lang.Object, java.lang.Object, java.lang.Object, java.lang.Object, java.lang.Object)'> (0x00000000
Event: 64.707 Thread 0x000001e1b7f20b70 Exception <a 'java/lang/NoSuchMethodError'{0x00000000ece194e0}: 'java.lang.Object java.lang.invoke.DirectMethodHandle$Holder.invokeStatic(java.lang.Object, java.lang.Object, java.lang.Object, java.lang.Object, java.lang.Object, java.lang.Object, java.lang.Object, java.lang.Object, java.lang.Object, java.lang.Object, java.lang.Object, java.lang.Object, java.lang.Object, java.lang.Object, java.lang.Object, java.lang.Object, java.lang.Object, java.lang.Object, java.lang.Object, java.lang.Object, java.lang.Obj
Event: 64.709 Thread 0x000001e1b7f20b70 Exception <a 'java/lang/NoSuchMethodError'{0x00000000ece46f40}: 'java.lang.Object java.lang.invoke.DirectMethodHandle$Holder.invokeStatic(java.lang.Object, java.lang.Object, java.lang.Object, java.lang.Object, java.lang.Object, java.lang.Object, java.lang.Object, java.lang.Object, java.lang.Object, java.lang.Object, java.lang.Object, java.lang.Object, java.lang.Object, java.lang.Object, java.lang.Object, java.lang.Object, java.lang.Object, java.lang.Object, java.lang.Object, java.lang.Object, java.lang.Obj
Event: 64.712 Thread 0x000001e1b7f20b70 Exception <a 'java/lang/NoSuchMethodError'{0x00000000ece75370}: 'java.lang.Object java.lang.invoke.DirectMethodHandle$Holder.invokeStatic(java.lang.Object, java.lang.Object, java.lang.Object, java.lang.Object, java.lang.Object, java.lang.Object, java.lang.Object, java.lang.Object, java.lang.Object, java.lang.Object, java.lang.Object, java.lang.Object, java.lang.Object, java.lang.Object, java.lang.Object, java.lang.Object, java.lang.Object, java.lang.Object, java.lang.Object, java.lang.Object, java.lang.Obj
Event: 64.725 Thread 0x000001e1b7f20b70 Exception <a 'java/lang/NoSuchMethodError'{0x00000000ecea5770}: 'java.lang.Object java.lang.invoke.DirectMethodHandle$Holder.invokeStatic(java.lang.Object, java.lang.Object, java.lang.Object, java.lang.Object, java.lang.Object, java.lang.Object, java.lang.Object, java.lang.Object, java.lang.Object, java.lang.Object, java.lang.Object, java.lang.Object, java.lang.Object, java.lang.Object, java.lang.Object, java.lang.Object, java.lang.Object, java.lang.Object, java.lang.Object, java.lang.Object, java.lang.Obj
Event: 64.728 Thread 0x000001e1b7f20b70 Exception <a 'java/lang/NoSuchMethodError'{0x00000000eced72e8}: 'java.lang.Object java.lang.invoke.DirectMethodHandle$Holder.invokeStatic(java.lang.Object, java.lang.Object, java.lang.Object, java.lang.Object, java.lang.Object, java.lang.Object, java.lang.Object, java.lang.Object, java.lang.Object, java.lang.Object, java.lang.Object, java.lang.Object, java.lang.Object, java.lang.Object, java.lang.Object, java.lang.Object, java.lang.Object, java.lang.Object, java.lang.Object, java.lang.Object, java.lang.Obj
Event: 78.310 Thread 0x000001e1b7f20b70 Exception <a 'java/lang/NoSuchMethodError'{0x00000000ebc1b010}: 'java.lang.Object java.lang.invoke.DirectMethodHandle$Holder.newInvokeSpecial(java.lang.Object, java.lang.Object, java.lang.Object, java.lang.Object, int)'> (0x00000000ebc1b010) 
thrown [d:\a\1\s\lookaside\java-17-openjdk\src\hotspot\share\interpreter\linkResolver.cpp, line 766]
Event: 78.311 Thread 0x000001e1b7f20b70 Exception <a 'java/lang/NoSuchMethodError'{0x00000000ebc20700}: 'java.lang.Object java.lang.invoke.DirectMethodHandle$Holder.invokeSpecial(java.lang.Object, java.lang.Object, java.lang.Object, java.lang.Object, java.lang.Object, int)'> (0x00000000ebc20700) 
thrown [d:\a\1\s\lookaside\java-17-openjdk\src\hotspot\share\interpreter\linkResolver.cpp, line 766]
Event: 78.311 Thread 0x000001e1b7f20b70 Exception <a 'java/lang/NoSuchMethodError'{0x00000000ebc25728}: 'java.lang.Object java.lang.invoke.Invokers$Holder.linkToTargetMethod(java.lang.Object, java.lang.Object, java.lang.Object, int, java.lang.Object)'> (0x00000000ebc25728) 
thrown [d:\a\1\s\lookaside\java-17-openjdk\src\hotspot\share\interpreter\linkResolver.cpp, line 766]

VM Operations (20 events):
Event: 63.055 Executing VM operation: Cleanup
Event: 63.055 Executing VM operation: Cleanup done
Event: 64.069 Executing VM operation: Cleanup
Event: 64.069 Executing VM operation: Cleanup done
Event: 65.076 Executing VM operation: Cleanup
Event: 65.077 Executing VM operation: Cleanup done
Event: 66.077 Executing VM operation: Cleanup
Event: 66.077 Executing VM operation: Cleanup done
Event: 68.079 Executing VM operation: Cleanup
Event: 68.079 Executing VM operation: Cleanup done
Event: 72.128 Executing VM operation: Cleanup
Event: 72.128 Executing VM operation: Cleanup done
Event: 74.150 Executing VM operation: Cleanup
Event: 74.150 Executing VM operation: Cleanup done
Event: 75.152 Executing VM operation: Cleanup
Event: 75.152 Executing VM operation: Cleanup done
Event: 77.179 Executing VM operation: Cleanup
Event: 77.179 Executing VM operation: Cleanup done
Event: 78.180 Executing VM operation: Cleanup
Event: 78.181 Executing VM operation: Cleanup done

Events (20 events):
Event: 64.706 loading class java/lang/invoke/BoundMethodHandle$Species_LLLLLLLLLLLLLLLLLL
Event: 64.706 loading class java/lang/invoke/BoundMethodHandle$Species_LLLLLLLLLLLLLLLLLL done
Event: 64.708 loading class java/lang/invoke/BoundMethodHandle$Species_LLLLLLLLLLLLLLLLLLL
Event: 64.708 loading class java/lang/invoke/BoundMethodHandle$Species_LLLLLLLLLLLLLLLLLLL done
Event: 64.711 loading class java/lang/invoke/BoundMethodHandle$Species_LLLLLLLLLLLLLLLLLLLL
Event: 64.711 loading class java/lang/invoke/BoundMethodHandle$Species_LLLLLLLLLLLLLLLLLLLL done
Event: 64.723 loading class java/lang/invoke/BoundMethodHandle$Species_LLLLLLLLLLLLLLLLLLLLL
Event: 64.723 loading class java/lang/invoke/BoundMethodHandle$Species_LLLLLLLLLLLLLLLLLLLLL done
Event: 64.727 loading class java/lang/invoke/BoundMethodHandle$Species_LLLLLLLLLLLLLLLLLLLLLL
Event: 64.727 loading class java/lang/invoke/BoundMethodHandle$Species_LLLLLLLLLLLLLLLLLLLLLL done
Event: 64.756 loading class java/util/Collections$2
Event: 64.756 loading class java/util/Collections$2 done
Event: 71.919 Thread 0x000001e1b87c1f10 Thread added: 0x000001e1b87c1f10
Event: 71.919 Thread 0x000001e1b87bea20 Thread added: 0x000001e1b87bea20
Event: 71.920 Thread 0x000001e1b87bd210 Thread added: 0x000001e1b87bd210
Event: 71.920 Thread 0x000001e1b87bf890 Thread added: 0x000001e1b87bf890
Event: 71.920 Thread 0x000001e1b87c10a0 Thread added: 0x000001e1b87c10a0
Event: 71.920 Thread 0x000001e1b87c2d80 Thread added: 0x000001e1b87c2d80
Event: 71.920 Thread 0x000001e1b87beef0 Thread added: 0x000001e1b87beef0
Event: 74.312 Thread 0x000001e1b87bfd60 Thread added: 0x000001e1b87bfd60


Dynamic libraries:
0x00007ff7a7fe0000 - 0x00007ff7a8001000 	C:\env\jdk\openjdk-17.0.3.0.6-1\bin\java.exe
0x00007ffc95430000 - 0x00007ffc95647000 	C:\WINDOWS\SYSTEM32\ntdll.dll
0x00007ffc93cf0000 - 0x00007ffc93db4000 	C:\WINDOWS\System32\KERNEL32.DLL
0x00007ffc92b80000 - 0x00007ffc92f26000 	C:\WINDOWS\System32\KERNELBASE.dll
0x00007ffc92770000 - 0x00007ffc92881000 	C:\WINDOWS\System32\ucrtbase.dll
0x00007ffc7bcc0000 - 0x00007ffc7bcd8000 	C:\env\jdk\openjdk-17.0.3.0.6-1\bin\jli.dll
0x00007ffc947b0000 - 0x00007ffc9495e000 	C:\WINDOWS\System32\USER32.dll
0x00007ffc930a0000 - 0x00007ffc930c6000 	C:\WINDOWS\System32\win32u.dll
0x00007ffc93460000 - 0x00007ffc93489000 	C:\WINDOWS\System32\GDI32.dll
0x00007ffc92950000 - 0x00007ffc92a68000 	C:\WINDOWS\System32\gdi32full.dll
0x00007ffc92a70000 - 0x00007ffc92b0a000 	C:\WINDOWS\System32\msvcp_win.dll
0x00007ffc7c580000 - 0x00007ffc7c59b000 	C:\env\jdk\openjdk-17.0.3.0.6-1\bin\VCRUNTIME140.dll
0x00007ffc7d420000 - 0x00007ffc7d6b3000 	C:\WINDOWS\WinSxS\amd64_microsoft.windows.common-controls_6595b64144ccf1df_6.0.22621.2506_none_270c5ae97388e100\COMCTL32.dll
0x00007ffc931e0000 - 0x00007ffc93287000 	C:\WINDOWS\System32\msvcrt.dll
0x00007ffc93180000 - 0x00007ffc931b1000 	C:\WINDOWS\System32\IMM32.DLL
0x00007ffc87100000 - 0x00007ffc8710c000 	C:\env\jdk\openjdk-17.0.3.0.6-1\bin\vcruntime140_1.dll
0x00007ffc53780000 - 0x00007ffc5380d000 	C:\env\jdk\openjdk-17.0.3.0.6-1\bin\msvcp140.dll
0x00007ffbcff00000 - 0x00007ffbd0b5f000 	C:\env\jdk\openjdk-17.0.3.0.6-1\bin\server\jvm.dll
0x00007ffc95330000 - 0x00007ffc953e3000 	C:\WINDOWS\System32\ADVAPI32.dll
0x00007ffc933b0000 - 0x00007ffc93458000 	C:\WINDOWS\System32\sechost.dll
0x00007ffc930d0000 - 0x00007ffc930f8000 	C:\WINDOWS\System32\bcrypt.dll
0x00007ffc94d00000 - 0x00007ffc94e17000 	C:\WINDOWS\System32\RPCRT4.dll
0x00007ffc93340000 - 0x00007ffc93348000 	C:\WINDOWS\System32\PSAPI.DLL
0x00007ffc8cc90000 - 0x00007ffc8cc99000 	C:\WINDOWS\SYSTEM32\WSOCK32.dll
0x00007ffc94ed0000 - 0x00007ffc94f41000 	C:\WINDOWS\System32\WS2_32.dll
0x00007ffc88eb0000 - 0x00007ffc88ee4000 	C:\WINDOWS\SYSTEM32\WINMM.dll
0x00007ffc85b50000 - 0x00007ffc85b5a000 	C:\WINDOWS\SYSTEM32\VERSION.dll
0x00007ffc91820000 - 0x00007ffc91838000 	C:\WINDOWS\SYSTEM32\kernel.appcore.dll
0x00007ffc86420000 - 0x00007ffc8642a000 	C:\env\jdk\openjdk-17.0.3.0.6-1\bin\jimage.dll
0x00007ffc900a0000 - 0x00007ffc902d3000 	C:\WINDOWS\SYSTEM32\DBGHELP.DLL
0x00007ffc94f50000 - 0x00007ffc952d9000 	C:\WINDOWS\System32\combase.dll
0x00007ffc93e20000 - 0x00007ffc93ef7000 	C:\WINDOWS\System32\OLEAUT32.dll
0x00007ffc756e0000 - 0x00007ffc75712000 	C:\WINDOWS\SYSTEM32\dbgcore.DLL
0x00007ffc93100000 - 0x00007ffc9317a000 	C:\WINDOWS\System32\bcryptPrimitives.dll
0x00007ffc7b790000 - 0x00007ffc7b79e000 	C:\env\jdk\openjdk-17.0.3.0.6-1\bin\instrument.dll
0x00007ffc7b950000 - 0x00007ffc7b975000 	C:\env\jdk\openjdk-17.0.3.0.6-1\bin\java.dll
0x00007ffc4ee30000 - 0x00007ffc4ef07000 	C:\env\jdk\openjdk-17.0.3.0.6-1\bin\jsvml.dll
0x00007ffc93490000 - 0x00007ffc93ceb000 	C:\WINDOWS\System32\SHELL32.dll
0x00007ffc90680000 - 0x00007ffc90f76000 	C:\WINDOWS\SYSTEM32\windows.storage.dll
0x00007ffc90540000 - 0x00007ffc9067e000 	C:\WINDOWS\SYSTEM32\wintypes.dll
0x00007ffc946b0000 - 0x00007ffc947a3000 	C:\WINDOWS\System32\SHCORE.dll
0x00007ffc93f00000 - 0x00007ffc93f5e000 	C:\WINDOWS\System32\shlwapi.dll
0x00007ffc926a0000 - 0x00007ffc926c6000 	C:\WINDOWS\SYSTEM32\profapi.dll
0x00007ffc7adb0000 - 0x00007ffc7adc8000 	C:\env\jdk\openjdk-17.0.3.0.6-1\bin\zip.dll
0x00007ffc7b7d0000 - 0x00007ffc7b7e9000 	C:\env\jdk\openjdk-17.0.3.0.6-1\bin\net.dll
0x00007ffc8a600000 - 0x00007ffc8a737000 	C:\WINDOWS\SYSTEM32\WINHTTP.dll
0x00007ffc91d20000 - 0x00007ffc91d89000 	C:\WINDOWS\system32\mswsock.dll
0x00007ffc7b270000 - 0x00007ffc7b286000 	C:\env\jdk\openjdk-17.0.3.0.6-1\bin\nio.dll
0x00007ffc7bc60000 - 0x00007ffc7bc70000 	C:\env\jdk\openjdk-17.0.3.0.6-1\bin\verify.dll
0x00007ffc6cdc0000 - 0x00007ffc6cde7000 	C:\Users\Playdata\.gradle\native\c067742578af261105cb4f569cf0c3c89f3d7b1fecec35dd04571415982c5e48\windows-amd64\native-platform.dll
0x00007ffc51a40000 - 0x00007ffc51b84000 	C:\Users\Playdata\.gradle\native\38dada09dfb8b06ba9b0570ebf7e218e3eb74d4ef43ca46872605cf95ebc2f47\windows-amd64\native-platform-file-events.dll
0x00007ffc7b1c0000 - 0x00007ffc7b1c9000 	C:\env\jdk\openjdk-17.0.3.0.6-1\bin\management.dll
0x00007ffc7aca0000 - 0x00007ffc7acab000 	C:\env\jdk\openjdk-17.0.3.0.6-1\bin\management_ext.dll
0x00007ffc91f70000 - 0x00007ffc91f8b000 	C:\WINDOWS\SYSTEM32\CRYPTSP.dll
0x00007ffc91780000 - 0x00007ffc917b5000 	C:\WINDOWS\system32\rsaenh.dll
0x00007ffc91e10000 - 0x00007ffc91e3c000 	C:\WINDOWS\SYSTEM32\USERENV.dll
0x00007ffc91f90000 - 0x00007ffc91f9c000 	C:\WINDOWS\SYSTEM32\CRYPTBASE.dll
0x00007ffc91230000 - 0x00007ffc9125d000 	C:\WINDOWS\SYSTEM32\IPHLPAPI.DLL
0x00007ffc94060000 - 0x00007ffc94069000 	C:\WINDOWS\System32\NSI.dll
0x00007ffc8a530000 - 0x00007ffc8a549000 	C:\WINDOWS\SYSTEM32\dhcpcsvc6.DLL
0x00007ffc8a4e0000 - 0x00007ffc8a4ff000 	C:\WINDOWS\SYSTEM32\dhcpcsvc.DLL
0x00007ffc91260000 - 0x00007ffc91359000 	C:\WINDOWS\SYSTEM32\DNSAPI.dll
0x00007ffc7b260000 - 0x00007ffc7b26d000 	C:\env\jdk\openjdk-17.0.3.0.6-1\bin\sunmscapi.dll
0x00007ffc92f30000 - 0x00007ffc93096000 	C:\WINDOWS\System32\CRYPT32.dll
0x00007ffc92130000 - 0x00007ffc9215e000 	C:\WINDOWS\SYSTEM32\ncrypt.dll
0x00007ffc920f0000 - 0x00007ffc92127000 	C:\WINDOWS\SYSTEM32\NTASN1.dll
0x00007ffc117a0000 - 0x00007ffc117a8000 	C:\WINDOWS\system32\wshunix.dll

dbghelp: loaded successfully - version: 4.0.5 - missing functions: none
symbol engine: initialized successfully - sym options: 0x614 - pdb path: .;C:\env\jdk\openjdk-17.0.3.0.6-1\bin;C:\WINDOWS\SYSTEM32;C:\WINDOWS\WinSxS\amd64_microsoft.windows.common-controls_6595b64144ccf1df_6.0.22621.2506_none_270c5ae97388e100;C:\env\jdk\openjdk-17.0.3.0.6-1\bin\server;C:\Users\Playdata\.gradle\native\c067742578af261105cb4f569cf0c3c89f3d7b1fecec35dd04571415982c5e48\windows-amd64;C:\Users\Playdata\.gradle\native\38dada09dfb8b06ba9b0570ebf7e218e3eb74d4ef43ca46872605cf95ebc2f47\windows-amd64

VM Arguments:
jvm_args: --add-opens=java.base/java.util=ALL-UNNAMED --add-opens=java.base/java.lang=ALL-UNNAMED --add-opens=java.base/java.lang.invoke=ALL-UNNAMED --add-opens=java.prefs/java.util.prefs=ALL-UNNAMED --add-opens=java.base/java.nio.charset=ALL-UNNAMED --add-opens=java.base/java.net=ALL-UNNAMED --add-opens=java.base/java.util.concurrent.atomic=ALL-UNNAMED -XX:MaxMetaspaceSize=384m -XX:+HeapDumpOnOutOfMemoryError -Xms256m -Xmx512m -Dfile.encoding=UTF-8 -Duser.country=KR -Duser.language=ko -Duser.variant -javaagent:C:\Users\Playdata\.gradle\wrapper\dists\gradle-8.5-bin\5t9huq95ubn472n8rpzujfbqh\gradle-8.5\lib\agents\gradle-instrumentation-agent-8.5.jar 
java_command: org.gradle.launcher.daemon.bootstrap.GradleDaemon 8.5
java_class_path (initial): C:\Users\Playdata\.gradle\wrapper\dists\gradle-8.5-bin\5t9huq95ubn472n8rpzujfbqh\gradle-8.5\lib\gradle-launcher-8.5.jar
Launcher Type: SUN_STANDARD

[Global flags]
     intx CICompilerCount                          = 4                                         {product} {ergonomic}
   size_t CompressedClassSpaceSize                 = 322961408                                 {product} {ergonomic}
     uint ConcGCThreads                            = 2                                         {product} {ergonomic}
     uint G1ConcRefinementThreads                  = 8                                         {product} {ergonomic}
   size_t G1HeapRegionSize                         = 1048576                                   {product} {ergonomic}
    uintx GCDrainStackTargetSize                   = 64                                        {product} {ergonomic}
     bool HeapDumpOnOutOfMemoryError               = true                                   {manageable} {command line}
   size_t InitialHeapSize                          = 268435456                                 {product} {command line}
   size_t MarkStackSize                            = 4194304                                   {product} {ergonomic}
   size_t MaxHeapSize                              = 536870912                                 {product} {command line}
   size_t MaxMetaspaceSize                         = 402653184                                 {product} {command line}
   size_t MaxNewSize                               = 321912832                                 {product} {ergonomic}
   size_t MinHeapDeltaBytes                        = 1048576                                   {product} {ergonomic}
   size_t MinHeapSize                              = 268435456                                 {product} {command line}
    uintx NonNMethodCodeHeapSize                   = 5839372                                {pd product} {ergonomic}
    uintx NonProfiledCodeHeapSize                  = 122909434                              {pd product} {ergonomic}
    uintx ProfiledCodeHeapSize                     = 122909434                              {pd product} {ergonomic}
    uintx ReservedCodeCacheSize                    = 251658240                              {pd product} {ergonomic}
     bool SegmentedCodeCache                       = true                                      {product} {ergonomic}
   size_t SoftMaxHeapSize                          = 536870912                              {manageable} {ergonomic}
     bool UseCompressedClassPointers               = true                           {product lp64_product} {ergonomic}
     bool UseCompressedOops                        = true                           {product lp64_product} {ergonomic}
     bool UseG1GC                                  = true                                      {product} {ergonomic}
     bool UseLargePagesIndividualAllocation        = false                                  {pd product} {ergonomic}

Logging:
Log output configuration:
 #0: stdout all=warning uptime,level,tags
 #1: stderr all=off uptime,level,tags

Environment Variables:
JAVA_HOME=C:\env\jdk\openjdk-17.0.3.0.6-1
PATH=C:\env\jdk\openjdk-17.0.3.0.6-1\bin;C:\WINDOWS\system32;C:\WINDOWS;C:\WINDOWS\System32\Wbem;C:\WINDOWS\System32\WindowsPowerShell\v1.0\;C:\WINDOWS\System32\OpenSSH\;C:\Program Files\Git\cmd;C:\Program Files\Bandizip\;C:\Program Files\ojdkbuild\java-17-openjdk-17.0.3.0.6-1\bin;C:\Users\Playdata\AppData\Local\Packages\PythonSoftwareFoundation.Python.3.11_qbz5n2kfra8p0\LocalCache\local-packages\Python311\Scripts;C:\Users\Playdata\AppData\Local\Microsoft\WindowsApps;C:\Users\Playdata\AppData\Local\Programs\Microsoft VS Code\bin;C:\Program Files\JetBrains\IntelliJ IDEA 2023.3.2\bin;;C:\Users\Playdata\AppData\Local\Packages\PythonSoftwareFoundation.Python.3.11_qbz5n2kfra8p0\LocalCache\local-packages\Python311\Scripts;
USERNAME=Playdata
OS=Windows_NT
PROCESSOR_IDENTIFIER=Intel64 Family 6 Model 140 Stepping 1, GenuineIntel



---------------  S Y S T E M  ---------------

OS:
 Windows 11 , 64 bit Build 22621 (10.0.22621.3085)
OS uptime: 6 days 12:32 hours
Hyper-V role detected

CPU: total 8 (initial active 8) (4 cores per cpu, 2 threads per core) family 6 model 140 stepping 1 microcode 0x8a, cx8, cmov, fxsr, ht, mmx, 3dnowpref, sse, sse2, sse3, ssse3, sse4.1, sse4.2, popcnt, lzcnt, tsc, tscinvbit, avx, avx2, aes, erms, clmul, bmi1, bmi2, adx, avx512f, avx512dq, avx512cd, avx512bw, avx512vl, sha, fma, vzeroupper, avx512_vpopcntdq, avx512_vpclmulqdq, avx512_vaes, avx512_vnni, clflush, clflushopt, clwb, avx512_vbmi2, avx512_vbmi, hv

Memory: 4k page, system-wide physical 16107M (121M free)
TotalPageFile size 43750M (AvailPageFile size 4M)
current process WorkingSet (physical memory assigned to process): 314M, peak: 340M
current process commit charge ("private bytes"): 445M, peak: 470M

vm_info: OpenJDK 64-Bit Server VM (17.0.3+6-LTS) for windows-amd64 JRE (17.0.3+6-LTS), built on May  3 2022 21:26:56 by "" with MS VC++ 16.10 / 16.11 (VS2019)

END.
