#
# There is insufficient memory for the Java Runtime Environment to continue.
# Native memory allocation (malloc) failed to allocate 1350736 bytes for Chunk::new
# Possible reasons:
#   The system is out of physical RAM or swap space
#   The process is running with CompressedOops enabled, and the Java Heap may be blocking the growth of the native heap
# Possible solutions:
#   Reduce memory load on the system
#   Increase physical memory or swap space
#   Check if swap backing store is full
#   Decrease Java heap size (-Xmx/-Xms)
#   Decrease number of Java threads
#   Decrease Java thread stack sizes (-Xss)
#   Set larger code cache with -XX:ReservedCodeCacheSize=
#   JVM is running with Unscaled Compressed Oops mode in which the Java heap is
#     placed in the first 4GB address space. The Java Heap base address is the
#     maximum limit for the native heap growth. Please use -XX:HeapBaseMinAddress
#     to set the Java Heap base and to place the Java Heap above 4GB virtual address.
# This output file may be truncated or incomplete.
#
#  Out of Memory Error (arena.cpp:189), pid=18372, tid=24712
#
# JRE version: OpenJDK Runtime Environment 21.9 (17.0.3+6) (build 17.0.3+6-LTS)
# Java VM: OpenJDK 64-Bit Server VM 21.9 (17.0.3+6-LTS, mixed mode, sharing, tiered, compressed oops, compressed class ptrs, g1 gc, windows-amd64)
# No core dump will be written. Minidumps are not enabled by default on client versions of Windows
#

---------------  S U M M A R Y ------------

Command Line: --add-opens=java.base/java.util=ALL-UNNAMED --add-opens=java.base/java.lang=ALL-UNNAMED --add-opens=java.base/java.lang.invoke=ALL-UNNAMED --add-opens=java.prefs/java.util.prefs=ALL-UNNAMED --add-opens=java.base/java.nio.charset=ALL-UNNAMED --add-opens=java.base/java.net=ALL-UNNAMED --add-opens=java.base/java.util.concurrent.atomic=ALL-UNNAMED -XX:MaxMetaspaceSize=384m -XX:+HeapDumpOnOutOfMemoryError -Xms256m -Xmx512m -Dfile.encoding=UTF-8 -Duser.country=KR -Duser.language=ko -Duser.variant -javaagent:C:\Users\Playdata\.gradle\wrapper\dists\gradle-8.5-bin\5t9huq95ubn472n8rpzujfbqh\gradle-8.5\lib\agents\gradle-instrumentation-agent-8.5.jar org.gradle.launcher.daemon.bootstrap.GradleDaemon 8.5

Host: 11th Gen Intel(R) Core(TM) i5-1135G7 @ 2.40GHz, 8 cores, 15G,  Windows 11 , 64 bit Build 22621 (10.0.22621.3085)
Time: Wed Mar 13 18:48:35 2024  Windows 11 , 64 bit Build 22621 (10.0.22621.3085) elapsed time: 93.102832 seconds (0d 0h 1m 33s)

---------------  T H R E A D  ---------------

Current thread (0x000001cd11609240):  JavaThread "C2 CompilerThread0" daemon [_thread_in_native, id=24712, stack(0x0000002319200000,0x0000002319300000)]


Current CompileTask:
C2:  93102 5905 %     4       groovy.lang.MetaClassImpl::inheritInterfaceNewMetaMethods @ 100 (195 bytes)

Stack: [0x0000002319200000,0x0000002319300000]
Native frames: (J=compiled Java code, j=interpreted, Vv=VM code, C=native code)
V  [jvm.dll+0x67720a]
V  [jvm.dll+0x832514]
V  [jvm.dll+0x833cbe]
V  [jvm.dll+0x834323]
V  [jvm.dll+0x245815]
V  [jvm.dll+0xabf1b]
V  [jvm.dll+0xac4ac]
V  [jvm.dll+0x3639b2]
V  [jvm.dll+0x1bbdb2]
V  [jvm.dll+0x2188c9]
V  [jvm.dll+0x217b91]
V  [jvm.dll+0x1a400d]
V  [jvm.dll+0x227508]
V  [jvm.dll+0x22565c]
V  [jvm.dll+0x7e7d5c]
V  [jvm.dll+0x7e230a]
V  [jvm.dll+0x676095]
C  [ucrtbase.dll+0x29363]
C  [KERNEL32.DLL+0x1257d]
C  [ntdll.dll+0x5aa58]


---------------  P R O C E S S  ---------------

Threads class SMR info:
_java_thread_list=0x000001cd14652060, length=61, elements={
0x000001cd76a48a80, 0x000001cd115e83b0, 0x000001cd115e9370, 0x000001cd11602470,
0x000001cd11602f30, 0x000001cd11603ae0, 0x000001cd116084b0, 0x000001cd11609240,
0x000001cd1160dc80, 0x000001cd1165e7b0, 0x000001cd116110c0, 0x000001cd121a33c0,
0x000001cd12b84060, 0x000001cd12b84a00, 0x000001cd12b831f0, 0x000001cd12b836c0,
0x000001cd12b84530, 0x000001cd12b84ed0, 0x000001cd12b81510, 0x000001cd12b82380,
0x000001cd12b819e0, 0x000001cd12b81eb0, 0x000001cd14b3d0c0, 0x000001cd14b37a20,
0x000001cd14b366e0, 0x000001cd14b3aa40, 0x000001cd14b39700, 0x000001cd14b39bd0,
0x000001cd14b3c720, 0x000001cd14b3bd80, 0x000001cd14b3a570, 0x000001cd14b36bb0,
0x000001cd14b3cbf0, 0x000001cd14b35d40, 0x000001cd14b3d590, 0x000001cd14b3b3e0,
0x000001cd14b383c0, 0x000001cd14b3c250, 0x000001cd14b37080, 0x000001cd14b37550,
0x000001cd14b37ef0, 0x000001cd14b38890, 0x000001cd13e87460, 0x000001cd13e86ac0,
0x000001cd13e84de0, 0x000001cd13e87e00, 0x000001cd13e85c50, 0x000001cd13e852b0,
0x000001cd13e86f90, 0x000001cd13e86120, 0x000001cd13e887a0, 0x000001cd13e865f0,
0x000001cd13e85780, 0x000001cd12b82d20, 0x000001cd1452b870, 0x000001cd145279e0,
0x000001cd14527510, 0x000001cd1452bd40, 0x000001cd145291f0, 0x000001cd1452aa00,
0x000001cd145266a0
}

Java Threads: ( => current thread )
  0x000001cd76a48a80 JavaThread "main" [_thread_blocked, id=35396, stack(0x0000002318500000,0x0000002318600000)]
  0x000001cd115e83b0 JavaThread "Reference Handler" daemon [_thread_blocked, id=7236, stack(0x0000002318c00000,0x0000002318d00000)]
  0x000001cd115e9370 JavaThread "Finalizer" daemon [_thread_blocked, id=30416, stack(0x0000002318d00000,0x0000002318e00000)]
  0x000001cd11602470 JavaThread "Signal Dispatcher" daemon [_thread_blocked, id=22740, stack(0x0000002318e00000,0x0000002318f00000)]
  0x000001cd11602f30 JavaThread "Attach Listener" daemon [_thread_blocked, id=19716, stack(0x0000002318f00000,0x0000002319000000)]
  0x000001cd11603ae0 JavaThread "Service Thread" daemon [_thread_blocked, id=5808, stack(0x0000002319000000,0x0000002319100000)]
  0x000001cd116084b0 JavaThread "Monitor Deflation Thread" daemon [_thread_blocked, id=21144, stack(0x0000002319100000,0x0000002319200000)]
=>0x000001cd11609240 JavaThread "C2 CompilerThread0" daemon [_thread_in_native, id=24712, stack(0x0000002319200000,0x0000002319300000)]
  0x000001cd1160dc80 JavaThread "C1 CompilerThread0" daemon [_thread_in_native, id=14216, stack(0x0000002319300000,0x0000002319400000)]
  0x000001cd1165e7b0 JavaThread "Sweeper thread" daemon [_thread_blocked, id=11776, stack(0x0000002319400000,0x0000002319500000)]
  0x000001cd116110c0 JavaThread "Common-Cleaner" daemon [_thread_blocked, id=4544, stack(0x0000002319500000,0x0000002319600000)]
  0x000001cd121a33c0 JavaThread "Notification Thread" daemon [_thread_blocked, id=35628, stack(0x0000002319600000,0x0000002319700000)]
  0x000001cd12b84060 JavaThread "Daemon health stats" [_thread_blocked, id=19216, stack(0x0000002319e00000,0x0000002319f00000)]
  0x000001cd12b84a00 JavaThread "Incoming local TCP Connector on port 61400" [_thread_in_native, id=1184, stack(0x0000002319800000,0x0000002319900000)]
  0x000001cd12b831f0 JavaThread "Daemon periodic checks" [_thread_blocked, id=23496, stack(0x0000002319f00000,0x000000231a000000)]
  0x000001cd12b836c0 JavaThread "Daemon" [_thread_blocked, id=25984, stack(0x000000231a000000,0x000000231a100000)]
  0x000001cd12b84530 JavaThread "Handler for socket connection from /127.0.0.1:61400 to /127.0.0.1:61414" [_thread_in_native, id=35656, stack(0x000000231a100000,0x000000231a200000)]
  0x000001cd12b84ed0 JavaThread "Cancel handler" [_thread_blocked, id=33984, stack(0x000000231a200000,0x000000231a300000)]
  0x000001cd12b81510 JavaThread "Daemon worker" [_thread_blocked, id=6688, stack(0x000000231a300000,0x000000231a400000)]
  0x000001cd12b82380 JavaThread "Asynchronous log dispatcher for DefaultDaemonConnection: socket connection from /127.0.0.1:61400 to /127.0.0.1:61414" [_thread_blocked, id=17060, stack(0x000000231a400000,0x000000231a500000)]
  0x000001cd12b819e0 JavaThread "Stdin handler" [_thread_blocked, id=31464, stack(0x000000231a500000,0x000000231a600000)]
  0x000001cd12b81eb0 JavaThread "Daemon client event forwarder" [_thread_blocked, id=28788, stack(0x000000231a600000,0x000000231a700000)]
  0x000001cd14b3d0c0 JavaThread "Cache worker for journal cache (C:\Users\Playdata\.gradle\caches\journal-1)" [_thread_blocked, id=21456, stack(0x000000231a700000,0x000000231a800000)]
  0x000001cd14b37a20 JavaThread "File lock request listener" [_thread_in_native, id=5696, stack(0x000000231a800000,0x000000231a900000)]
  0x000001cd14b366e0 JavaThread "File lock release action executor" [_thread_blocked, id=34968, stack(0x000000231a900000,0x000000231aa00000)]
  0x000001cd14b3aa40 JavaThread "Cache worker for file hash cache (C:\Users\Playdata\.gradle\caches\8.5\fileHashes)" [_thread_blocked, id=34780, stack(0x000000231ab00000,0x000000231ac00000)]
  0x000001cd14b39700 JavaThread "File watcher server" daemon [_thread_in_native, id=35376, stack(0x000000231aa00000,0x000000231ab00000)]
  0x000001cd14b39bd0 JavaThread "File watcher consumer" daemon [_thread_blocked, id=2516, stack(0x000000231ac00000,0x000000231ad00000)]
  0x000001cd14b3c720 JavaThread "Cache worker for checksums cache (C:\innerjoinus\innerjoinus-article-reply-source\.gradle\8.5\checksums)" [_thread_blocked, id=33852, stack(0x000000231b000000,0x000000231b100000)]
  0x000001cd14b3bd80 JavaThread "Cache worker for file hash cache (C:\innerjoinus\innerjoinus-article-reply-source\.gradle\8.5\fileHashes)" [_thread_blocked, id=16044, stack(0x000000231b100000,0x000000231b200000)]
  0x000001cd14b3a570 JavaThread "Cache worker for cache directory md-supplier (C:\Users\Playdata\.gradle\caches\8.5\md-supplier)" [_thread_blocked, id=34648, stack(0x000000231b200000,0x000000231b300000)]
  0x000001cd14b36bb0 JavaThread "Cache worker for cache directory md-rule (C:\Users\Playdata\.gradle\caches\8.5\md-rule)" [_thread_blocked, id=34328, stack(0x000000231b300000,0x000000231b400000)]
  0x000001cd14b3cbf0 JavaThread "Cache worker for file content cache (C:\Users\Playdata\.gradle\caches\8.5\fileContent)" [_thread_blocked, id=33244, stack(0x000000231b400000,0x000000231b500000)]
  0x000001cd14b35d40 JavaThread "Cache worker for execution history cache (C:\Users\Playdata\.gradle\caches\8.5\executionHistory)" [_thread_blocked, id=34792, stack(0x000000231b500000,0x000000231b600000)]
  0x000001cd14b3d590 JavaThread "jar transforms" [_thread_blocked, id=4632, stack(0x0000002318200000,0x0000002318300000)]
  0x000001cd14b3b3e0 JavaThread "jar transforms Thread 2" [_thread_blocked, id=10396, stack(0x000000231b600000,0x000000231b700000)]
  0x000001cd14b383c0 JavaThread "jar transforms Thread 3" [_thread_blocked, id=21108, stack(0x000000231b700000,0x000000231b800000)]
  0x000001cd14b3c250 JavaThread "jar transforms Thread 4" [_thread_blocked, id=31252, stack(0x000000231ba00000,0x000000231bb00000)]
  0x000001cd14b37080 JavaThread "jar transforms Thread 5" [_thread_blocked, id=3284, stack(0x000000231bb00000,0x000000231bc00000)]
  0x000001cd14b37550 JavaThread "jar transforms Thread 6" [_thread_blocked, id=12232, stack(0x000000231bc00000,0x000000231bd00000)]
  0x000001cd14b37ef0 JavaThread "Cache worker for dependencies-accessors (C:\innerjoinus\innerjoinus-article-reply-source\.gradle\8.5\dependencies-accessors)" [_thread_blocked, id=34808, stack(0x0000002318400000,0x0000002318500000)]
  0x000001cd14b38890 JavaThread "jar transforms Thread 7" [_thread_blocked, id=22228, stack(0x0000002318300000,0x0000002318400000)]
  0x000001cd13e87460 JavaThread "Cache worker for Build Output Cleanup Cache (C:\innerjoinus\innerjoinus-article-reply-source\.gradle\buildOutputCleanup)" [_thread_blocked, id=13348, stack(0x000000231be00000,0x000000231bf00000)]
  0x000001cd13e86ac0 JavaThread "Unconstrained build operations" [_thread_blocked, id=8656, stack(0x000000231bd00000,0x000000231be00000)]
  0x000001cd13e84de0 JavaThread "Unconstrained build operations Thread 2" [_thread_blocked, id=18700, stack(0x000000231bf00000,0x000000231c000000)]
  0x000001cd13e87e00 JavaThread "Unconstrained build operations Thread 3" [_thread_blocked, id=29384, stack(0x000000231c000000,0x000000231c100000)]
  0x000001cd13e85c50 JavaThread "Unconstrained build operations Thread 4" [_thread_blocked, id=30084, stack(0x000000231c100000,0x000000231c200000)]
  0x000001cd13e852b0 JavaThread "Unconstrained build operations Thread 5" [_thread_blocked, id=25944, stack(0x000000231c200000,0x000000231c300000)]
  0x000001cd13e86f90 JavaThread "Unconstrained build operations Thread 6" [_thread_blocked, id=14876, stack(0x000000231c300000,0x000000231c400000)]
  0x000001cd13e86120 JavaThread "Unconstrained build operations Thread 7" [_thread_blocked, id=25396, stack(0x000000231c400000,0x000000231c500000)]
  0x000001cd13e887a0 JavaThread "jar transforms Thread 8" [_thread_blocked, id=12112, stack(0x000000231c500000,0x000000231c600000)]
  0x000001cd13e865f0 JavaThread "Memory manager" [_thread_blocked, id=21184, stack(0x000000231c600000,0x000000231c700000)]
  0x000001cd13e85780 JavaThread "included builds" [_thread_in_Java, id=3148, stack(0x000000231c700000,0x000000231c800000)]
  0x000001cd12b82d20 JavaThread "Execution worker" [_thread_blocked, id=5508, stack(0x000000231c800000,0x000000231c900000)]
  0x000001cd1452b870 JavaThread "Execution worker Thread 2" [_thread_blocked, id=13036, stack(0x000000231c900000,0x000000231ca00000)]
  0x000001cd145279e0 JavaThread "Execution worker Thread 3" [_thread_blocked, id=33308, stack(0x000000231ca00000,0x000000231cb00000)]
  0x000001cd14527510 JavaThread "Execution worker Thread 4" [_thread_blocked, id=20308, stack(0x000000231cb00000,0x000000231cc00000)]
  0x000001cd1452bd40 JavaThread "Execution worker Thread 5" [_thread_blocked, id=19228, stack(0x000000231cc00000,0x000000231cd00000)]
  0x000001cd145291f0 JavaThread "Execution worker Thread 6" [_thread_blocked, id=21620, stack(0x000000231cd00000,0x000000231ce00000)]
  0x000001cd1452aa00 JavaThread "Execution worker Thread 7" [_thread_blocked, id=13132, stack(0x000000231ce00000,0x000000231cf00000)]
  0x000001cd145266a0 JavaThread "Cache worker for execution history cache (C:\innerjoinus\innerjoinus-article-reply-source\.gradle\8.5\executionHistory)" [_thread_blocked, id=18704, stack(0x000000231cf00000,0x000000231d000000)]

Other Threads:
  0x000001cd115e3a20 VMThread "VM Thread" [stack: 0x0000002318b00000,0x0000002318c00000] [id=19312]
  0x000001cd76a498f0 WatcherThread [stack: 0x0000002319700000,0x0000002319800000] [id=26072]
  0x000001cd76a76730 GCTaskThread "GC Thread#0" [stack: 0x0000002318600000,0x0000002318700000] [id=28068]
  0x000001cd12cc7000 GCTaskThread "GC Thread#1" [stack: 0x0000002319900000,0x0000002319a00000] [id=34944]
  0x000001cd12b4c250 GCTaskThread "GC Thread#2" [stack: 0x0000002319a00000,0x0000002319b00000] [id=20988]
  0x000001cd12b4c500 GCTaskThread "GC Thread#3" [stack: 0x0000002319b00000,0x0000002319c00000] [id=30004]
  0x000001cd12b4c7b0 GCTaskThread "GC Thread#4" [stack: 0x0000002319c00000,0x0000002319d00000] [id=24284]
  0x000001cd12b4ca60 GCTaskThread "GC Thread#5" [stack: 0x0000002319d00000,0x0000002319e00000] [id=10724]
  0x000001cd13937ae0 GCTaskThread "GC Thread#6" [stack: 0x000000231ad00000,0x000000231ae00000] [id=34668]
  0x000001cd139372d0 GCTaskThread "GC Thread#7" [stack: 0x000000231ae00000,0x000000231af00000] [id=20328]
  0x000001cd76a77640 ConcurrentGCThread "G1 Main Marker" [stack: 0x0000002318700000,0x0000002318800000] [id=25592]
  0x000001cd748de160 ConcurrentGCThread "G1 Conc#0" [stack: 0x0000002318800000,0x0000002318900000] [id=23340]
  0x000001cd13937020 ConcurrentGCThread "G1 Conc#1" [stack: 0x000000231af00000,0x000000231b000000] [id=9708]
  0x000001cd76b0d690 ConcurrentGCThread "G1 Refine#0" [stack: 0x0000002318900000,0x0000002318a00000] [id=32984]
  0x000001cd138d5d30 ConcurrentGCThread "G1 Refine#1" [stack: 0x000000231d000000,0x000000231d100000] [id=19504]
  0x000001cd138d4070 ConcurrentGCThread "G1 Refine#2" [stack: 0x000000231d100000,0x000000231d200000] [id=26792]
  0x000001cd76b0e0b0 ConcurrentGCThread "G1 Service" [stack: 0x0000002318a00000,0x0000002318b00000] [id=32860]

Threads with active compile tasks:
C2 CompilerThread0    93134 5905 %     4       groovy.lang.MetaClassImpl::inheritInterfaceNewMetaMethods @ 100 (195 bytes)

VM state: not at safepoint (normal execution)

VM Mutex/Monitor currently owned by a thread: None

Heap address: 0x00000000e0000000, size: 512 MB, Compressed Oops mode: 32-bit

CDS archive(s) mapped at: [0x0000000800000000-0x0000000800bc0000-0x0000000800bc0000), size 12320768, SharedBaseAddress: 0x0000000800000000, ArchiveRelocationMode: 0.
Compressed class space mapped at: 0x0000000800c00000-0x0000000814000000, reserved size: 322961408
Narrow klass base: 0x0000000800000000, Narrow klass shift: 0, Narrow klass range: 0x100000000

GC Precious Log:
 CPUs: 8 total, 8 available
 Memory: 16107M
 Large Page Support: Disabled
 NUMA Support: Disabled
 Compressed Oops: Enabled (32-bit)
 Heap Region Size: 1M
 Heap Min Capacity: 256M
 Heap Initial Capacity: 256M
 Heap Max Capacity: 512M
 Pre-touch: Disabled
 Parallel Workers: 8
 Concurrent Workers: 2
 Concurrent Refinement Workers: 8
 Periodic GC: Disabled

Heap:
 garbage-first heap   total 262144K, used 40814K [0x00000000e0000000, 0x0000000100000000)
  region size 1024K, 2 young (2048K), 1 survivors (1024K)
 Metaspace       used 48876K, committed 49472K, reserved 364544K
  class space    used 7013K, committed 7296K, reserved 315392K

Heap Regions: E=young(eden), S=young(survivor), O=old, HS=humongous(starts), HC=humongous(continues), CS=collection set, F=free, OA=open archive, CA=closed archive, TAMS=top-at-mark-start (previous, next)
|   0|0x00000000e0000000, 0x00000000e0100000, 0x00000000e0100000|100%|HS|  |TAMS 0x00000000e0100000, 0x00000000e0000000| Complete 
|   1|0x00000000e0100000, 0x00000000e0200000, 0x00000000e0200000|100%|HC|  |TAMS 0x00000000e0200000, 0x00000000e0100000| Complete 
|   2|0x00000000e0200000, 0x00000000e0300000, 0x00000000e0300000|100%|HC|  |TAMS 0x00000000e0300000, 0x00000000e0200000| Complete 
|   3|0x00000000e0300000, 0x00000000e0400000, 0x00000000e0400000|100%|HC|  |TAMS 0x00000000e0400000, 0x00000000e0300000| Complete 
|   4|0x00000000e0400000, 0x00000000e0500000, 0x00000000e0500000|100%| O|  |TAMS 0x00000000e0400000, 0x00000000e0400000| Untracked 
|   5|0x00000000e0500000, 0x00000000e0600000, 0x00000000e0600000|100%| O|  |TAMS 0x00000000e0600000, 0x00000000e0500000| Untracked 
|   6|0x00000000e0600000, 0x00000000e0700000, 0x00000000e0700000|100%| O|  |TAMS 0x00000000e0700000, 0x00000000e0600000| Untracked 
|   7|0x00000000e0700000, 0x00000000e0800000, 0x00000000e0800000|100%| O|  |TAMS 0x00000000e0800000, 0x00000000e0700000| Untracked 
|   8|0x00000000e0800000, 0x00000000e0900000, 0x00000000e0900000|100%| O|  |TAMS 0x00000000e0900000, 0x00000000e0800000| Untracked 
|   9|0x00000000e0900000, 0x00000000e0a00000, 0x00000000e0a00000|100%| O|  |TAMS 0x00000000e0a00000, 0x00000000e0900000| Untracked 
|  10|0x00000000e0a00000, 0x00000000e0a00000, 0x00000000e0b00000|  0%| F|  |TAMS 0x00000000e0a00000, 0x00000000e0a00000| Untracked 
|  11|0x00000000e0b00000, 0x00000000e0c00000, 0x00000000e0c00000|100%| O|  |TAMS 0x00000000e0c00000, 0x00000000e0b00000| Untracked 
|  12|0x00000000e0c00000, 0x00000000e0d00000, 0x00000000e0d00000|100%| O|  |TAMS 0x00000000e0d00000, 0x00000000e0c00000| Untracked 
|  13|0x00000000e0d00000, 0x00000000e0e00000, 0x00000000e0e00000|100%| O|  |TAMS 0x00000000e0e00000, 0x00000000e0d00000| Untracked 
|  14|0x00000000e0e00000, 0x00000000e0f00000, 0x00000000e0f00000|100%| O|  |TAMS 0x00000000e0f00000, 0x00000000e0e00000| Untracked 
|  15|0x00000000e0f00000, 0x00000000e1000000, 0x00000000e1000000|100%| O|  |TAMS 0x00000000e1000000, 0x00000000e0f00000| Untracked 
|  16|0x00000000e1000000, 0x00000000e1100000, 0x00000000e1100000|100%| O|  |TAMS 0x00000000e1100000, 0x00000000e1000000| Untracked 
|  17|0x00000000e1100000, 0x00000000e1200000, 0x00000000e1200000|100%| O|  |TAMS 0x00000000e1200000, 0x00000000e1100000| Untracked 
|  18|0x00000000e1200000, 0x00000000e1300000, 0x00000000e1300000|100%| O|  |TAMS 0x00000000e1300000, 0x00000000e1200000| Untracked 
|  19|0x00000000e1300000, 0x00000000e1400000, 0x00000000e1400000|100%| O|  |TAMS 0x00000000e1400000, 0x00000000e1300000| Untracked 
|  20|0x00000000e1400000, 0x00000000e1500000, 0x00000000e1500000|100%| O|  |TAMS 0x00000000e1500000, 0x00000000e1400000| Untracked 
|  21|0x00000000e1500000, 0x00000000e1600000, 0x00000000e1600000|100%| O|  |TAMS 0x00000000e1600000, 0x00000000e1500000| Untracked 
|  22|0x00000000e1600000, 0x00000000e1700000, 0x00000000e1700000|100%| O|  |TAMS 0x00000000e1700000, 0x00000000e1600000| Untracked 
|  23|0x00000000e1700000, 0x00000000e1800000, 0x00000000e1800000|100%| O|  |TAMS 0x00000000e1800000, 0x00000000e1700000| Untracked 
|  24|0x00000000e1800000, 0x00000000e1900000, 0x00000000e1900000|100%| O|  |TAMS 0x00000000e1900000, 0x00000000e1800000| Untracked 
|  25|0x00000000e1900000, 0x00000000e1a00000, 0x00000000e1a00000|100%| O|  |TAMS 0x00000000e1a00000, 0x00000000e1900000| Untracked 
|  26|0x00000000e1a00000, 0x00000000e1b00000, 0x00000000e1b00000|100%| O|  |TAMS 0x00000000e1b00000, 0x00000000e1a00000| Untracked 
|  27|0x00000000e1b00000, 0x00000000e1c00000, 0x00000000e1c00000|100%| O|  |TAMS 0x00000000e1c00000, 0x00000000e1b00000| Untracked 
|  28|0x00000000e1c00000, 0x00000000e1d00000, 0x00000000e1d00000|100%| O|  |TAMS 0x00000000e1d00000, 0x00000000e1c00000| Untracked 
|  29|0x00000000e1d00000, 0x00000000e1e00000, 0x00000000e1e00000|100%| O|  |TAMS 0x00000000e1e00000, 0x00000000e1d00000| Untracked 
|  30|0x00000000e1e00000, 0x00000000e1f00000, 0x00000000e1f00000|100%| O|  |TAMS 0x00000000e1eb0200, 0x00000000e1e00000| Untracked 
|  31|0x00000000e1f00000, 0x00000000e2000000, 0x00000000e2000000|100%| O|  |TAMS 0x00000000e1f00000, 0x00000000e1f00000| Untracked 
|  32|0x00000000e2000000, 0x00000000e2100000, 0x00000000e2100000|100%| O|  |TAMS 0x00000000e2000000, 0x00000000e2000000| Untracked 
|  33|0x00000000e2100000, 0x00000000e2200000, 0x00000000e2200000|100%| O|  |TAMS 0x00000000e2100000, 0x00000000e2100000| Untracked 
|  34|0x00000000e2200000, 0x00000000e2300000, 0x00000000e2300000|100%| O|  |TAMS 0x00000000e2200000, 0x00000000e2200000| Untracked 
|  35|0x00000000e2300000, 0x00000000e2400000, 0x00000000e2400000|100%| O|  |TAMS 0x00000000e2300000, 0x00000000e2300000| Untracked 
|  36|0x00000000e2400000, 0x00000000e2500000, 0x00000000e2500000|100%| O|  |TAMS 0x00000000e2400000, 0x00000000e2400000| Untracked 
|  37|0x00000000e2500000, 0x00000000e2600000, 0x00000000e2600000|100%| O|  |TAMS 0x00000000e2500000, 0x00000000e2500000| Untracked 
|  38|0x00000000e2600000, 0x00000000e2700000, 0x00000000e2700000|100%| O|  |TAMS 0x00000000e2600000, 0x00000000e2600000| Untracked 
|  39|0x00000000e2700000, 0x00000000e27ea800, 0x00000000e2800000| 91%| O|  |TAMS 0x00000000e2700000, 0x00000000e2700000| Untracked 
|  40|0x00000000e2800000, 0x00000000e2800000, 0x00000000e2900000|  0%| F|  |TAMS 0x00000000e2800000, 0x00000000e2800000| Untracked 
|  41|0x00000000e2900000, 0x00000000e2900000, 0x00000000e2a00000|  0%| F|  |TAMS 0x00000000e2900000, 0x00000000e2900000| Untracked 
|  42|0x00000000e2a00000, 0x00000000e2a00000, 0x00000000e2b00000|  0%| F|  |TAMS 0x00000000e2a00000, 0x00000000e2a00000| Untracked 
|  43|0x00000000e2b00000, 0x00000000e2b00000, 0x00000000e2c00000|  0%| F|  |TAMS 0x00000000e2b00000, 0x00000000e2b00000| Untracked 
|  44|0x00000000e2c00000, 0x00000000e2c00000, 0x00000000e2d00000|  0%| F|  |TAMS 0x00000000e2c00000, 0x00000000e2c00000| Untracked 
|  45|0x00000000e2d00000, 0x00000000e2d00000, 0x00000000e2e00000|  0%| F|  |TAMS 0x00000000e2d00000, 0x00000000e2d00000| Untracked 
|  46|0x00000000e2e00000, 0x00000000e2e00000, 0x00000000e2f00000|  0%| F|  |TAMS 0x00000000e2e00000, 0x00000000e2e00000| Untracked 
|  47|0x00000000e2f00000, 0x00000000e2f00000, 0x00000000e3000000|  0%| F|  |TAMS 0x00000000e2f00000, 0x00000000e2f00000| Untracked 
|  48|0x00000000e3000000, 0x00000000e3000000, 0x00000000e3100000|  0%| F|  |TAMS 0x00000000e3000000, 0x00000000e3000000| Untracked 
|  49|0x00000000e3100000, 0x00000000e3100000, 0x00000000e3200000|  0%| F|  |TAMS 0x00000000e3100000, 0x00000000e3100000| Untracked 
|  50|0x00000000e3200000, 0x00000000e3200000, 0x00000000e3300000|  0%| F|  |TAMS 0x00000000e3200000, 0x00000000e3200000| Untracked 
|  51|0x00000000e3300000, 0x00000000e3300000, 0x00000000e3400000|  0%| F|  |TAMS 0x00000000e3300000, 0x00000000e3300000| Untracked 
|  52|0x00000000e3400000, 0x00000000e3400000, 0x00000000e3500000|  0%| F|  |TAMS 0x00000000e3400000, 0x00000000e3400000| Untracked 
|  53|0x00000000e3500000, 0x00000000e3500000, 0x00000000e3600000|  0%| F|  |TAMS 0x00000000e3500000, 0x00000000e3500000| Untracked 
|  54|0x00000000e3600000, 0x00000000e3600000, 0x00000000e3700000|  0%| F|  |TAMS 0x00000000e3600000, 0x00000000e3600000| Untracked 
|  55|0x00000000e3700000, 0x00000000e3700000, 0x00000000e3800000|  0%| F|  |TAMS 0x00000000e3700000, 0x00000000e3700000| Untracked 
|  56|0x00000000e3800000, 0x00000000e3800000, 0x00000000e3900000|  0%| F|  |TAMS 0x00000000e3800000, 0x00000000e3800000| Untracked 
|  57|0x00000000e3900000, 0x00000000e3900000, 0x00000000e3a00000|  0%| F|  |TAMS 0x00000000e3900000, 0x00000000e3900000| Untracked 
|  58|0x00000000e3a00000, 0x00000000e3a00000, 0x00000000e3b00000|  0%| F|  |TAMS 0x00000000e3a00000, 0x00000000e3a00000| Untracked 
|  59|0x00000000e3b00000, 0x00000000e3b00000, 0x00000000e3c00000|  0%| F|  |TAMS 0x00000000e3b00000, 0x00000000e3b00000| Untracked 
|  60|0x00000000e3c00000, 0x00000000e3c00000, 0x00000000e3d00000|  0%| F|  |TAMS 0x00000000e3c00000, 0x00000000e3c00000| Untracked 
|  61|0x00000000e3d00000, 0x00000000e3d00000, 0x00000000e3e00000|  0%| F|  |TAMS 0x00000000e3d00000, 0x00000000e3d00000| Untracked 
|  62|0x00000000e3e00000, 0x00000000e3e00000, 0x00000000e3f00000|  0%| F|  |TAMS 0x00000000e3e00000, 0x00000000e3e00000| Untracked 
|  63|0x00000000e3f00000, 0x00000000e3f00000, 0x00000000e4000000|  0%| F|  |TAMS 0x00000000e3f00000, 0x00000000e3f00000| Untracked 
|  64|0x00000000e4000000, 0x00000000e4000000, 0x00000000e4100000|  0%| F|  |TAMS 0x00000000e4000000, 0x00000000e4000000| Untracked 
|  65|0x00000000e4100000, 0x00000000e4100000, 0x00000000e4200000|  0%| F|  |TAMS 0x00000000e4100000, 0x00000000e4100000| Untracked 
|  66|0x00000000e4200000, 0x00000000e4200000, 0x00000000e4300000|  0%| F|  |TAMS 0x00000000e4200000, 0x00000000e4200000| Untracked 
|  67|0x00000000e4300000, 0x00000000e4300000, 0x00000000e4400000|  0%| F|  |TAMS 0x00000000e4300000, 0x00000000e4300000| Untracked 
|  68|0x00000000e4400000, 0x00000000e4400000, 0x00000000e4500000|  0%| F|  |TAMS 0x00000000e4400000, 0x00000000e4400000| Untracked 
|  69|0x00000000e4500000, 0x00000000e4500000, 0x00000000e4600000|  0%| F|  |TAMS 0x00000000e4500000, 0x00000000e4500000| Untracked 
|  70|0x00000000e4600000, 0x00000000e4600000, 0x00000000e4700000|  0%| F|  |TAMS 0x00000000e4600000, 0x00000000e4600000| Untracked 
|  71|0x00000000e4700000, 0x00000000e4700000, 0x00000000e4800000|  0%| F|  |TAMS 0x00000000e4700000, 0x00000000e4700000| Untracked 
|  72|0x00000000e4800000, 0x00000000e4800000, 0x00000000e4900000|  0%| F|  |TAMS 0x00000000e4800000, 0x00000000e4800000| Untracked 
|  73|0x00000000e4900000, 0x00000000e4900000, 0x00000000e4a00000|  0%| F|  |TAMS 0x00000000e4900000, 0x00000000e4900000| Untracked 
|  74|0x00000000e4a00000, 0x00000000e4a00000, 0x00000000e4b00000|  0%| F|  |TAMS 0x00000000e4a00000, 0x00000000e4a00000| Untracked 
|  75|0x00000000e4b00000, 0x00000000e4b00000, 0x00000000e4c00000|  0%| F|  |TAMS 0x00000000e4b00000, 0x00000000e4b00000| Untracked 
|  76|0x00000000e4c00000, 0x00000000e4c00000, 0x00000000e4d00000|  0%| F|  |TAMS 0x00000000e4c00000, 0x00000000e4c00000| Untracked 
|  77|0x00000000e4d00000, 0x00000000e4d00000, 0x00000000e4e00000|  0%| F|  |TAMS 0x00000000e4d00000, 0x00000000e4d00000| Untracked 
|  78|0x00000000e4e00000, 0x00000000e4e00000, 0x00000000e4f00000|  0%| F|  |TAMS 0x00000000e4e00000, 0x00000000e4e00000| Untracked 
|  79|0x00000000e4f00000, 0x00000000e4f00000, 0x00000000e5000000|  0%| F|  |TAMS 0x00000000e4f00000, 0x00000000e4f00000| Untracked 
|  80|0x00000000e5000000, 0x00000000e5000000, 0x00000000e5100000|  0%| F|  |TAMS 0x00000000e5000000, 0x00000000e5000000| Untracked 
|  81|0x00000000e5100000, 0x00000000e5100000, 0x00000000e5200000|  0%| F|  |TAMS 0x00000000e5100000, 0x00000000e5100000| Untracked 
|  82|0x00000000e5200000, 0x00000000e5200000, 0x00000000e5300000|  0%| F|  |TAMS 0x00000000e5200000, 0x00000000e5200000| Untracked 
|  83|0x00000000e5300000, 0x00000000e5300000, 0x00000000e5400000|  0%| F|  |TAMS 0x00000000e5300000, 0x00000000e5300000| Untracked 
|  84|0x00000000e5400000, 0x00000000e5400000, 0x00000000e5500000|  0%| F|  |TAMS 0x00000000e5400000, 0x00000000e5400000| Untracked 
|  85|0x00000000e5500000, 0x00000000e5500000, 0x00000000e5600000|  0%| F|  |TAMS 0x00000000e5500000, 0x00000000e5500000| Untracked 
|  86|0x00000000e5600000, 0x00000000e5600000, 0x00000000e5700000|  0%| F|  |TAMS 0x00000000e5600000, 0x00000000e5600000| Untracked 
|  87|0x00000000e5700000, 0x00000000e5700000, 0x00000000e5800000|  0%| F|  |TAMS 0x00000000e5700000, 0x00000000e5700000| Untracked 
|  88|0x00000000e5800000, 0x00000000e5800000, 0x00000000e5900000|  0%| F|  |TAMS 0x00000000e5800000, 0x00000000e5800000| Untracked 
|  89|0x00000000e5900000, 0x00000000e5900000, 0x00000000e5a00000|  0%| F|  |TAMS 0x00000000e5900000, 0x00000000e5900000| Untracked 
|  90|0x00000000e5a00000, 0x00000000e5a00000, 0x00000000e5b00000|  0%| F|  |TAMS 0x00000000e5a00000, 0x00000000e5a00000| Untracked 
|  91|0x00000000e5b00000, 0x00000000e5b00000, 0x00000000e5c00000|  0%| F|  |TAMS 0x00000000e5b00000, 0x00000000e5b00000| Untracked 
|  92|0x00000000e5c00000, 0x00000000e5c00000, 0x00000000e5d00000|  0%| F|  |TAMS 0x00000000e5c00000, 0x00000000e5c00000| Untracked 
|  93|0x00000000e5d00000, 0x00000000e5d00000, 0x00000000e5e00000|  0%| F|  |TAMS 0x00000000e5d00000, 0x00000000e5d00000| Untracked 
|  94|0x00000000e5e00000, 0x00000000e5e00000, 0x00000000e5f00000|  0%| F|  |TAMS 0x00000000e5e00000, 0x00000000e5e00000| Untracked 
|  95|0x00000000e5f00000, 0x00000000e5f00000, 0x00000000e6000000|  0%| F|  |TAMS 0x00000000e5f00000, 0x00000000e5f00000| Untracked 
|  96|0x00000000e6000000, 0x00000000e6000000, 0x00000000e6100000|  0%| F|  |TAMS 0x00000000e6000000, 0x00000000e6000000| Untracked 
|  97|0x00000000e6100000, 0x00000000e6100000, 0x00000000e6200000|  0%| F|  |TAMS 0x00000000e6100000, 0x00000000e6100000| Untracked 
|  98|0x00000000e6200000, 0x00000000e6200000, 0x00000000e6300000|  0%| F|  |TAMS 0x00000000e6200000, 0x00000000e6200000| Untracked 
|  99|0x00000000e6300000, 0x00000000e6300000, 0x00000000e6400000|  0%| F|  |TAMS 0x00000000e6300000, 0x00000000e6300000| Untracked 
| 100|0x00000000e6400000, 0x00000000e6400000, 0x00000000e6500000|  0%| F|  |TAMS 0x00000000e6400000, 0x00000000e6400000| Untracked 
| 101|0x00000000e6500000, 0x00000000e6500000, 0x00000000e6600000|  0%| F|  |TAMS 0x00000000e6500000, 0x00000000e6500000| Untracked 
| 102|0x00000000e6600000, 0x00000000e6600000, 0x00000000e6700000|  0%| F|  |TAMS 0x00000000e6600000, 0x00000000e6600000| Untracked 
| 103|0x00000000e6700000, 0x00000000e6700000, 0x00000000e6800000|  0%| F|  |TAMS 0x00000000e6700000, 0x00000000e6700000| Untracked 
| 104|0x00000000e6800000, 0x00000000e6800000, 0x00000000e6900000|  0%| F|  |TAMS 0x00000000e6800000, 0x00000000e6800000| Untracked 
| 105|0x00000000e6900000, 0x00000000e6900000, 0x00000000e6a00000|  0%| F|  |TAMS 0x00000000e6900000, 0x00000000e6900000| Untracked 
| 106|0x00000000e6a00000, 0x00000000e6a00000, 0x00000000e6b00000|  0%| F|  |TAMS 0x00000000e6a00000, 0x00000000e6a00000| Untracked 
| 107|0x00000000e6b00000, 0x00000000e6b00000, 0x00000000e6c00000|  0%| F|  |TAMS 0x00000000e6b00000, 0x00000000e6b00000| Untracked 
| 108|0x00000000e6c00000, 0x00000000e6c00000, 0x00000000e6d00000|  0%| F|  |TAMS 0x00000000e6c00000, 0x00000000e6c00000| Untracked 
| 109|0x00000000e6d00000, 0x00000000e6d00000, 0x00000000e6e00000|  0%| F|  |TAMS 0x00000000e6d00000, 0x00000000e6d00000| Untracked 
| 110|0x00000000e6e00000, 0x00000000e6e00000, 0x00000000e6f00000|  0%| F|  |TAMS 0x00000000e6e00000, 0x00000000e6e00000| Untracked 
| 111|0x00000000e6f00000, 0x00000000e6f00000, 0x00000000e7000000|  0%| F|  |TAMS 0x00000000e6f00000, 0x00000000e6f00000| Untracked 
| 112|0x00000000e7000000, 0x00000000e7000000, 0x00000000e7100000|  0%| F|  |TAMS 0x00000000e7000000, 0x00000000e7000000| Untracked 
| 113|0x00000000e7100000, 0x00000000e7100000, 0x00000000e7200000|  0%| F|  |TAMS 0x00000000e7100000, 0x00000000e7100000| Untracked 
| 114|0x00000000e7200000, 0x00000000e7200000, 0x00000000e7300000|  0%| F|  |TAMS 0x00000000e7200000, 0x00000000e7200000| Untracked 
| 115|0x00000000e7300000, 0x00000000e7300000, 0x00000000e7400000|  0%| F|  |TAMS 0x00000000e7300000, 0x00000000e7300000| Untracked 
| 116|0x00000000e7400000, 0x00000000e7400000, 0x00000000e7500000|  0%| F|  |TAMS 0x00000000e7400000, 0x00000000e7400000| Untracked 
| 117|0x00000000e7500000, 0x00000000e7500000, 0x00000000e7600000|  0%| F|  |TAMS 0x00000000e7500000, 0x00000000e7500000| Untracked 
| 118|0x00000000e7600000, 0x00000000e7600000, 0x00000000e7700000|  0%| F|  |TAMS 0x00000000e7600000, 0x00000000e7600000| Untracked 
| 119|0x00000000e7700000, 0x00000000e7700000, 0x00000000e7800000|  0%| F|  |TAMS 0x00000000e7700000, 0x00000000e7700000| Untracked 
| 120|0x00000000e7800000, 0x00000000e7800000, 0x00000000e7900000|  0%| F|  |TAMS 0x00000000e7800000, 0x00000000e7800000| Untracked 
| 121|0x00000000e7900000, 0x00000000e7900000, 0x00000000e7a00000|  0%| F|  |TAMS 0x00000000e7900000, 0x00000000e7900000| Untracked 
| 122|0x00000000e7a00000, 0x00000000e7a00000, 0x00000000e7b00000|  0%| F|  |TAMS 0x00000000e7a00000, 0x00000000e7a00000| Untracked 
| 123|0x00000000e7b00000, 0x00000000e7b00000, 0x00000000e7c00000|  0%| F|  |TAMS 0x00000000e7b00000, 0x00000000e7b00000| Untracked 
| 124|0x00000000e7c00000, 0x00000000e7c00000, 0x00000000e7d00000|  0%| F|  |TAMS 0x00000000e7c00000, 0x00000000e7c00000| Untracked 
| 125|0x00000000e7d00000, 0x00000000e7d00000, 0x00000000e7e00000|  0%| F|  |TAMS 0x00000000e7d00000, 0x00000000e7d00000| Untracked 
| 126|0x00000000e7e00000, 0x00000000e7e00000, 0x00000000e7f00000|  0%| F|  |TAMS 0x00000000e7e00000, 0x00000000e7e00000| Untracked 
| 127|0x00000000e7f00000, 0x00000000e7f00000, 0x00000000e8000000|  0%| F|  |TAMS 0x00000000e7f00000, 0x00000000e7f00000| Untracked 
| 128|0x00000000e8000000, 0x00000000e8000000, 0x00000000e8100000|  0%| F|  |TAMS 0x00000000e8000000, 0x00000000e8000000| Untracked 
| 129|0x00000000e8100000, 0x00000000e8100000, 0x00000000e8200000|  0%| F|  |TAMS 0x00000000e8100000, 0x00000000e8100000| Untracked 
| 130|0x00000000e8200000, 0x00000000e8200000, 0x00000000e8300000|  0%| F|  |TAMS 0x00000000e8200000, 0x00000000e8200000| Untracked 
| 131|0x00000000e8300000, 0x00000000e8300000, 0x00000000e8400000|  0%| F|  |TAMS 0x00000000e8300000, 0x00000000e8300000| Untracked 
| 132|0x00000000e8400000, 0x00000000e8400000, 0x00000000e8500000|  0%| F|  |TAMS 0x00000000e8400000, 0x00000000e8400000| Untracked 
| 133|0x00000000e8500000, 0x00000000e8500000, 0x00000000e8600000|  0%| F|  |TAMS 0x00000000e8500000, 0x00000000e8500000| Untracked 
| 134|0x00000000e8600000, 0x00000000e8600000, 0x00000000e8700000|  0%| F|  |TAMS 0x00000000e8600000, 0x00000000e8600000| Untracked 
| 135|0x00000000e8700000, 0x00000000e8700000, 0x00000000e8800000|  0%| F|  |TAMS 0x00000000e8700000, 0x00000000e8700000| Untracked 
| 136|0x00000000e8800000, 0x00000000e8800000, 0x00000000e8900000|  0%| F|  |TAMS 0x00000000e8800000, 0x00000000e8800000| Untracked 
| 137|0x00000000e8900000, 0x00000000e8900000, 0x00000000e8a00000|  0%| F|  |TAMS 0x00000000e8900000, 0x00000000e8900000| Untracked 
| 138|0x00000000e8a00000, 0x00000000e8a00000, 0x00000000e8b00000|  0%| F|  |TAMS 0x00000000e8a00000, 0x00000000e8a00000| Untracked 
| 139|0x00000000e8b00000, 0x00000000e8b00000, 0x00000000e8c00000|  0%| F|  |TAMS 0x00000000e8b00000, 0x00000000e8b00000| Untracked 
| 140|0x00000000e8c00000, 0x00000000e8c00000, 0x00000000e8d00000|  0%| F|  |TAMS 0x00000000e8c00000, 0x00000000e8c00000| Untracked 
| 141|0x00000000e8d00000, 0x00000000e8d00000, 0x00000000e8e00000|  0%| F|  |TAMS 0x00000000e8d00000, 0x00000000e8d00000| Untracked 
| 142|0x00000000e8e00000, 0x00000000e8e00000, 0x00000000e8f00000|  0%| F|  |TAMS 0x00000000e8e00000, 0x00000000e8e00000| Untracked 
| 143|0x00000000e8f00000, 0x00000000e8f00000, 0x00000000e9000000|  0%| F|  |TAMS 0x00000000e8f00000, 0x00000000e8f00000| Untracked 
| 144|0x00000000e9000000, 0x00000000e9000000, 0x00000000e9100000|  0%| F|  |TAMS 0x00000000e9000000, 0x00000000e9000000| Untracked 
| 145|0x00000000e9100000, 0x00000000e9100000, 0x00000000e9200000|  0%| F|  |TAMS 0x00000000e9100000, 0x00000000e9100000| Untracked 
| 146|0x00000000e9200000, 0x00000000e9200000, 0x00000000e9300000|  0%| F|  |TAMS 0x00000000e9200000, 0x00000000e9200000| Untracked 
| 147|0x00000000e9300000, 0x00000000e9300000, 0x00000000e9400000|  0%| F|  |TAMS 0x00000000e9300000, 0x00000000e9300000| Untracked 
| 148|0x00000000e9400000, 0x00000000e9400000, 0x00000000e9500000|  0%| F|  |TAMS 0x00000000e9400000, 0x00000000e9400000| Untracked 
| 149|0x00000000e9500000, 0x00000000e9500000, 0x00000000e9600000|  0%| F|  |TAMS 0x00000000e9500000, 0x00000000e9500000| Untracked 
| 150|0x00000000e9600000, 0x00000000e9600000, 0x00000000e9700000|  0%| F|  |TAMS 0x00000000e9600000, 0x00000000e9600000| Untracked 
| 151|0x00000000e9700000, 0x00000000e9700000, 0x00000000e9800000|  0%| F|  |TAMS 0x00000000e9700000, 0x00000000e9700000| Untracked 
| 152|0x00000000e9800000, 0x00000000e9800000, 0x00000000e9900000|  0%| F|  |TAMS 0x00000000e9800000, 0x00000000e9800000| Untracked 
| 153|0x00000000e9900000, 0x00000000e9900000, 0x00000000e9a00000|  0%| F|  |TAMS 0x00000000e9900000, 0x00000000e9900000| Untracked 
| 154|0x00000000e9a00000, 0x00000000e9a00000, 0x00000000e9b00000|  0%| F|  |TAMS 0x00000000e9a00000, 0x00000000e9a00000| Untracked 
| 155|0x00000000e9b00000, 0x00000000e9b00000, 0x00000000e9c00000|  0%| F|  |TAMS 0x00000000e9b00000, 0x00000000e9b00000| Untracked 
| 156|0x00000000e9c00000, 0x00000000e9c00000, 0x00000000e9d00000|  0%| F|  |TAMS 0x00000000e9c00000, 0x00000000e9c00000| Untracked 
| 157|0x00000000e9d00000, 0x00000000e9d00000, 0x00000000e9e00000|  0%| F|  |TAMS 0x00000000e9d00000, 0x00000000e9d00000| Untracked 
| 158|0x00000000e9e00000, 0x00000000e9e00000, 0x00000000e9f00000|  0%| F|  |TAMS 0x00000000e9e00000, 0x00000000e9e00000| Untracked 
| 159|0x00000000e9f00000, 0x00000000e9f00000, 0x00000000ea000000|  0%| F|  |TAMS 0x00000000e9f00000, 0x00000000e9f00000| Untracked 
| 160|0x00000000ea000000, 0x00000000ea000000, 0x00000000ea100000|  0%| F|  |TAMS 0x00000000ea000000, 0x00000000ea000000| Untracked 
| 161|0x00000000ea100000, 0x00000000ea100000, 0x00000000ea200000|  0%| F|  |TAMS 0x00000000ea100000, 0x00000000ea100000| Untracked 
| 162|0x00000000ea200000, 0x00000000ea200000, 0x00000000ea300000|  0%| F|  |TAMS 0x00000000ea200000, 0x00000000ea200000| Untracked 
| 163|0x00000000ea300000, 0x00000000ea300000, 0x00000000ea400000|  0%| F|  |TAMS 0x00000000ea300000, 0x00000000ea300000| Untracked 
| 164|0x00000000ea400000, 0x00000000ea400000, 0x00000000ea500000|  0%| F|  |TAMS 0x00000000ea400000, 0x00000000ea400000| Untracked 
| 165|0x00000000ea500000, 0x00000000ea500000, 0x00000000ea600000|  0%| F|  |TAMS 0x00000000ea500000, 0x00000000ea500000| Untracked 
| 166|0x00000000ea600000, 0x00000000ea600000, 0x00000000ea700000|  0%| F|  |TAMS 0x00000000ea600000, 0x00000000ea600000| Untracked 
| 167|0x00000000ea700000, 0x00000000ea700000, 0x00000000ea800000|  0%| F|  |TAMS 0x00000000ea700000, 0x00000000ea700000| Untracked 
| 168|0x00000000ea800000, 0x00000000ea800000, 0x00000000ea900000|  0%| F|  |TAMS 0x00000000ea800000, 0x00000000ea800000| Untracked 
| 169|0x00000000ea900000, 0x00000000ea900000, 0x00000000eaa00000|  0%| F|  |TAMS 0x00000000ea900000, 0x00000000ea900000| Untracked 
| 170|0x00000000eaa00000, 0x00000000eaa00000, 0x00000000eab00000|  0%| F|  |TAMS 0x00000000eaa00000, 0x00000000eaa00000| Untracked 
| 171|0x00000000eab00000, 0x00000000eab00000, 0x00000000eac00000|  0%| F|  |TAMS 0x00000000eab00000, 0x00000000eab00000| Untracked 
| 172|0x00000000eac00000, 0x00000000eac00000, 0x00000000ead00000|  0%| F|  |TAMS 0x00000000eac00000, 0x00000000eac00000| Untracked 
| 173|0x00000000ead00000, 0x00000000ead00000, 0x00000000eae00000|  0%| F|  |TAMS 0x00000000ead00000, 0x00000000ead00000| Untracked 
| 174|0x00000000eae00000, 0x00000000eae00000, 0x00000000eaf00000|  0%| F|  |TAMS 0x00000000eae00000, 0x00000000eae00000| Untracked 
| 175|0x00000000eaf00000, 0x00000000eaf00000, 0x00000000eb000000|  0%| F|  |TAMS 0x00000000eaf00000, 0x00000000eaf00000| Untracked 
| 176|0x00000000eb000000, 0x00000000eb000000, 0x00000000eb100000|  0%| F|  |TAMS 0x00000000eb000000, 0x00000000eb000000| Untracked 
| 177|0x00000000eb100000, 0x00000000eb100000, 0x00000000eb200000|  0%| F|  |TAMS 0x00000000eb100000, 0x00000000eb100000| Untracked 
| 178|0x00000000eb200000, 0x00000000eb200000, 0x00000000eb300000|  0%| F|  |TAMS 0x00000000eb200000, 0x00000000eb200000| Untracked 
| 179|0x00000000eb300000, 0x00000000eb300000, 0x00000000eb400000|  0%| F|  |TAMS 0x00000000eb300000, 0x00000000eb300000| Untracked 
| 180|0x00000000eb400000, 0x00000000eb400000, 0x00000000eb500000|  0%| F|  |TAMS 0x00000000eb400000, 0x00000000eb400000| Untracked 
| 181|0x00000000eb500000, 0x00000000eb500000, 0x00000000eb600000|  0%| F|  |TAMS 0x00000000eb500000, 0x00000000eb500000| Untracked 
| 182|0x00000000eb600000, 0x00000000eb600000, 0x00000000eb700000|  0%| F|  |TAMS 0x00000000eb600000, 0x00000000eb600000| Untracked 
| 183|0x00000000eb700000, 0x00000000eb700000, 0x00000000eb800000|  0%| F|  |TAMS 0x00000000eb700000, 0x00000000eb700000| Untracked 
| 184|0x00000000eb800000, 0x00000000eb800000, 0x00000000eb900000|  0%| F|  |TAMS 0x00000000eb800000, 0x00000000eb800000| Untracked 
| 185|0x00000000eb900000, 0x00000000eb900000, 0x00000000eba00000|  0%| F|  |TAMS 0x00000000eb900000, 0x00000000eb900000| Untracked 
| 186|0x00000000eba00000, 0x00000000eba00000, 0x00000000ebb00000|  0%| F|  |TAMS 0x00000000eba00000, 0x00000000eba00000| Untracked 
| 187|0x00000000ebb00000, 0x00000000ebb00000, 0x00000000ebc00000|  0%| F|  |TAMS 0x00000000ebb00000, 0x00000000ebb00000| Untracked 
| 188|0x00000000ebc00000, 0x00000000ebc00000, 0x00000000ebd00000|  0%| F|  |TAMS 0x00000000ebc00000, 0x00000000ebc00000| Untracked 
| 189|0x00000000ebd00000, 0x00000000ebd00000, 0x00000000ebe00000|  0%| F|  |TAMS 0x00000000ebd00000, 0x00000000ebd00000| Untracked 
| 190|0x00000000ebe00000, 0x00000000ebe00000, 0x00000000ebf00000|  0%| F|  |TAMS 0x00000000ebe00000, 0x00000000ebe00000| Untracked 
| 191|0x00000000ebf00000, 0x00000000ebf00000, 0x00000000ec000000|  0%| F|  |TAMS 0x00000000ebf00000, 0x00000000ebf00000| Untracked 
| 192|0x00000000ec000000, 0x00000000ec000000, 0x00000000ec100000|  0%| F|  |TAMS 0x00000000ec000000, 0x00000000ec000000| Untracked 
| 193|0x00000000ec100000, 0x00000000ec100000, 0x00000000ec200000|  0%| F|  |TAMS 0x00000000ec100000, 0x00000000ec100000| Untracked 
| 194|0x00000000ec200000, 0x00000000ec200000, 0x00000000ec300000|  0%| F|  |TAMS 0x00000000ec200000, 0x00000000ec200000| Untracked 
| 195|0x00000000ec300000, 0x00000000ec300000, 0x00000000ec400000|  0%| F|  |TAMS 0x00000000ec300000, 0x00000000ec300000| Untracked 
| 196|0x00000000ec400000, 0x00000000ec400000, 0x00000000ec500000|  0%| F|  |TAMS 0x00000000ec400000, 0x00000000ec400000| Untracked 
| 197|0x00000000ec500000, 0x00000000ec500000, 0x00000000ec600000|  0%| F|  |TAMS 0x00000000ec500000, 0x00000000ec500000| Untracked 
| 198|0x00000000ec600000, 0x00000000ec600000, 0x00000000ec700000|  0%| F|  |TAMS 0x00000000ec600000, 0x00000000ec600000| Untracked 
| 199|0x00000000ec700000, 0x00000000ec700000, 0x00000000ec800000|  0%| F|  |TAMS 0x00000000ec700000, 0x00000000ec700000| Untracked 
| 200|0x00000000ec800000, 0x00000000ec800000, 0x00000000ec900000|  0%| F|  |TAMS 0x00000000ec800000, 0x00000000ec800000| Untracked 
| 201|0x00000000ec900000, 0x00000000ec900000, 0x00000000eca00000|  0%| F|  |TAMS 0x00000000ec900000, 0x00000000ec900000| Untracked 
| 202|0x00000000eca00000, 0x00000000eca00000, 0x00000000ecb00000|  0%| F|  |TAMS 0x00000000eca00000, 0x00000000eca00000| Untracked 
| 203|0x00000000ecb00000, 0x00000000ecb00000, 0x00000000ecc00000|  0%| F|  |TAMS 0x00000000ecb00000, 0x00000000ecb00000| Untracked 
| 204|0x00000000ecc00000, 0x00000000ecc00000, 0x00000000ecd00000|  0%| F|  |TAMS 0x00000000ecc00000, 0x00000000ecc00000| Untracked 
| 205|0x00000000ecd00000, 0x00000000ecd00000, 0x00000000ece00000|  0%| F|  |TAMS 0x00000000ecd00000, 0x00000000ecd00000| Untracked 
| 206|0x00000000ece00000, 0x00000000ece00000, 0x00000000ecf00000|  0%| F|  |TAMS 0x00000000ece00000, 0x00000000ece00000| Untracked 
| 207|0x00000000ecf00000, 0x00000000ecf00000, 0x00000000ed000000|  0%| F|  |TAMS 0x00000000ecf00000, 0x00000000ecf00000| Untracked 
| 208|0x00000000ed000000, 0x00000000ed000000, 0x00000000ed100000|  0%| F|  |TAMS 0x00000000ed000000, 0x00000000ed000000| Untracked 
| 209|0x00000000ed100000, 0x00000000ed100000, 0x00000000ed200000|  0%| F|  |TAMS 0x00000000ed100000, 0x00000000ed100000| Untracked 
| 210|0x00000000ed200000, 0x00000000ed200000, 0x00000000ed300000|  0%| F|  |TAMS 0x00000000ed200000, 0x00000000ed200000| Untracked 
| 211|0x00000000ed300000, 0x00000000ed300000, 0x00000000ed400000|  0%| F|  |TAMS 0x00000000ed300000, 0x00000000ed300000| Untracked 
| 212|0x00000000ed400000, 0x00000000ed400000, 0x00000000ed500000|  0%| F|  |TAMS 0x00000000ed400000, 0x00000000ed400000| Untracked 
| 213|0x00000000ed500000, 0x00000000ed500000, 0x00000000ed600000|  0%| F|  |TAMS 0x00000000ed500000, 0x00000000ed500000| Untracked 
| 214|0x00000000ed600000, 0x00000000ed600000, 0x00000000ed700000|  0%| F|  |TAMS 0x00000000ed600000, 0x00000000ed600000| Untracked 
| 215|0x00000000ed700000, 0x00000000ed700000, 0x00000000ed800000|  0%| F|  |TAMS 0x00000000ed700000, 0x00000000ed700000| Untracked 
| 216|0x00000000ed800000, 0x00000000ed800000, 0x00000000ed900000|  0%| F|  |TAMS 0x00000000ed800000, 0x00000000ed800000| Untracked 
| 217|0x00000000ed900000, 0x00000000ed900000, 0x00000000eda00000|  0%| F|  |TAMS 0x00000000ed900000, 0x00000000ed900000| Untracked 
| 218|0x00000000eda00000, 0x00000000eda00000, 0x00000000edb00000|  0%| F|  |TAMS 0x00000000eda00000, 0x00000000eda00000| Untracked 
| 219|0x00000000edb00000, 0x00000000edb00000, 0x00000000edc00000|  0%| F|  |TAMS 0x00000000edb00000, 0x00000000edb00000| Untracked 
| 220|0x00000000edc00000, 0x00000000edc00000, 0x00000000edd00000|  0%| F|  |TAMS 0x00000000edc00000, 0x00000000edc00000| Untracked 
| 221|0x00000000edd00000, 0x00000000edd00000, 0x00000000ede00000|  0%| F|  |TAMS 0x00000000edd00000, 0x00000000edd00000| Untracked 
| 222|0x00000000ede00000, 0x00000000ede00000, 0x00000000edf00000|  0%| F|  |TAMS 0x00000000ede00000, 0x00000000ede00000| Untracked 
| 223|0x00000000edf00000, 0x00000000edf00000, 0x00000000ee000000|  0%| F|  |TAMS 0x00000000edf00000, 0x00000000edf00000| Untracked 
| 224|0x00000000ee000000, 0x00000000ee000000, 0x00000000ee100000|  0%| F|  |TAMS 0x00000000ee000000, 0x00000000ee000000| Untracked 
| 225|0x00000000ee100000, 0x00000000ee100000, 0x00000000ee200000|  0%| F|  |TAMS 0x00000000ee100000, 0x00000000ee100000| Untracked 
| 226|0x00000000ee200000, 0x00000000ee200000, 0x00000000ee300000|  0%| F|  |TAMS 0x00000000ee200000, 0x00000000ee200000| Untracked 
| 227|0x00000000ee300000, 0x00000000ee300000, 0x00000000ee400000|  0%| F|  |TAMS 0x00000000ee300000, 0x00000000ee300000| Untracked 
| 228|0x00000000ee400000, 0x00000000ee400000, 0x00000000ee500000|  0%| F|  |TAMS 0x00000000ee400000, 0x00000000ee400000| Untracked 
| 229|0x00000000ee500000, 0x00000000ee500000, 0x00000000ee600000|  0%| F|  |TAMS 0x00000000ee500000, 0x00000000ee500000| Untracked 
| 230|0x00000000ee600000, 0x00000000ee600000, 0x00000000ee700000|  0%| F|  |TAMS 0x00000000ee600000, 0x00000000ee600000| Untracked 
| 231|0x00000000ee700000, 0x00000000ee700000, 0x00000000ee800000|  0%| F|  |TAMS 0x00000000ee700000, 0x00000000ee700000| Untracked 
| 232|0x00000000ee800000, 0x00000000ee800000, 0x00000000ee900000|  0%| F|  |TAMS 0x00000000ee800000, 0x00000000ee800000| Untracked 
| 233|0x00000000ee900000, 0x00000000ee900000, 0x00000000eea00000|  0%| F|  |TAMS 0x00000000ee900000, 0x00000000ee900000| Untracked 
| 234|0x00000000eea00000, 0x00000000eea00000, 0x00000000eeb00000|  0%| F|  |TAMS 0x00000000eea00000, 0x00000000eea00000| Untracked 
| 235|0x00000000eeb00000, 0x00000000eeb00000, 0x00000000eec00000|  0%| F|  |TAMS 0x00000000eeb00000, 0x00000000eeb00000| Untracked 
| 236|0x00000000eec00000, 0x00000000eec00000, 0x00000000eed00000|  0%| F|  |TAMS 0x00000000eec00000, 0x00000000eec00000| Untracked 
| 237|0x00000000eed00000, 0x00000000eed00000, 0x00000000eee00000|  0%| F|  |TAMS 0x00000000eed00000, 0x00000000eed00000| Untracked 
| 238|0x00000000eee00000, 0x00000000eee00000, 0x00000000eef00000|  0%| F|  |TAMS 0x00000000eee00000, 0x00000000eee00000| Untracked 
| 239|0x00000000eef00000, 0x00000000eef00000, 0x00000000ef000000|  0%| F|  |TAMS 0x00000000eef00000, 0x00000000eef00000| Untracked 
| 240|0x00000000ef000000, 0x00000000ef000000, 0x00000000ef100000|  0%| F|  |TAMS 0x00000000ef000000, 0x00000000ef000000| Untracked 
| 241|0x00000000ef100000, 0x00000000ef100000, 0x00000000ef200000|  0%| F|  |TAMS 0x00000000ef100000, 0x00000000ef100000| Untracked 
| 242|0x00000000ef200000, 0x00000000ef200000, 0x00000000ef300000|  0%| F|  |TAMS 0x00000000ef200000, 0x00000000ef200000| Untracked 
| 243|0x00000000ef300000, 0x00000000ef300000, 0x00000000ef400000|  0%| F|  |TAMS 0x00000000ef300000, 0x00000000ef300000| Untracked 
| 244|0x00000000ef400000, 0x00000000ef400000, 0x00000000ef500000|  0%| F|  |TAMS 0x00000000ef400000, 0x00000000ef400000| Untracked 
| 245|0x00000000ef500000, 0x00000000ef500000, 0x00000000ef600000|  0%| F|  |TAMS 0x00000000ef500000, 0x00000000ef500000| Untracked 
| 246|0x00000000ef600000, 0x00000000ef600000, 0x00000000ef700000|  0%| F|  |TAMS 0x00000000ef600000, 0x00000000ef600000| Untracked 
| 247|0x00000000ef700000, 0x00000000ef700000, 0x00000000ef800000|  0%| F|  |TAMS 0x00000000ef700000, 0x00000000ef700000| Untracked 
| 248|0x00000000ef800000, 0x00000000ef800000, 0x00000000ef900000|  0%| F|  |TAMS 0x00000000ef800000, 0x00000000ef800000| Untracked 
| 249|0x00000000ef900000, 0x00000000ef900000, 0x00000000efa00000|  0%| F|  |TAMS 0x00000000ef900000, 0x00000000ef900000| Untracked 
| 250|0x00000000efa00000, 0x00000000efa00000, 0x00000000efb00000|  0%| F|  |TAMS 0x00000000efa00000, 0x00000000efa00000| Untracked 
| 251|0x00000000efb00000, 0x00000000efb00000, 0x00000000efc00000|  0%| F|  |TAMS 0x00000000efb00000, 0x00000000efb00000| Untracked 
| 252|0x00000000efc00000, 0x00000000efc00000, 0x00000000efd00000|  0%| F|  |TAMS 0x00000000efc00000, 0x00000000efc00000| Untracked 
| 253|0x00000000efd00000, 0x00000000efdf1170, 0x00000000efe00000| 94%| S|CS|TAMS 0x00000000efd00000, 0x00000000efd00000| Complete 
| 254|0x00000000efe00000, 0x00000000efe80800, 0x00000000eff00000| 50%| E|  |TAMS 0x00000000efe00000, 0x00000000efe00000| Complete 
| 255|0x00000000eff00000, 0x00000000f0000000, 0x00000000f0000000|100%| E|CS|TAMS 0x00000000eff00000, 0x00000000eff00000| Complete 

Card table byte_map: [0x000001cd7e950000,0x000001cd7ea50000] _byte_map_base: 0x000001cd7e250000

Marking Bits (Prev, Next): (CMBitMap*) 0x000001cd76a76d40, (CMBitMap*) 0x000001cd76a76d80
 Prev Bits: [0x000001cd7eb50000, 0x000001cd7f350000)
 Next Bits: [0x000001cd7f350000, 0x000001cd7fb50000)

Polling page: 0x000001cd76210000

Metaspace:

Usage:
  Non-class:     40.92 MB used.
      Class:      6.86 MB used.
       Both:     47.77 MB used.

Virtual space:
  Non-class space:       48.00 MB reserved,      41.19 MB ( 86%) committed,  6 nodes.
      Class space:      308.00 MB reserved,       7.12 MB (  2%) committed,  1 nodes.
             Both:      356.00 MB reserved,      48.31 MB ( 14%) committed. 

Chunk freelists:
   Non-Class:  1.95 MB
       Class:  912.00 KB
        Both:  2.84 MB

MaxMetaspaceSize: 384.00 MB
CompressedClassSpaceSize: 308.00 MB
Initial GC threshold: 21.00 MB
Current GC threshold: 60.25 MB
CDS: on
MetaspaceReclaimPolicy: balanced
 - commit_granule_bytes: 65536.
 - commit_granule_words: 8192.
 - virtual_space_node_default_size: 1048576.
 - enlarge_chunks_in_place: 1.
 - new_chunks_are_fully_committed: 0.
 - uncommit_free_chunks: 1.
 - use_allocation_guard: 0.
 - handle_deallocations: 1.


Internal statistics:

num_allocs_failed_limit: 12.
num_arena_births: 554.
num_arena_deaths: 0.
num_vsnodes_births: 7.
num_vsnodes_deaths: 0.
num_space_committed: 773.
num_space_uncommitted: 0.
num_chunks_returned_to_freelist: 12.
num_chunks_taken_from_freelist: 2495.
num_chunk_merges: 9.
num_chunk_splits: 1657.
num_chunks_enlarged: 1122.
num_purges: 0.
num_inconsistent_stats: 0.

CodeHeap 'non-profiled nmethods': size=120000Kb used=2845Kb max_used=3354Kb free=117154Kb
 bounds [0x000001cd07ad0000, 0x000001cd07e30000, 0x000001cd0f000000]
CodeHeap 'profiled nmethods': size=120000Kb used=10076Kb max_used=11564Kb free=109923Kb
 bounds [0x000001cd005a0000, 0x000001cd01100000, 0x000001cd07ad0000]
CodeHeap 'non-nmethods': size=5760Kb used=2333Kb max_used=2446Kb free=3426Kb
 bounds [0x000001cd00000000, 0x000001cd00270000, 0x000001cd005a0000]
 total_blobs=5957 nmethods=5120 adapters=748
 compilation: enabled
              stopped_count=0, restarted_count=0
 full_count=0

Compilation events (20 events):
Event: 92.884 Thread 0x000001cd1160dc80 5938       3       java.nio.ByteBuffer::allocate (20 bytes)
Event: 92.884 Thread 0x000001cd1160dc80 nmethod 5938 0x000001cd0085ab10 code [0x000001cd0085acc0, 0x000001cd0085aed8]
Event: 92.884 Thread 0x000001cd1160dc80 5937       3       java.security.MessageDigestSpi::<init> (5 bytes)
Event: 92.884 Thread 0x000001cd1160dc80 nmethod 5937 0x000001cd0064bb90 code [0x000001cd0064bd20, 0x000001cd0064be78]
Event: 92.914 Thread 0x000001cd1160dc80 5939       3       java.util.ArrayList::clear (43 bytes)
Event: 92.914 Thread 0x000001cd1160dc80 nmethod 5939 0x000001cd008d9d10 code [0x000001cd008d9ec0, 0x000001cd008da238]
Event: 92.920 Thread 0x000001cd1160dc80 5940       3       java.lang.Class::arrayContentsEq (70 bytes)
Event: 92.921 Thread 0x000001cd1160dc80 nmethod 5940 0x000001cd00b67210 code [0x000001cd00b673e0, 0x000001cd00b67858]
Event: 92.928 Thread 0x000001cd1160dc80 5941       3       java.util.TimSort::countRunAndMakeAscending (128 bytes)
Event: 92.928 Thread 0x000001cd1160dc80 nmethod 5941 0x000001cd00c33a90 code [0x000001cd00c33ca0, 0x000001cd00c343d8]
Event: 92.928 Thread 0x000001cd1160dc80 5942       1       java.io.ObjectStreamField::getName (5 bytes)
Event: 92.928 Thread 0x000001cd1160dc80 nmethod 5942 0x000001cd07bb3690 code [0x000001cd07bb3820, 0x000001cd07bb38f8]
Event: 92.929 Thread 0x000001cd1160dc80 5943       3       org.gradle.internal.serialize.kryo.KryoBackedEncoder::flush (8 bytes)
Event: 92.929 Thread 0x000001cd1160dc80 nmethod 5943 0x000001cd00c33510 code [0x000001cd00c336c0, 0x000001cd00c33828]
Event: 92.947 Thread 0x000001cd1160dc80 5944       1       org.gradle.internal.typeconversion.NotationConverterToNotationParserAdapter$ResultImpl::access$100 (5 bytes)
Event: 92.947 Thread 0x000001cd1160dc80 nmethod 5944 0x000001cd07cbde90 code [0x000001cd07cbe020, 0x000001cd07cbe0d8]
Event: 92.947 Thread 0x000001cd1160dc80 5945       1       org.gradle.internal.typeconversion.NotationConverterToNotationParserAdapter$ResultImpl::access$200 (5 bytes)
Event: 92.947 Thread 0x000001cd1160dc80 nmethod 5945 0x000001cd07cbdb90 code [0x000001cd07cbdd20, 0x000001cd07cbddd8]
Event: 93.095 Thread 0x000001cd1160dc80 5946       3       com.google.common.cache.LocalCache$EntryFactory$2::newEntry (12 bytes)
Event: 93.096 Thread 0x000001cd1160dc80 nmethod 5946 0x000001cd00b66810 code [0x000001cd00b66a00, 0x000001cd00b67038]

GC Heap History (14 events):
Event: 2.873 GC heap before
{Heap before GC invocations=0 (full 0):
 garbage-first heap   total 262144K, used 26624K [0x00000000e0000000, 0x0000000100000000)
  region size 1024K, 23 young (23552K), 0 survivors (0K)
 Metaspace       used 3077K, committed 3200K, reserved 323584K
  class space    used 392K, committed 448K, reserved 315392K
}
Event: 2.896 GC heap after
{Heap after GC invocations=1 (full 0):
 garbage-first heap   total 262144K, used 10716K [0x00000000e0000000, 0x0000000100000000)
  region size 1024K, 3 young (3072K), 3 survivors (3072K)
 Metaspace       used 3077K, committed 3200K, reserved 323584K
  class space    used 392K, committed 448K, reserved 315392K
}
Event: 7.863 GC heap before
{Heap before GC invocations=1 (full 0):
 garbage-first heap   total 262144K, used 36316K [0x00000000e0000000, 0x0000000100000000)
  region size 1024K, 28 young (28672K), 3 survivors (3072K)
 Metaspace       used 4037K, committed 4224K, reserved 323584K
  class space    used 497K, committed 576K, reserved 315392K
}
Event: 7.866 GC heap after
{Heap after GC invocations=2 (full 0):
 garbage-first heap   total 262144K, used 11540K [0x00000000e0000000, 0x0000000100000000)
  region size 1024K, 1 young (1024K), 1 survivors (1024K)
 Metaspace       used 4037K, committed 4224K, reserved 323584K
  class space    used 497K, committed 576K, reserved 315392K
}
Event: 18.595 GC heap before
{Heap before GC invocations=2 (full 0):
 garbage-first heap   total 262144K, used 132372K [0x00000000e0000000, 0x0000000100000000)
  region size 1024K, 120 young (122880K), 1 survivors (1024K)
 Metaspace       used 21230K, committed 21504K, reserved 339968K
  class space    used 3120K, committed 3264K, reserved 315392K
}
Event: 18.615 GC heap after
{Heap after GC invocations=3 (full 0):
 garbage-first heap   total 262144K, used 22344K [0x00000000e0000000, 0x0000000100000000)
  region size 1024K, 12 young (12288K), 12 survivors (12288K)
 Metaspace       used 21230K, committed 21504K, reserved 339968K
  class space    used 3120K, committed 3264K, reserved 315392K
}
Event: 60.926 GC heap before
{Heap before GC invocations=4 (full 0):
 garbage-first heap   total 262144K, used 146248K [0x00000000e0000000, 0x0000000100000000)
  region size 1024K, 130 young (133120K), 12 survivors (12288K)
 Metaspace       used 35875K, committed 36288K, reserved 348160K
  class space    used 5006K, committed 5248K, reserved 315392K
}
Event: 60.944 GC heap after
{Heap after GC invocations=5 (full 0):
 garbage-first heap   total 262144K, used 31046K [0x00000000e0000000, 0x0000000100000000)
  region size 1024K, 9 young (9216K), 9 survivors (9216K)
 Metaspace       used 35875K, committed 36288K, reserved 348160K
  class space    used 5006K, committed 5248K, reserved 315392K
}
Event: 61.035 GC heap before
{Heap before GC invocations=5 (full 0):
 garbage-first heap   total 262144K, used 32070K [0x00000000e0000000, 0x0000000100000000)
  region size 1024K, 12 young (12288K), 9 survivors (9216K)
 Metaspace       used 36191K, committed 36608K, reserved 348160K
  class space    used 5055K, committed 5248K, reserved 315392K
}
Event: 61.041 GC heap after
{Heap after GC invocations=6 (full 0):
 garbage-first heap   total 262144K, used 31424K [0x00000000e0000000, 0x0000000100000000)
  region size 1024K, 1 young (1024K), 1 survivors (1024K)
 Metaspace       used 36191K, committed 36608K, reserved 348160K
  class space    used 5055K, committed 5248K, reserved 315392K
}
Event: 61.143 GC heap before
{Heap before GC invocations=6 (full 0):
 garbage-first heap   total 262144K, used 34496K [0x00000000e0000000, 0x0000000100000000)
  region size 1024K, 5 young (5120K), 1 survivors (1024K)
 Metaspace       used 36542K, committed 36928K, reserved 348160K
  class space    used 5109K, committed 5312K, reserved 315392K
}
Event: 61.146 GC heap after
{Heap after GC invocations=7 (full 0):
 garbage-first heap   total 262144K, used 30650K [0x00000000e0000000, 0x0000000100000000)
  region size 1024K, 1 young (1024K), 1 survivors (1024K)
 Metaspace       used 36542K, committed 36928K, reserved 348160K
  class space    used 5109K, committed 5312K, reserved 315392K
}
Event: 92.890 GC heap before
{Heap before GC invocations=8 (full 0):
 garbage-first heap   total 262144K, used 187322K [0x00000000e0000000, 0x0000000100000000)
  region size 1024K, 153 young (156672K), 1 survivors (1024K)
 Metaspace       used 48446K, committed 48896K, reserved 364544K
  class space    used 6941K, committed 7168K, reserved 315392K
}
Event: 92.901 GC heap after
{Heap after GC invocations=9 (full 0):
 garbage-first heap   total 262144K, used 40209K [0x00000000e0000000, 0x0000000100000000)
  region size 1024K, 10 young (10240K), 10 survivors (10240K)
 Metaspace       used 48446K, committed 48896K, reserved 364544K
  class space    used 6941K, committed 7168K, reserved 315392K
}

Deoptimization events (20 events):
Event: 92.733 Thread 0x000001cd1452aa00 DEOPT PACKING pc=0x000001cd07d1bb4c sp=0x000000231ceff200
Event: 92.733 Thread 0x000001cd1452aa00 DEOPT UNPACKING pc=0x000001cd00055c23 sp=0x000000231ceff090 mode 2
Event: 92.788 Thread 0x000001cd13e85780 Uncommon trap: trap_request=0xffffffc6 fr.pc=0x000001cd07d760b8 relative=0x0000000000000f38
Event: 92.788 Thread 0x000001cd13e85780 Uncommon trap: reason=bimorphic_or_optimized_type_check action=maybe_recompile pc=0x000001cd07d760b8 method=java.util.Collections$SetFromMap.remove(Ljava/lang/Object;)Z @ 5 c2
Event: 92.788 Thread 0x000001cd13e85780 DEOPT PACKING pc=0x000001cd07d760b8 sp=0x000000231c7fde70
Event: 92.788 Thread 0x000001cd13e85780 DEOPT UNPACKING pc=0x000001cd00055c23 sp=0x000000231c7fde78 mode 2
Event: 92.909 Thread 0x000001cd13e85780 Uncommon trap: trap_request=0xffffffc6 fr.pc=0x000001cd07cdaa04 relative=0x0000000000000264
Event: 92.909 Thread 0x000001cd13e85780 Uncommon trap: reason=bimorphic_or_optimized_type_check action=maybe_recompile pc=0x000001cd07cdaa04 method=java.util.stream.StreamOpFlag.fromCharacteristics(Ljava/util/Spliterator;)I @ 14 c2
Event: 92.909 Thread 0x000001cd13e85780 DEOPT PACKING pc=0x000001cd07cdaa04 sp=0x000000231c7fd6b0
Event: 92.909 Thread 0x000001cd13e85780 DEOPT UNPACKING pc=0x000001cd00055c23 sp=0x000000231c7fd598 mode 2
Event: 92.948 Thread 0x000001cd13e85780 Uncommon trap: trap_request=0xffffff45 fr.pc=0x000001cd07ce511c relative=0x000000000000007c
Event: 92.948 Thread 0x000001cd13e85780 Uncommon trap: reason=unstable_if action=reinterpret pc=0x000001cd07ce511c method=java.util.Spliterator.getExactSizeIfKnown()J @ 9 c2
Event: 92.948 Thread 0x000001cd13e85780 DEOPT PACKING pc=0x000001cd07ce511c sp=0x000000231c7fcaa0
Event: 92.948 Thread 0x000001cd13e85780 DEOPT UNPACKING pc=0x000001cd00055c23 sp=0x000000231c7fca38 mode 2
Event: 93.084 Thread 0x000001cd13e87460 DEOPT PACKING pc=0x000001cd009417ce sp=0x000000231befdf50
Event: 93.084 Thread 0x000001cd13e87460 DEOPT UNPACKING pc=0x000001cd00056763 sp=0x000000231befd398 mode 0
Event: 93.100 Thread 0x000001cd145266a0 Uncommon trap: trap_request=0xffffffde fr.pc=0x000001cd07c848b4 relative=0x0000000000000a34
Event: 93.100 Thread 0x000001cd145266a0 Uncommon trap: reason=class_check action=maybe_recompile pc=0x000001cd07c848b4 method=java.io.BufferedInputStream.read1([BII)I @ 39 c2
Event: 93.100 Thread 0x000001cd145266a0 DEOPT PACKING pc=0x000001cd07c848b4 sp=0x000000231cffe670
Event: 93.100 Thread 0x000001cd145266a0 DEOPT UNPACKING pc=0x000001cd00055c23 sp=0x000000231cffe588 mode 2

Classes unloaded (0 events):
No events

Classes redefined (0 events):
No events

Internal exceptions (20 events):
Event: 92.400 Thread 0x000001cd12b81510 Exception <a 'java/lang/NoSuchMethodError'{0x00000000e77cc0b0}: 'int java.lang.invoke.DirectMethodHandle$Holder.invokeSpecialIFC(java.lang.Object, java.lang.Object, java.lang.Object, java.lang.Object, java.lang.Object)'> (0x00000000e77cc0b0) 
thrown [d:\a\1\s\lookaside\java-17-openjdk\src\hotspot\share\interpreter\linkResolver.cpp, line 766]
Event: 92.435 Thread 0x000001cd12b81510 Exception <a 'java/lang/NoSuchMethodError'{0x00000000e74224a0}: 'java.lang.Object java.lang.invoke.DirectMethodHandle$Holder.newInvokeSpecial(java.lang.Object, java.lang.Object, int)'> (0x00000000e74224a0) 
thrown [d:\a\1\s\lookaside\java-17-openjdk\src\hotspot\share\interpreter\linkResolver.cpp, line 766]
Event: 92.477 Thread 0x000001cd12b81510 Exception <a 'java/lang/NoSuchMethodError'{0x00000000e73de650}: 'java.lang.Object java.lang.invoke.DirectMethodHandle$Holder.newInvokeSpecial(java.lang.Object, java.lang.Object, java.lang.Object, java.lang.Object, java.lang.Object, java.lang.Object, int)'> (0x00000000e73de650) 
thrown [d:\a\1\s\lookaside\java-17-openjdk\src\hotspot\share\interpreter\linkResolver.cpp, line 766]
Event: 92.478 Thread 0x000001cd12b81510 Exception <a 'java/lang/NoSuchMethodError'{0x00000000e73e3e88}: 'java.lang.Object java.lang.invoke.DirectMethodHandle$Holder.invokeSpecial(java.lang.Object, java.lang.Object, java.lang.Object, java.lang.Object, java.lang.Object, java.lang.Object, java.lang.Object, int)'> (0x00000000e73e3e88) 
thrown [d:\a\1\s\lookaside\java-17-openjdk\src\hotspot\share\interpreter\linkResolver.cpp, line 766]
Event: 92.478 Thread 0x000001cd12b81510 Exception <a 'java/lang/NoSuchMethodError'{0x00000000e73e92a8}: 'java.lang.Object java.lang.invoke.Invokers$Holder.linkToTargetMethod(java.lang.Object, java.lang.Object, java.lang.Object, java.lang.Object, java.lang.Object, int, java.lang.Object)'> (0x00000000e73e92a8) 
thrown [d:\a\1\s\lookaside\java-17-openjdk\src\hotspot\share\interpreter\linkResolver.cpp, line 766]
Event: 92.604 Thread 0x000001cd12b81510 Exception <a 'java/lang/ClassNotFoundException'{0x00000000e6efedb8}: com/google/common/collect/RegularImmutableListBeanInfo> (0x00000000e6efedb8) 
thrown [d:\a\1\s\lookaside\java-17-openjdk\src\hotspot\share\classfile\systemDictionary.cpp, line 256]
Event: 92.605 Thread 0x000001cd12b81510 Exception <a 'java/lang/ClassNotFoundException'{0x00000000e6d09a78}: com/google/common/collect/ImmutableListBeanInfo> (0x00000000e6d09a78) 
thrown [d:\a\1\s\lookaside\java-17-openjdk\src\hotspot\share\classfile\systemDictionary.cpp, line 256]
Event: 92.605 Thread 0x000001cd12b81510 Exception <a 'java/lang/ClassNotFoundException'{0x00000000e6d14218}: com/google/common/collect/ImmutableCollectionBeanInfo> (0x00000000e6d14218) 
thrown [d:\a\1\s\lookaside\java-17-openjdk\src\hotspot\share\classfile\systemDictionary.cpp, line 256]
Event: 92.606 Thread 0x000001cd12b81510 Exception <a 'java/lang/ClassNotFoundException'{0x00000000e6d1e9f0}: com/google/common/collect/ImmutableCollectionCustomizer> (0x00000000e6d1e9f0) 
thrown [d:\a\1\s\lookaside\java-17-openjdk\src\hotspot\share\classfile\systemDictionary.cpp, line 256]
Event: 92.608 Thread 0x000001cd12b81510 Exception <a 'java/lang/ClassNotFoundException'{0x00000000e6d38450}: com/google/common/collect/ImmutableListCustomizer> (0x00000000e6d38450) 
thrown [d:\a\1\s\lookaside\java-17-openjdk\src\hotspot\share\classfile\systemDictionary.cpp, line 256]
Event: 92.610 Thread 0x000001cd12b81510 Exception <a 'java/lang/ClassNotFoundException'{0x00000000e6d78728}: com/google/common/collect/RegularImmutableListCustomizer> (0x00000000e6d78728) 
thrown [d:\a\1\s\lookaside\java-17-openjdk\src\hotspot\share\classfile\systemDictionary.cpp, line 256]
Event: 92.751 Thread 0x000001cd13e85780 Exception <a 'java/lang/NoSuchMethodError'{0x00000000e6aba768}: 'java.lang.Object java.lang.invoke.DirectMethodHandle$Holder.newInvokeSpecial(java.lang.Object, java.lang.Object, java.lang.Object, java.lang.Object, int, java.lang.Object)'> (0x00000000e6aba768) 
thrown [d:\a\1\s\lookaside\java-17-openjdk\src\hotspot\share\interpreter\linkResolver.cpp, line 766]
Event: 92.752 Thread 0x000001cd13e85780 Exception <a 'java/lang/NoSuchMethodError'{0x00000000e6abead0}: 'java.lang.Object java.lang.invoke.Invokers$Holder.linkToTargetMethod(java.lang.Object, java.lang.Object, java.lang.Object, int, java.lang.Object, java.lang.Object)'> (0x00000000e6abead0) 
thrown [d:\a\1\s\lookaside\java-17-openjdk\src\hotspot\share\interpreter\linkResolver.cpp, line 766]
Event: 92.792 Thread 0x000001cd13e85780 Exception <a 'java/lang/NoSuchMethodError'{0x00000000e6838bb0}: 'void java.lang.invoke.DirectMethodHandle$Holder.invokeInterface(java.lang.Object, java.lang.Object, java.lang.Object, java.lang.Object)'> (0x00000000e6838bb0) 
thrown [d:\a\1\s\lookaside\java-17-openjdk\src\hotspot\share\interpreter\linkResolver.cpp, line 766]
Event: 92.922 Thread 0x000001cd12b81eb0 Exception <a 'java/lang/NoSuchMethodError'{0x00000000effb8f90}: static Lorg/gradle/internal/build/event/types/DefaultTaskStartedProgressEvent;.<clinit>()V> (0x00000000effb8f90) 
thrown [d:\a\1\s\lookaside\java-17-openjdk\src\hotspot\share\prims\jni.cpp, line 1107]
Event: 92.922 Thread 0x000001cd13e85780 Exception <a 'java/lang/IncompatibleClassChangeError'{0x00000000effbbda0}: Found class java.lang.Object, but interface was expected> (0x00000000effbbda0) 
thrown [d:\a\1\s\lookaside\java-17-openjdk\src\hotspot\share\interpreter\linkResolver.cpp, line 833]
Event: 92.922 Thread 0x000001cd12b81eb0 Exception <a 'java/lang/NoSuchMethodError'{0x00000000effc2110}: static Lorg/gradle/internal/build/event/types/AbstractProgressEvent;.<clinit>()V> (0x00000000effc2110) 
thrown [d:\a\1\s\lookaside\java-17-openjdk\src\hotspot\share\prims\jni.cpp, line 1107]
Event: 92.924 Thread 0x000001cd12b81eb0 Exception <a 'java/lang/NoSuchMethodError'{0x00000000effe4b20}: static Lorg/gradle/internal/build/event/types/DefaultTaskDescriptor;.<clinit>()V> (0x00000000effe4b20) 
thrown [d:\a\1\s\lookaside\java-17-openjdk\src\hotspot\share\prims\jni.cpp, line 1107]
Event: 92.928 Thread 0x000001cd12b81eb0 Exception <a 'java/lang/NoSuchMethodError'{0x00000000efe3fbf8}: static Lorg/gradle/internal/operations/OperationIdentifier;.<clinit>()V> (0x00000000efe3fbf8) 
thrown [d:\a\1\s\lookaside\java-17-openjdk\src\hotspot\share\prims\jni.cpp, line 1107]
Event: 92.929 Thread 0x000001cd12b81eb0 Exception <a 'java/lang/NoSuchMethodError'{0x00000000efe49cd0}: static Lorg/gradle/internal/build/event/types/DefaultBinaryPluginIdentifier;.<clinit>()V> (0x00000000efe49cd0) 
thrown [d:\a\1\s\lookaside\java-17-openjdk\src\hotspot\share\prims\jni.cpp, line 1107]

VM Operations (20 events):
Event: 92.097 Executing VM operation: HandshakeAllThreads
Event: 92.098 Executing VM operation: HandshakeAllThreads done
Event: 92.204 Executing VM operation: HandshakeAllThreads
Event: 92.204 Executing VM operation: HandshakeAllThreads done
Event: 92.214 Executing VM operation: HandshakeAllThreads
Event: 92.214 Executing VM operation: HandshakeAllThreads done
Event: 92.396 Executing VM operation: ICBufferFull
Event: 92.396 Executing VM operation: ICBufferFull done
Event: 92.531 Executing VM operation: ICBufferFull
Event: 92.531 Executing VM operation: ICBufferFull done
Event: 92.613 Executing VM operation: HandshakeAllThreads
Event: 92.613 Executing VM operation: HandshakeAllThreads done
Event: 92.756 Executing VM operation: ICBufferFull
Event: 92.780 Executing VM operation: ICBufferFull done
Event: 92.880 Executing VM operation: HandshakeAllThreads
Event: 92.881 Executing VM operation: HandshakeAllThreads done
Event: 92.882 Executing VM operation: HandshakeAllThreads
Event: 92.882 Executing VM operation: HandshakeAllThreads done
Event: 92.889 Executing VM operation: G1CollectForAllocation
Event: 92.902 Executing VM operation: G1CollectForAllocation done

Events (20 events):
Event: 92.919 loading class java/io/ObjectStreamClass$FieldReflectorKey
Event: 92.920 loading class java/io/ObjectStreamClass$FieldReflectorKey done
Event: 92.920 loading class java/io/ObjectStreamClass$FieldReflector
Event: 92.920 loading class java/io/ObjectStreamClass$FieldReflector done
Event: 92.921 loading class java/io/ObjectStreamClass$1
Event: 92.921 loading class java/io/ObjectStreamClass$1 done
Event: 92.921 loading class java/io/ObjectStreamClass$MemberSignature
Event: 92.921 loading class java/io/ObjectStreamClass$MemberSignature done
Event: 92.921 loading class java/io/ObjectStreamClass$3
Event: 92.922 loading class java/io/ObjectStreamClass$3 done
Event: 92.922 loading class java/io/ObjectStreamClass$4
Event: 92.922 loading class java/io/ObjectStreamClass$4 done
Event: 92.922 loading class java/io/ObjectStreamClass$5
Event: 92.922 loading class java/io/ObjectStreamClass$5 done
Event: 92.922 loading class java/io/ObjectStreamClass$ClassDataSlot
Event: 92.922 loading class java/io/ObjectStreamClass$ClassDataSlot done
Event: 92.924 loading class jdk/internal/reflect/UnsafeQualifiedStaticLongFieldAccessorImpl
Event: 92.924 loading class jdk/internal/reflect/UnsafeQualifiedStaticLongFieldAccessorImpl done
Event: 92.926 loading class java/io/SerialCallbackContext
Event: 92.926 loading class java/io/SerialCallbackContext done


Dynamic libraries:
0x00007ff7a7fe0000 - 0x00007ff7a8001000 	C:\env\jdk\openjdk-17.0.3.0.6-1\bin\java.exe
0x00007ffc95430000 - 0x00007ffc95647000 	C:\WINDOWS\SYSTEM32\ntdll.dll
0x00007ffc93cf0000 - 0x00007ffc93db4000 	C:\WINDOWS\System32\KERNEL32.DLL
0x00007ffc92b80000 - 0x00007ffc92f26000 	C:\WINDOWS\System32\KERNELBASE.dll
0x00007ffc92770000 - 0x00007ffc92881000 	C:\WINDOWS\System32\ucrtbase.dll
0x00007ffc7bcc0000 - 0x00007ffc7bcd8000 	C:\env\jdk\openjdk-17.0.3.0.6-1\bin\jli.dll
0x00007ffc947b0000 - 0x00007ffc9495e000 	C:\WINDOWS\System32\USER32.dll
0x00007ffc930a0000 - 0x00007ffc930c6000 	C:\WINDOWS\System32\win32u.dll
0x00007ffc93460000 - 0x00007ffc93489000 	C:\WINDOWS\System32\GDI32.dll
0x00007ffc92950000 - 0x00007ffc92a68000 	C:\WINDOWS\System32\gdi32full.dll
0x00007ffc7c580000 - 0x00007ffc7c59b000 	C:\env\jdk\openjdk-17.0.3.0.6-1\bin\VCRUNTIME140.dll
0x00007ffc92a70000 - 0x00007ffc92b0a000 	C:\WINDOWS\System32\msvcp_win.dll
0x00007ffc7d420000 - 0x00007ffc7d6b3000 	C:\WINDOWS\WinSxS\amd64_microsoft.windows.common-controls_6595b64144ccf1df_6.0.22621.2506_none_270c5ae97388e100\COMCTL32.dll
0x00007ffc931e0000 - 0x00007ffc93287000 	C:\WINDOWS\System32\msvcrt.dll
0x00007ffc93180000 - 0x00007ffc931b1000 	C:\WINDOWS\System32\IMM32.DLL
0x00007ffc87100000 - 0x00007ffc8710c000 	C:\env\jdk\openjdk-17.0.3.0.6-1\bin\vcruntime140_1.dll
0x00007ffc53780000 - 0x00007ffc5380d000 	C:\env\jdk\openjdk-17.0.3.0.6-1\bin\msvcp140.dll
0x00007ffbcff00000 - 0x00007ffbd0b5f000 	C:\env\jdk\openjdk-17.0.3.0.6-1\bin\server\jvm.dll
0x00007ffc95330000 - 0x00007ffc953e3000 	C:\WINDOWS\System32\ADVAPI32.dll
0x00007ffc933b0000 - 0x00007ffc93458000 	C:\WINDOWS\System32\sechost.dll
0x00007ffc930d0000 - 0x00007ffc930f8000 	C:\WINDOWS\System32\bcrypt.dll
0x00007ffc94d00000 - 0x00007ffc94e17000 	C:\WINDOWS\System32\RPCRT4.dll
0x00007ffc93340000 - 0x00007ffc93348000 	C:\WINDOWS\System32\PSAPI.DLL
0x00007ffc8cc90000 - 0x00007ffc8cc99000 	C:\WINDOWS\SYSTEM32\WSOCK32.dll
0x00007ffc94ed0000 - 0x00007ffc94f41000 	C:\WINDOWS\System32\WS2_32.dll
0x00007ffc88eb0000 - 0x00007ffc88ee4000 	C:\WINDOWS\SYSTEM32\WINMM.dll
0x00007ffc85b50000 - 0x00007ffc85b5a000 	C:\WINDOWS\SYSTEM32\VERSION.dll
0x00007ffc91820000 - 0x00007ffc91838000 	C:\WINDOWS\SYSTEM32\kernel.appcore.dll
0x00007ffc86420000 - 0x00007ffc8642a000 	C:\env\jdk\openjdk-17.0.3.0.6-1\bin\jimage.dll
0x00007ffc900a0000 - 0x00007ffc902d3000 	C:\WINDOWS\SYSTEM32\DBGHELP.DLL
0x00007ffc94f50000 - 0x00007ffc952d9000 	C:\WINDOWS\System32\combase.dll
0x00007ffc93e20000 - 0x00007ffc93ef7000 	C:\WINDOWS\System32\OLEAUT32.dll
0x00007ffc756e0000 - 0x00007ffc75712000 	C:\WINDOWS\SYSTEM32\dbgcore.DLL
0x00007ffc93100000 - 0x00007ffc9317a000 	C:\WINDOWS\System32\bcryptPrimitives.dll
0x00007ffc7b790000 - 0x00007ffc7b79e000 	C:\env\jdk\openjdk-17.0.3.0.6-1\bin\instrument.dll
0x00007ffc7b950000 - 0x00007ffc7b975000 	C:\env\jdk\openjdk-17.0.3.0.6-1\bin\java.dll
0x00007ffc4ee30000 - 0x00007ffc4ef07000 	C:\env\jdk\openjdk-17.0.3.0.6-1\bin\jsvml.dll
0x00007ffc93490000 - 0x00007ffc93ceb000 	C:\WINDOWS\System32\SHELL32.dll
0x00007ffc90680000 - 0x00007ffc90f76000 	C:\WINDOWS\SYSTEM32\windows.storage.dll
0x00007ffc90540000 - 0x00007ffc9067e000 	C:\WINDOWS\SYSTEM32\wintypes.dll
0x00007ffc946b0000 - 0x00007ffc947a3000 	C:\WINDOWS\System32\SHCORE.dll
0x00007ffc93f00000 - 0x00007ffc93f5e000 	C:\WINDOWS\System32\shlwapi.dll
0x00007ffc926a0000 - 0x00007ffc926c6000 	C:\WINDOWS\SYSTEM32\profapi.dll
0x00007ffc7adb0000 - 0x00007ffc7adc8000 	C:\env\jdk\openjdk-17.0.3.0.6-1\bin\zip.dll
0x00007ffc7b7d0000 - 0x00007ffc7b7e9000 	C:\env\jdk\openjdk-17.0.3.0.6-1\bin\net.dll
0x00007ffc8a600000 - 0x00007ffc8a737000 	C:\WINDOWS\SYSTEM32\WINHTTP.dll
0x00007ffc91d20000 - 0x00007ffc91d89000 	C:\WINDOWS\system32\mswsock.dll
0x00007ffc7b270000 - 0x00007ffc7b286000 	C:\env\jdk\openjdk-17.0.3.0.6-1\bin\nio.dll
0x00007ffc7bc60000 - 0x00007ffc7bc70000 	C:\env\jdk\openjdk-17.0.3.0.6-1\bin\verify.dll
0x00007ffc6cdc0000 - 0x00007ffc6cde7000 	C:\Users\Playdata\.gradle\native\c067742578af261105cb4f569cf0c3c89f3d7b1fecec35dd04571415982c5e48\windows-amd64\native-platform.dll
0x00007ffc51a40000 - 0x00007ffc51b84000 	C:\Users\Playdata\.gradle\native\38dada09dfb8b06ba9b0570ebf7e218e3eb74d4ef43ca46872605cf95ebc2f47\windows-amd64\native-platform-file-events.dll
0x00007ffc7b1c0000 - 0x00007ffc7b1c9000 	C:\env\jdk\openjdk-17.0.3.0.6-1\bin\management.dll
0x00007ffc7aca0000 - 0x00007ffc7acab000 	C:\env\jdk\openjdk-17.0.3.0.6-1\bin\management_ext.dll
0x00007ffc91f70000 - 0x00007ffc91f8b000 	C:\WINDOWS\SYSTEM32\CRYPTSP.dll
0x00007ffc91780000 - 0x00007ffc917b5000 	C:\WINDOWS\system32\rsaenh.dll
0x00007ffc91e10000 - 0x00007ffc91e3c000 	C:\WINDOWS\SYSTEM32\USERENV.dll
0x00007ffc91f90000 - 0x00007ffc91f9c000 	C:\WINDOWS\SYSTEM32\CRYPTBASE.dll
0x00007ffc91230000 - 0x00007ffc9125d000 	C:\WINDOWS\SYSTEM32\IPHLPAPI.DLL
0x00007ffc94060000 - 0x00007ffc94069000 	C:\WINDOWS\System32\NSI.dll
0x00007ffc8a530000 - 0x00007ffc8a549000 	C:\WINDOWS\SYSTEM32\dhcpcsvc6.DLL
0x00007ffc8a4e0000 - 0x00007ffc8a4ff000 	C:\WINDOWS\SYSTEM32\dhcpcsvc.DLL
0x00007ffc91260000 - 0x00007ffc91359000 	C:\WINDOWS\SYSTEM32\DNSAPI.dll
0x00007ffc7b260000 - 0x00007ffc7b26d000 	C:\env\jdk\openjdk-17.0.3.0.6-1\bin\sunmscapi.dll
0x00007ffc92f30000 - 0x00007ffc93096000 	C:\WINDOWS\System32\CRYPT32.dll
0x00007ffc92130000 - 0x00007ffc9215e000 	C:\WINDOWS\SYSTEM32\ncrypt.dll
0x00007ffc920f0000 - 0x00007ffc92127000 	C:\WINDOWS\SYSTEM32\NTASN1.dll
0x00007ffc117a0000 - 0x00007ffc117a8000 	C:\WINDOWS\system32\wshunix.dll

dbghelp: loaded successfully - version: 4.0.5 - missing functions: none
symbol engine: initialized successfully - sym options: 0x614 - pdb path: .;C:\env\jdk\openjdk-17.0.3.0.6-1\bin;C:\WINDOWS\SYSTEM32;C:\WINDOWS\WinSxS\amd64_microsoft.windows.common-controls_6595b64144ccf1df_6.0.22621.2506_none_270c5ae97388e100;C:\env\jdk\openjdk-17.0.3.0.6-1\bin\server;C:\Users\Playdata\.gradle\native\c067742578af261105cb4f569cf0c3c89f3d7b1fecec35dd04571415982c5e48\windows-amd64;C:\Users\Playdata\.gradle\native\38dada09dfb8b06ba9b0570ebf7e218e3eb74d4ef43ca46872605cf95ebc2f47\windows-amd64

VM Arguments:
jvm_args: --add-opens=java.base/java.util=ALL-UNNAMED --add-opens=java.base/java.lang=ALL-UNNAMED --add-opens=java.base/java.lang.invoke=ALL-UNNAMED --add-opens=java.prefs/java.util.prefs=ALL-UNNAMED --add-opens=java.base/java.nio.charset=ALL-UNNAMED --add-opens=java.base/java.net=ALL-UNNAMED --add-opens=java.base/java.util.concurrent.atomic=ALL-UNNAMED -XX:MaxMetaspaceSize=384m -XX:+HeapDumpOnOutOfMemoryError -Xms256m -Xmx512m -Dfile.encoding=UTF-8 -Duser.country=KR -Duser.language=ko -Duser.variant -javaagent:C:\Users\Playdata\.gradle\wrapper\dists\gradle-8.5-bin\5t9huq95ubn472n8rpzujfbqh\gradle-8.5\lib\agents\gradle-instrumentation-agent-8.5.jar 
java_command: org.gradle.launcher.daemon.bootstrap.GradleDaemon 8.5
java_class_path (initial): C:\Users\Playdata\.gradle\wrapper\dists\gradle-8.5-bin\5t9huq95ubn472n8rpzujfbqh\gradle-8.5\lib\gradle-launcher-8.5.jar
Launcher Type: SUN_STANDARD

[Global flags]
     intx CICompilerCount                          = 4                                         {product} {ergonomic}
   size_t CompressedClassSpaceSize                 = 322961408                                 {product} {ergonomic}
     uint ConcGCThreads                            = 2                                         {product} {ergonomic}
     uint G1ConcRefinementThreads                  = 8                                         {product} {ergonomic}
   size_t G1HeapRegionSize                         = 1048576                                   {product} {ergonomic}
    uintx GCDrainStackTargetSize                   = 64                                        {product} {ergonomic}
     bool HeapDumpOnOutOfMemoryError               = true                                   {manageable} {command line}
   size_t InitialHeapSize                          = 268435456                                 {product} {command line}
   size_t MarkStackSize                            = 4194304                                   {product} {ergonomic}
   size_t MaxHeapSize                              = 536870912                                 {product} {command line}
   size_t MaxMetaspaceSize                         = 402653184                                 {product} {command line}
   size_t MaxNewSize                               = 321912832                                 {product} {ergonomic}
   size_t MinHeapDeltaBytes                        = 1048576                                   {product} {ergonomic}
   size_t MinHeapSize                              = 268435456                                 {product} {command line}
    uintx NonNMethodCodeHeapSize                   = 5839372                                {pd product} {ergonomic}
    uintx NonProfiledCodeHeapSize                  = 122909434                              {pd product} {ergonomic}
    uintx ProfiledCodeHeapSize                     = 122909434                              {pd product} {ergonomic}
    uintx ReservedCodeCacheSize                    = 251658240                              {pd product} {ergonomic}
     bool SegmentedCodeCache                       = true                                      {product} {ergonomic}
   size_t SoftMaxHeapSize                          = 536870912                              {manageable} {ergonomic}
     bool UseCompressedClassPointers               = true                           {product lp64_product} {ergonomic}
     bool UseCompressedOops                        = true                           {product lp64_product} {ergonomic}
     bool UseG1GC                                  = true                                      {product} {ergonomic}
     bool UseLargePagesIndividualAllocation        = false                                  {pd product} {ergonomic}

Logging:
Log output configuration:
 #0: stdout all=warning uptime,level,tags
 #1: stderr all=off uptime,level,tags

Environment Variables:
JAVA_HOME=C:\env\jdk\openjdk-17.0.3.0.6-1
PATH=C:\env\jdk\openjdk-17.0.3.0.6-1\bin;C:\WINDOWS\system32;C:\WINDOWS;C:\WINDOWS\System32\Wbem;C:\WINDOWS\System32\WindowsPowerShell\v1.0\;C:\WINDOWS\System32\OpenSSH\;C:\Program Files\Git\cmd;C:\Program Files\Bandizip\;C:\Program Files\ojdkbuild\java-17-openjdk-17.0.3.0.6-1\bin;C:\Users\Playdata\AppData\Local\Packages\PythonSoftwareFoundation.Python.3.11_qbz5n2kfra8p0\LocalCache\local-packages\Python311\Scripts;C:\Users\Playdata\AppData\Local\Microsoft\WindowsApps;C:\Users\Playdata\AppData\Local\Programs\Microsoft VS Code\bin;C:\Program Files\JetBrains\IntelliJ IDEA 2023.3.2\bin;;C:\Users\Playdata\AppData\Local\Packages\PythonSoftwareFoundation.Python.3.11_qbz5n2kfra8p0\LocalCache\local-packages\Python311\Scripts;
USERNAME=Playdata
OS=Windows_NT
PROCESSOR_IDENTIFIER=Intel64 Family 6 Model 140 Stepping 1, GenuineIntel



---------------  S Y S T E M  ---------------

OS:
 Windows 11 , 64 bit Build 22621 (10.0.22621.3085)
OS uptime: 6 days 12:32 hours
Hyper-V role detected

CPU: total 8 (initial active 8) (4 cores per cpu, 2 threads per core) family 6 model 140 stepping 1 microcode 0x8a, cx8, cmov, fxsr, ht, mmx, 3dnowpref, sse, sse2, sse3, ssse3, sse4.1, sse4.2, popcnt, lzcnt, tsc, tscinvbit, avx, avx2, aes, erms, clmul, bmi1, bmi2, adx, avx512f, avx512dq, avx512cd, avx512bw, avx512vl, sha, fma, vzeroupper, avx512_vpopcntdq, avx512_vpclmulqdq, avx512_vaes, avx512_vnni, clflush, clflushopt, clwb, avx512_vbmi2, avx512_vbmi, hv

Memory: 4k page, system-wide physical 16107M (121M free)
TotalPageFile size 43750M (AvailPageFile size 4M)
current process WorkingSet (physical memory assigned to process): 371M, peak: 371M
current process commit charge ("private bytes"): 468M, peak: 493M

vm_info: OpenJDK 64-Bit Server VM (17.0.3+6-LTS) for windows-amd64 JRE (17.0.3+6-LTS), built on May  3 2022 21:26:56 by "" with MS VC++ 16.10 / 16.11 (VS2019)

END.
